<?xml version="1.0" encoding="UTF-8"?>
<!-- Generated by org.testng.reporters.JUnitXMLReporter -->
<testsuite hostname="Fariz-PC" ignored="18" name="Test Photos Section Complete" tests="28" failures="0" timestamp="2021-02-01T15:05:35 PKT" time="0.136" errors="0">
  <testcase name="@BeforeSuite setup" time="600.809" classname="Pages.BaseClass">
    <failure type="org.openqa.selenium.SessionNotCreatedException" message="Unable to create a new remote session. Please check the server log for more details. Original error: session not created (Call to lock device failed) 
Command duration or timeout: 600.11 seconds
Build info: version: &amp;apos;3.141.59&amp;apos;, revision: &amp;apos;e82be7d358&amp;apos;, time: &amp;apos;2018-11-14T08:17:03&amp;apos;
System info: host: &amp;apos;FARIZ-PC&amp;apos;, ip: &amp;apos;192.168.79.1&amp;apos;, os.name: &amp;apos;Windows 10&amp;apos;, os.arch: &amp;apos;amd64&amp;apos;, os.version: &amp;apos;10.0&amp;apos;, java.version: &amp;apos;1.8.0_271&amp;apos;
Driver info: driver.version: AndroidDriver">
      <![CDATA[org.openqa.selenium.SessionNotCreatedException: Unable to create a new remote session. Please check the server log for more details. Original error: session not created (Call to lock device failed) 
Command duration or timeout: 600.11 seconds
Build info: version: '3.141.59', revision: 'e82be7d358', time: '2018-11-14T08:17:03'
System info: host: 'FARIZ-PC', ip: '192.168.79.1', os.name: 'Windows 10', os.arch: 'amd64', os.version: '10.0', java.version: '1.8.0_271'
Driver info: driver.version: AndroidDriver
at io.appium.java_client.remote.AppiumCommandExecutor$1.createSession(AppiumCommandExecutor.java:216)
at io.appium.java_client.remote.AppiumCommandExecutor.createSession(AppiumCommandExecutor.java:225)
at io.appium.java_client.remote.AppiumCommandExecutor.execute(AppiumCommandExecutor.java:247)
at org.openqa.selenium.remote.RemoteWebDriver.execute(RemoteWebDriver.java:552)
at io.appium.java_client.DefaultGenericMobileDriver.execute(DefaultGenericMobileDriver.java:41)
at io.appium.java_client.AppiumDriver.execute(AppiumDriver.java:1)
at io.appium.java_client.android.AndroidDriver.execute(AndroidDriver.java:1)
at org.openqa.selenium.remote.RemoteWebDriver.startSession(RemoteWebDriver.java:213)
at io.appium.java_client.AppiumDriver.startSession(AppiumDriver.java:338)
at org.openqa.selenium.remote.RemoteWebDriver.<init>(RemoteWebDriver.java:131)
at io.appium.java_client.DefaultGenericMobileDriver.<init>(DefaultGenericMobileDriver.java:37)
at io.appium.java_client.AppiumDriver.<init>(AppiumDriver.java:89)
at io.appium.java_client.AppiumDriver.<init>(AppiumDriver.java:99)
at io.appium.java_client.android.AndroidDriver.<init>(AndroidDriver.java:96)
at Pages.BaseClass.setup(BaseClass.java:35)
at io.appium.java_client.remote.AppiumCommandExecutor$1.createSession(AppiumCommandExecutor.java:193)
... 33 more
Caused by: org.openqa.selenium.SessionNotCreatedException: session not created (Call to lock device failed) 
Command duration or timeout: 600.11 seconds
at org.openqa.selenium.remote.ErrorHandler.createThrowable(ErrorHandler.java:214)
at org.openqa.selenium.remote.ErrorHandler.throwIfResponseFailed(ErrorHandler.java:166)
at org.openqa.selenium.remote.JsonWireProtocolResponse.lambda$errorHandler$0(JsonWireProtocolResponse.java:54)
at org.openqa.selenium.remote.HandshakeResponse.lambda$getResponseFunction$0(HandshakeResponse.java:30)
at org.openqa.selenium.remote.ProtocolHandshake.lambda$createSession$0(ProtocolHandshake.java:126)
at java.util.stream.ReferencePipeline$3$1.accept(Unknown Source)
at java.util.Spliterators$ArraySpliterator.tryAdvance(Unknown Source)
at java.util.stream.ReferencePipeline.forEachWithCancel(Unknown Source)
at java.util.stream.AbstractPipeline.copyIntoWithCancel(Unknown Source)
at java.util.stream.AbstractPipeline.copyInto(Unknown Source)
at java.util.stream.AbstractPipeline.wrapAndCopyInto(Unknown Source)
at java.util.stream.FindOps$FindOp.evaluateSequential(Unknown Source)
at java.util.stream.AbstractPipeline.evaluate(Unknown Source)
at java.util.stream.ReferencePipeline.findFirst(Unknown Source)
at org.openqa.selenium.remote.ProtocolHandshake.createSession(ProtocolHandshake.java:128)
... 38 more
Caused by: org.openqa.selenium.SessionNotCreatedException: session not created (Call to lock device failed) 
Build info: version: '3.141.59', revision: 'e82be7d358', time: '2018-11-14T08:17:03'
System info: host: 'FARIZ-PC', ip: '192.168.79.1', os.name: 'Windows 10', os.arch: 'amd64', os.version: '10.0', java.version: '1.8.0_271'
Driver info: driver.version: unknown
at java.util.concurrent.FutureTask.get(FutureTask.java:205)
at com.experitest.image.agent.appium.http.AppiumInitSessionCommandHandler.handle(AppiumInitSessionCommandHandler.java:120)
at org.restlet.routing.Filter.doHandle(Filter.java:150)
at org.restlet.routing.Filter.handle(Filter.java:197)
at org.restlet.routing.Router.doHandle(Router.java:422)
at org.restlet.routing.Router.handle(Router.java:641)
at org.restlet.routing.Filter.doHandle(Filter.java:150)
at org.restlet.routing.Filter.handle(Filter.java:197)
at org.restlet.routing.Router.doHandle(Router.java:422)
at org.restlet.routing.Router.handle(Router.java:641)
at org.restlet.routing.Filter.doHandle(Filter.java:150)
at org.restlet.routing.Filter.handle(Filter.java:197)
at org.restlet.routing.Router.doHandle(Router.java:422)
at org.restlet.routing.Router.handle(Router.java:641)
at org.restlet.routing.Filter.doHandle(Filter.java:150)
at org.restlet.engine.application.StatusFilter.doHandle(StatusFilter.java:140)
at org.restlet.routing.Filter.handle(Filter.java:197)
at org.restlet.routing.Filter.doHandle(Filter.java:150)
at org.restlet.routing.Filter.handle(Filter.java:197)
at org.restlet.engine.CompositeHelper.handle(CompositeHelper.java:202)
at org.restlet.Component.handle(Component.java:408)
at org.restlet.Server.handle(Server.java:507)
at org.restlet.engine.connector.ServerHelper.handle(ServerHelper.java:63)
at org.restlet.engine.adapter.HttpServerHelper.handle(HttpServerHelper.java:143)
at org.restlet.engine.connector.HttpServerHelper$1.handle(HttpServerHelper.java:64)
at com.sun.net.httpserver.Filter$Chain.doFilter(Filter.java:79)
at sun.net.httpserver.AuthFilter.doFilter(AuthFilter.java:83)
at com.sun.net.httpserver.Filter$Chain.doFilter(Filter.java:82)
at sun.net.httpserver.ServerImpl$Exchange$LinkHandler.handle(ServerImpl.java:675)
at com.sun.net.httpserver.Filter$Chain.doFilter(Filter.java:79)
at sun.net.httpserver.ServerImpl$Exchange.run(ServerImpl.java:647)
at java.util.concurrent.ThreadPoolExecutor.runWorker(ThreadPoolExecutor.java:1149)
at java.util.concurrent.ThreadPoolExecutor$Worker.run(ThreadPoolExecutor.java:624)
at java.lang.Thread.run(Thread.java:748)
... Removed 28 stack frames]]>
    </failure>
  </testcase> <!-- @BeforeSuite setup -->
  <testcase name="validate_pin_working_correct" time="0.0" classname="test.PhotosSection.TestLoginWithPin">
    <skipped/>
  </testcase> <!-- validate_pin_working_correct -->
  <testcase name="validate_ratingPopUpSkiped" time="0.0" classname="test.PhotosSection.TestLoginWithPin">
    <skipped/>
  </testcase> <!-- validate_ratingPopUpSkiped -->
  <testcase name="validate_DashboardApear_Correct" time="0.0" classname="test.PhotosSection.TestLoginWithPin">
    <skipped/>
  </testcase> <!-- validate_DashboardApear_Correct -->
  <testcase name="validate_ClickOnPhotosSection" time="0.0" classname="test.PhotosSection.TestOpenPhotos">
    <skipped/>
  </testcase> <!-- validate_ClickOnPhotosSection -->
  <testcase name="validate_TutorialPopUpSkipped" time="0.0" classname="test.PhotosSection.TestOpenPhotos">
    <skipped/>
  </testcase> <!-- validate_TutorialPopUpSkipped -->
  <testcase name="validate_PhotosPageTitle_correct" time="0.0" classname="test.PhotosSection.TestOpenPhotos">
    <skipped/>
  </testcase> <!-- validate_PhotosPageTitle_correct -->
  <testcase name="validate_NewFolderCreated" time="0.0" classname="test.PhotosSection.TestEditAlbum">
    <skipped/>
  </testcase> <!-- validate_NewFolderCreated -->
  <testcase name="clickOnEditAlbum" time="0.0" classname="test.PhotosSection.TestEditAlbum">
    <skipped/>
  </testcase> <!-- clickOnEditAlbum -->
  <testcase name="varify_AlbumRenameWorking" time="0.0" classname="test.PhotosSection.TestEditAlbum">
    <skipped/>
  </testcase> <!-- varify_AlbumRenameWorking -->
  <testcase name="varify_AlbumDeleteWorking" time="0.0" classname="test.PhotosSection.TestEditAlbum">
    <skipped/>
  </testcase> <!-- varify_AlbumDeleteWorking -->
  <testcase name="validate_NewFolderCreated" time="0.0" classname="test.PhotosSection.TestCreateNewAlbum">
    <skipped/>
  </testcase> <!-- validate_NewFolderCreated -->
  <testcase name="validate_FolderIsOpen" time="0.0" classname="test.PhotosSection.TestCreateNewAlbum">
    <skipped/>
  </testcase> <!-- validate_FolderIsOpen -->
  <testcase name="validate_FolderTitle_correct" time="0.0" classname="test.PhotosSection.TestCreateNewAlbum">
    <skipped/>
  </testcase> <!-- validate_FolderTitle_correct -->
  <testcase name="validate_PlusButton_Working" time="0.0" classname="test.PhotosSection.TestOpenGallery">
    <skipped/>
  </testcase> <!-- validate_PlusButton_Working -->
  <testcase name="validate_ImportFromGalleryBtn_Working" time="0.0" classname="test.PhotosSection.TestOpenGallery">
    <skipped/>
  </testcase> <!-- validate_ImportFromGalleryBtn_Working -->
  <testcase name="validate_GalleryTitle_Correct" time="0.0" classname="test.PhotosSection.TestOpenGallery">
    <skipped/>
  </testcase> <!-- validate_GalleryTitle_Correct -->
  <testcase name="validate_ImagesFoundOnDevice" time="0.0" classname="test.PhotosSection.TestOpenGallery">
    <skipped/>
  </testcase> <!-- validate_ImagesFoundOnDevice -->
  <testcase name="validate_ImageFolder_Open" time="0.0" classname="test.PhotosSection.TestOpenGallery">
    <skipped/>
  </testcase> <!-- validate_ImageFolder_Open -->
  <testcase name="Validate_CountImages" time="0.0" classname="test.PhotosSection.TestVerifyHidePhotos">
    <skipped/>
  </testcase> <!-- Validate_CountImages -->
  <testcase name="Validate_ImagesSelected" time="0.0" classname="test.PhotosSection.TestVerifyHidePhotos">
    <skipped/>
  </testcase> <!-- Validate_ImagesSelected -->
  <testcase name="Validate_HideButton_working" time="0.0" classname="test.PhotosSection.TestVerifyHidePhotos">
    <skipped/>
  </testcase> <!-- Validate_HideButton_working -->
  <testcase name="Validate_All_ImagesUpladed" time="0.0" classname="test.PhotosSection.TestVerifyHidePhotos">
    <skipped/>
  </testcase> <!-- Validate_All_ImagesUpladed -->
  <testcase name="VerifyImageSelected" time="0.0" classname="test.PhotosSection.TestDeletePhotos">
    <skipped/>
  </testcase> <!-- VerifyImageSelected -->
  <testcase name="VeryDeletePhotosBtn_working" time="0.0" classname="test.PhotosSection.TestDeletePhotos">
    <skipped/>
  </testcase> <!-- VeryDeletePhotosBtn_working -->
  <testcase name="verify_MediaSelectedToUnhide" time="0.0" classname="test.PhotosSection.TestUnhidePhotos">
    <skipped/>
  </testcase> <!-- verify_MediaSelectedToUnhide -->
  <testcase name="verify_UnhideBtnWorking" time="0.0" classname="test.PhotosSection.TestUnhidePhotos">
    <skipped/>
  </testcase> <!-- verify_UnhideBtnWorking -->
  <testcase name="CameraImport" time="0.0" classname="test.PhotosSection.TestImportPicFromCamera">
    <skipped/>
  </testcase> <!-- CameraImport -->
  <testcase name="pressBackButton" time="0.0" classname="test.PhotosSection.TestBackButton">
    <skipped/>
  </testcase> <!-- pressBackButton -->
  <testcase name="@AfterSuite tearDown" time="0.0" classname="Pages.BaseClass">
    <ignored/>
  </testcase> <!-- @AfterSuite tearDown -->
  <testcase name="@AfterSuite tearDown" time="0.0" classname="Pages.BaseClass">
    <ignored/>
  </testcase> <!-- @AfterSuite tearDown -->
  <testcase name="@AfterSuite tearDown" time="0.0" classname="Pages.BaseClass">
    <ignored/>
  </testcase> <!-- @AfterSuite tearDown -->
  <testcase name="@AfterSuite tearDown" time="0.0" classname="Pages.BaseClass">
    <ignored/>
  </testcase> <!-- @AfterSuite tearDown -->
  <testcase name="@AfterSuite tearDown" time="0.0" classname="Pages.BaseClass">
    <ignored/>
  </testcase> <!-- @AfterSuite tearDown -->
  <testcase name="@AfterSuite tearDown" time="0.0" classname="Pages.BaseClass">
    <ignored/>
  </testcase> <!-- @AfterSuite tearDown -->
  <testcase name="@AfterSuite tearDown" time="0.0" classname="Pages.BaseClass">
    <ignored/>
  </testcase> <!-- @AfterSuite tearDown -->
  <testcase name="@AfterSuite tearDown" time="0.0" classname="Pages.BaseClass">
    <ignored/>
  </testcase> <!-- @AfterSuite tearDown -->
  <testcase name="@AfterSuite tearDown" time="0.0" classname="Pages.BaseClass">
    <ignored/>
  </testcase> <!-- @AfterSuite tearDown -->
  <testcase name="@BeforeSuite setup" time="0.0" classname="Pages.BaseClass">
    <ignored/>
  </testcase> <!-- @BeforeSuite setup -->
  <testcase name="@BeforeSuite setup" time="0.0" classname="Pages.BaseClass">
    <ignored/>
  </testcase> <!-- @BeforeSuite setup -->
  <testcase name="@BeforeSuite setup" time="0.0" classname="Pages.BaseClass">
    <ignored/>
  </testcase> <!-- @BeforeSuite setup -->
  <testcase name="@BeforeSuite setup" time="0.0" classname="Pages.BaseClass">
    <ignored/>
  </testcase> <!-- @BeforeSuite setup -->
  <testcase name="@BeforeSuite setup" time="0.0" classname="Pages.BaseClass">
    <ignored/>
  </testcase> <!-- @BeforeSuite setup -->
  <testcase name="@BeforeSuite setup" time="0.0" classname="Pages.BaseClass">
    <ignored/>
  </testcase> <!-- @BeforeSuite setup -->
  <testcase name="@BeforeSuite setup" time="0.0" classname="Pages.BaseClass">
    <ignored/>
  </testcase> <!-- @BeforeSuite setup -->
  <testcase name="@BeforeSuite setup" time="0.0" classname="Pages.BaseClass">
    <ignored/>
  </testcase> <!-- @BeforeSuite setup -->
  <testcase name="@BeforeSuite setup" time="0.0" classname="Pages.BaseClass">
    <ignored/>
  </testcase> <!-- @BeforeSuite setup -->
</testsuite> <!-- Test Photos Section Complete -->
