<html>
<head>
<title>TestNG:  Test Photos Section Complete</title>
<link href="../testng.css" rel="stylesheet" type="text/css" />
<link href="../my-testng.css" rel="stylesheet" type="text/css" />

<style type="text/css">
.log { display: none;} 
.stack-trace { display: none;} 
</style>
<script type="text/javascript">
<!--
function flip(e) {
  current = e.style.display;
  if (current == 'block') {
    e.style.display = 'none';
    return 0;
  }
  else {
    e.style.display = 'block';
    return 1;
  }
}

function toggleBox(szDivId, elem, msg1, msg2)
{
  var res = -1;  if (document.getElementById) {
    res = flip(document.getElementById(szDivId));
  }
  else if (document.all) {
    // this is the way old msie versions work
    res = flip(document.all[szDivId]);
  }
  if(elem) {
    if(res == 0) elem.innerHTML = msg1; else elem.innerHTML = msg2;
  }

}

function toggleAllBoxes() {
  if (document.getElementsByTagName) {
    d = document.getElementsByTagName('div');
    for (i = 0; i < d.length; i++) {
      if (d[i].className == 'log') {
        flip(d[i]);
      }
    }
  }
}

// -->
</script>

</head>
<body>
<h2 align='center'>Test Photos Section Complete</h2><table border='1' align="center">
<tr>
<td>Tests passed/Failed/Skipped:</td><td>17/9/1</td>
</tr><tr>
<td>Started on:</td><td>Wed Feb 24 17:30:10 PKT 2021</td>
</tr>
<tr><td>Total time:</td><td>52 seconds (52102 ms)</td>
</tr><tr>
<td>Included groups:</td><td></td>
</tr><tr>
<td>Excluded groups:</td><td></td>
</tr>
</table><p/>
<small><i>(Hover the method name to see the test class name)</i></small><p/>
<table width='100%' border='1' class='invocation-failed'>
<tr><td colspan='4' align='center'><b>FAILED TESTS</b></td></tr>
<tr><td><b>Test method</b></td>
<td width="30%"><b>Exception</b></td>
<td width="10%"><b>Time (seconds)</b></td>
<td><b>Instance</b></td>
</tr>
<tr>
<td title='test.PhotosSection.TestVerifyHidePhotos.Validate_All_ImagesUpladed()'><b>Validate_All_ImagesUpladed</b><br>Test class: test.PhotosSection.TestVerifyHidePhotos<br/>
<a href="#Output-29275251" onClick='toggleBox("Output-29275251", this, "Show output", "Hide output");'>Show output</a>

<a href="#Output-29275251" onClick="toggleAllBoxes();">Show all outputs</a>
<div class='log' id="Output-29275251">
Click to see Screenshot<br/>
<a target="_blank" href=Wed_Feb_24_17_30_53_PKT_2021.jpg>Screenshot</a><br/>
<br><br/>
<br><br/>
<a target="_blank" href=Wed_Feb_24_17_30_53_PKT_2021.jpg><img src=Wed_Feb_24_17_30_53_PKT_2021.jpg height=200 width=200></img></a><br/>
</div>
</td>
<td><div><pre>org.openqa.selenium.NoSuchElementException: no such element (An element could not be located on the page using the given search parameters (CLASS_NAME=&apos;android.widget.GridView&apos;))  (WARNING: The server did not provide any stacktrace information)
Command duration or timeout: 0 milliseconds
For documentation on this error, please visit: https://www.seleniumhq.org/exceptions/no_such_element.html
Build info: version: &apos;3.141.59&apos;, revision: &apos;e82be7d358&apos;, time: &apos;2018-11-14T08:17:03&apos;
System info: host: &apos;FARIZ-PC&apos;, ip: &apos;192.168.79.1&apos;, os.name: &apos;Windows 10&apos;, os.arch: &apos;x86&apos;, os.version: &apos;10.0&apos;, java.version: &apos;1.8.0_112&apos;
Driver info: io.appium.java_client.android.AndroidDriver
Capabilities {app: C:\Users\Fariz Anjum\Deskto..., appActivity: .SplashActvity, appBuildVersion: , appPackage: com.newsoftwares.folderlock_v1, appReleaseVersion: , appiumVersion: 1.8.0, applicationClearData: false, autoAcceptAlerts: false, autoDismissAlerts: false, autoGrantPermissions: true, autoWebview: false, browserName: , commandTimeouts: 120000, desired: {app: C:\Users\Fariz Anjum\Deskto..., appActivity: .SplashActvity, appPackage: com.newsoftwares.folderlock_v1, autoGrantPermissions: true, browserName: , deviceName: SM-G950U, fullReset: false, noReset: true, platformName: Android, platformVersion: 9}, device.category: PHONE, device.majorVersion: 9, device.manufacture: Genymotion, device.model: Custom Phone, device.name: Custom Phone, device.os: Android, device.screenSize: 1080x2160, device.serialNumber: 192.168.79.105:5555, device.version: 9, deviceName: SM-G950U, deviceUDID: 192.168.79.105:5555, dontGoHomeOnQuit: false, dontStopAppOnReset: false, fullReset: false, install.only.for.update: false, installOnlyForUpdate: false, instrumentApp: false, javascriptEnabled: true, keystorePath: ~/.android/debug.keystore, locationServicesAuthorized: false, newSessionWaitTimeout: 600, noReset: true, platform: ANDROID, platformName: Android, platformVersion: 9, projectName: , reportDirectory: reports, reportFormat: xml, reportUrl: C:\Users\Fariz Anjum\appium..., reservationDuration: 240, takeScreenshots: true, test.type: Mobile, testName: mobile test 02/24/21 05:30 PM, udid: 192.168.79.105:5555, useKeystore: false, waitForDeviceTimeout: 120000}
Session ID: a1a7a9b7-84bc-441a-a32b-492519d1a50b
*** Element info: {Using=class name, value=android.widget.GridView}
	at org.openqa.selenium.remote.ErrorHandler.createThrowable(ErrorHandler.java:214)
	at org.openqa.selenium.remote.ErrorHandler.throwIfResponseFailed(ErrorHandler.java:166)
	at org.openqa.selenium.remote.http.JsonHttpResponseCodec.reconstructValue(JsonHttpResponseCodec.java:40)
	at org.openqa.selenium.remote.http.AbstractHttpResponseCodec.decode(AbstractHttpResponseCodec.java:80)
	at org.openqa.selenium.remote.http.AbstractHttpResponseCodec.decode(AbstractHttpResponseCodec.java:44)
	at org.openqa.selenium.remote.HttpCommandExecutor.execute(HttpCommandExecutor.java:158)
	at io.appium.java_client.remote.AppiumCommandExecutor.execute(AppiumCommandExecutor.java:247)
	at org.openqa.selenium.remote.RemoteWebDriver.execute(RemoteWebDriver.java:552)
	at io.appium.java_client.DefaultGenericMobileDriver.execute(DefaultGenericMobileDriver.java:41)
	at io.appium.java_client.AppiumDriver.execute(AppiumDriver.java:1)
	at io.appium.java_client.android.AndroidDriver.execute(AndroidDriver.java:1)
	at org.openqa.selenium.remote.RemoteWebDriver.findElement(RemoteWebDriver.java:323)
	at io.appium.java_client.DefaultGenericMobileDriver.findElement(DefaultGenericMobileDriver.java:61)
	at io.appium.java_client.AppiumDriver.findElement(AppiumDriver.java:1)
	at io.appium.java_client.android.AndroidDriver.findElement(AndroidDriver.java:1)
	at org.openqa.selenium.remote.RemoteWebDriver.findElementByClassName(RemoteWebDriver.java:412)
	at io.appium.java_client.DefaultGenericMobileDriver.findElementByClassName(DefaultGenericMobileDriver.java:125)
	at io.appium.java_client.AppiumDriver.findElementByClassName(AppiumDriver.java:1)
	at io.appium.java_client.android.AndroidDriver.findElementByClassName(AndroidDriver.java:1)
	at org.openqa.selenium.By$ByClassName.findElement(By.java:389)
	at org.openqa.selenium.remote.RemoteWebDriver.findElement(RemoteWebDriver.java:315)
	at io.appium.java_client.DefaultGenericMobileDriver.findElement(DefaultGenericMobileDriver.java:57)
	at io.appium.java_client.AppiumDriver.findElement(AppiumDriver.java:1)
	at io.appium.java_client.android.AndroidDriver.findElement(AndroidDriver.java:1)
	at org.openqa.selenium.support.pagefactory.DefaultElementLocator.findElement(DefaultElementLocator.java:69)
	at org.openqa.selenium.support.pagefactory.internal.LocatingElementHandler.invoke(LocatingElementHandler.java:38)
	at com.sun.proxy.$Proxy10.findElements(Unknown Source)
	at Pages.SelectMedia.countUploadedImages(SelectMedia.java:49)
	at test.PhotosSection.TestVerifyHidePhotos.Validate_All_ImagesUpladed(TestVerifyHidePhotos.java:47)
	at java.util.ArrayList.forEach(ArrayList.java:1249)
... Removed 31 stack frames</pre></div><a href='#' onClick='toggleBox("stack-trace29275251", this, "Click to show all stack frames", "Click to hide stack frames")'>Click to show all stack frames</a>
<div class='stack-trace' id='stack-trace29275251'><pre>org.openqa.selenium.NoSuchElementException: no such element (An element could not be located on the page using the given search parameters (CLASS_NAME=&apos;android.widget.GridView&apos;))  (WARNING: The server did not provide any stacktrace information)
Command duration or timeout: 0 milliseconds
For documentation on this error, please visit: https://www.seleniumhq.org/exceptions/no_such_element.html
Build info: version: &apos;3.141.59&apos;, revision: &apos;e82be7d358&apos;, time: &apos;2018-11-14T08:17:03&apos;
System info: host: &apos;FARIZ-PC&apos;, ip: &apos;192.168.79.1&apos;, os.name: &apos;Windows 10&apos;, os.arch: &apos;x86&apos;, os.version: &apos;10.0&apos;, java.version: &apos;1.8.0_112&apos;
Driver info: io.appium.java_client.android.AndroidDriver
Capabilities {app: C:\Users\Fariz Anjum\Deskto..., appActivity: .SplashActvity, appBuildVersion: , appPackage: com.newsoftwares.folderlock_v1, appReleaseVersion: , appiumVersion: 1.8.0, applicationClearData: false, autoAcceptAlerts: false, autoDismissAlerts: false, autoGrantPermissions: true, autoWebview: false, browserName: , commandTimeouts: 120000, desired: {app: C:\Users\Fariz Anjum\Deskto..., appActivity: .SplashActvity, appPackage: com.newsoftwares.folderlock_v1, autoGrantPermissions: true, browserName: , deviceName: SM-G950U, fullReset: false, noReset: true, platformName: Android, platformVersion: 9}, device.category: PHONE, device.majorVersion: 9, device.manufacture: Genymotion, device.model: Custom Phone, device.name: Custom Phone, device.os: Android, device.screenSize: 1080x2160, device.serialNumber: 192.168.79.105:5555, device.version: 9, deviceName: SM-G950U, deviceUDID: 192.168.79.105:5555, dontGoHomeOnQuit: false, dontStopAppOnReset: false, fullReset: false, install.only.for.update: false, installOnlyForUpdate: false, instrumentApp: false, javascriptEnabled: true, keystorePath: ~/.android/debug.keystore, locationServicesAuthorized: false, newSessionWaitTimeout: 600, noReset: true, platform: ANDROID, platformName: Android, platformVersion: 9, projectName: , reportDirectory: reports, reportFormat: xml, reportUrl: C:\Users\Fariz Anjum\appium..., reservationDuration: 240, takeScreenshots: true, test.type: Mobile, testName: mobile test 02/24/21 05:30 PM, udid: 192.168.79.105:5555, useKeystore: false, waitForDeviceTimeout: 120000}
Session ID: a1a7a9b7-84bc-441a-a32b-492519d1a50b
*** Element info: {Using=class name, value=android.widget.GridView}
	at sun.reflect.NativeConstructorAccessorImpl.newInstance0(Native Method)
	at sun.reflect.NativeConstructorAccessorImpl.newInstance(NativeConstructorAccessorImpl.java:62)
	at sun.reflect.DelegatingConstructorAccessorImpl.newInstance(DelegatingConstructorAccessorImpl.java:45)
	at java.lang.reflect.Constructor.newInstance(Constructor.java:423)
	at org.openqa.selenium.remote.ErrorHandler.createThrowable(ErrorHandler.java:214)
	at org.openqa.selenium.remote.ErrorHandler.throwIfResponseFailed(ErrorHandler.java:166)
	at org.openqa.selenium.remote.http.JsonHttpResponseCodec.reconstructValue(JsonHttpResponseCodec.java:40)
	at org.openqa.selenium.remote.http.AbstractHttpResponseCodec.decode(AbstractHttpResponseCodec.java:80)
	at org.openqa.selenium.remote.http.AbstractHttpResponseCodec.decode(AbstractHttpResponseCodec.java:44)
	at org.openqa.selenium.remote.HttpCommandExecutor.execute(HttpCommandExecutor.java:158)
	at io.appium.java_client.remote.AppiumCommandExecutor.execute(AppiumCommandExecutor.java:247)
	at org.openqa.selenium.remote.RemoteWebDriver.execute(RemoteWebDriver.java:552)
	at io.appium.java_client.DefaultGenericMobileDriver.execute(DefaultGenericMobileDriver.java:41)
	at io.appium.java_client.AppiumDriver.execute(AppiumDriver.java:1)
	at io.appium.java_client.android.AndroidDriver.execute(AndroidDriver.java:1)
	at org.openqa.selenium.remote.RemoteWebDriver.findElement(RemoteWebDriver.java:323)
	at io.appium.java_client.DefaultGenericMobileDriver.findElement(DefaultGenericMobileDriver.java:61)
	at io.appium.java_client.AppiumDriver.findElement(AppiumDriver.java:1)
	at io.appium.java_client.android.AndroidDriver.findElement(AndroidDriver.java:1)
	at org.openqa.selenium.remote.RemoteWebDriver.findElementByClassName(RemoteWebDriver.java:412)
	at io.appium.java_client.DefaultGenericMobileDriver.findElementByClassName(DefaultGenericMobileDriver.java:125)
	at io.appium.java_client.AppiumDriver.findElementByClassName(AppiumDriver.java:1)
	at io.appium.java_client.android.AndroidDriver.findElementByClassName(AndroidDriver.java:1)
	at org.openqa.selenium.By$ByClassName.findElement(By.java:389)
	at org.openqa.selenium.remote.RemoteWebDriver.findElement(RemoteWebDriver.java:315)
	at io.appium.java_client.DefaultGenericMobileDriver.findElement(DefaultGenericMobileDriver.java:57)
	at io.appium.java_client.AppiumDriver.findElement(AppiumDriver.java:1)
	at io.appium.java_client.android.AndroidDriver.findElement(AndroidDriver.java:1)
	at org.openqa.selenium.support.pagefactory.DefaultElementLocator.findElement(DefaultElementLocator.java:69)
	at org.openqa.selenium.support.pagefactory.internal.LocatingElementHandler.invoke(LocatingElementHandler.java:38)
	at com.sun.proxy.$Proxy10.findElements(Unknown Source)
	at Pages.SelectMedia.countUploadedImages(SelectMedia.java:49)
	at test.PhotosSection.TestVerifyHidePhotos.Validate_All_ImagesUpladed(TestVerifyHidePhotos.java:47)
	at sun.reflect.NativeMethodAccessorImpl.invoke0(Native Method)
	at sun.reflect.NativeMethodAccessorImpl.invoke(NativeMethodAccessorImpl.java:62)
	at sun.reflect.DelegatingMethodAccessorImpl.invoke(DelegatingMethodAccessorImpl.java:43)
	at java.lang.reflect.Method.invoke(Method.java:498)
	at org.testng.internal.MethodInvocationHelper.invokeMethod(MethodInvocationHelper.java:132)
	at org.testng.internal.TestInvoker.invokeMethod(TestInvoker.java:599)
	at org.testng.internal.TestInvoker.invokeTestMethod(TestInvoker.java:174)
	at org.testng.internal.MethodRunner.runInSequence(MethodRunner.java:46)
	at org.testng.internal.TestInvoker$MethodInvocationAgent.invoke(TestInvoker.java:822)
	at org.testng.internal.TestInvoker.invokeTestMethods(TestInvoker.java:147)
	at org.testng.internal.TestMethodWorker.invokeTestMethods(TestMethodWorker.java:146)
	at org.testng.internal.TestMethodWorker.run(TestMethodWorker.java:128)
	at java.util.ArrayList.forEach(ArrayList.java:1249)
	at org.testng.TestRunner.privateRun(TestRunner.java:764)
	at org.testng.TestRunner.run(TestRunner.java:585)
	at org.testng.SuiteRunner.runTest(SuiteRunner.java:384)
	at org.testng.SuiteRunner.runSequentially(SuiteRunner.java:378)
	at org.testng.SuiteRunner.privateRun(SuiteRunner.java:337)
	at org.testng.SuiteRunner.run(SuiteRunner.java:286)
	at org.testng.SuiteRunnerWorker.runSuite(SuiteRunnerWorker.java:53)
	at org.testng.SuiteRunnerWorker.run(SuiteRunnerWorker.java:96)
	at org.testng.TestNG.runSuitesSequentially(TestNG.java:1218)
	at org.testng.TestNG.runSuitesLocally(TestNG.java:1140)
	at org.testng.TestNG.runSuites(TestNG.java:1069)
	at org.testng.TestNG.run(TestNG.java:1037)
	at org.testng.remote.AbstractRemoteTestNG.run(AbstractRemoteTestNG.java:115)
	at org.testng.remote.RemoteTestNG.initAndRun(RemoteTestNG.java:251)
	at org.testng.remote.RemoteTestNG.main(RemoteTestNG.java:77)
</pre></div></td>
<td>1</td>
<td>test.PhotosSection.TestVerifyHidePhotos@1a49800</td></tr>
<tr>
<td title='test.PhotosSection.TestVerifyHidePhotos.Validate_CountImages()'><b>Validate_CountImages</b><br>Test class: test.PhotosSection.TestVerifyHidePhotos<br/>
<a href="#Output-6533248" onClick='toggleBox("Output-6533248", this, "Show output", "Hide output");'>Show output</a>

<a href="#Output-6533248" onClick="toggleAllBoxes();">Show all outputs</a>
<div class='log' id="Output-6533248">
Click to see Screenshot<br/>
<a target="_blank" href=Wed_Feb_24_17_30_50_PKT_2021.jpg>Screenshot</a><br/>
<br><br/>
<br><br/>
<a target="_blank" href=Wed_Feb_24_17_30_50_PKT_2021.jpg><img src=Wed_Feb_24_17_30_50_PKT_2021.jpg height=200 width=200></img></a><br/>
</div>
</td>
<td><div><pre>org.openqa.selenium.NoSuchElementException: no such element (An element could not be located on the page using the given search parameters (CLASS_NAME=&apos;android.widget.GridView&apos;))  (WARNING: The server did not provide any stacktrace information)
Command duration or timeout: 0 milliseconds
For documentation on this error, please visit: https://www.seleniumhq.org/exceptions/no_such_element.html
Build info: version: &apos;3.141.59&apos;, revision: &apos;e82be7d358&apos;, time: &apos;2018-11-14T08:17:03&apos;
System info: host: &apos;FARIZ-PC&apos;, ip: &apos;192.168.79.1&apos;, os.name: &apos;Windows 10&apos;, os.arch: &apos;x86&apos;, os.version: &apos;10.0&apos;, java.version: &apos;1.8.0_112&apos;
Driver info: io.appium.java_client.android.AndroidDriver
Capabilities {app: C:\Users\Fariz Anjum\Deskto..., appActivity: .SplashActvity, appBuildVersion: , appPackage: com.newsoftwares.folderlock_v1, appReleaseVersion: , appiumVersion: 1.8.0, applicationClearData: false, autoAcceptAlerts: false, autoDismissAlerts: false, autoGrantPermissions: true, autoWebview: false, browserName: , commandTimeouts: 120000, desired: {app: C:\Users\Fariz Anjum\Deskto..., appActivity: .SplashActvity, appPackage: com.newsoftwares.folderlock_v1, autoGrantPermissions: true, browserName: , deviceName: SM-G950U, fullReset: false, noReset: true, platformName: Android, platformVersion: 9}, device.category: PHONE, device.majorVersion: 9, device.manufacture: Genymotion, device.model: Custom Phone, device.name: Custom Phone, device.os: Android, device.screenSize: 1080x2160, device.serialNumber: 192.168.79.105:5555, device.version: 9, deviceName: SM-G950U, deviceUDID: 192.168.79.105:5555, dontGoHomeOnQuit: false, dontStopAppOnReset: false, fullReset: false, install.only.for.update: false, installOnlyForUpdate: false, instrumentApp: false, javascriptEnabled: true, keystorePath: ~/.android/debug.keystore, locationServicesAuthorized: false, newSessionWaitTimeout: 600, noReset: true, platform: ANDROID, platformName: Android, platformVersion: 9, projectName: , reportDirectory: reports, reportFormat: xml, reportUrl: C:\Users\Fariz Anjum\appium..., reservationDuration: 240, takeScreenshots: true, test.type: Mobile, testName: mobile test 02/24/21 05:30 PM, udid: 192.168.79.105:5555, useKeystore: false, waitForDeviceTimeout: 120000}
Session ID: a1a7a9b7-84bc-441a-a32b-492519d1a50b
*** Element info: {Using=class name, value=android.widget.GridView}
	at org.openqa.selenium.remote.ErrorHandler.createThrowable(ErrorHandler.java:214)
	at org.openqa.selenium.remote.ErrorHandler.throwIfResponseFailed(ErrorHandler.java:166)
	at org.openqa.selenium.remote.http.JsonHttpResponseCodec.reconstructValue(JsonHttpResponseCodec.java:40)
	at org.openqa.selenium.remote.http.AbstractHttpResponseCodec.decode(AbstractHttpResponseCodec.java:80)
	at org.openqa.selenium.remote.http.AbstractHttpResponseCodec.decode(AbstractHttpResponseCodec.java:44)
	at org.openqa.selenium.remote.HttpCommandExecutor.execute(HttpCommandExecutor.java:158)
	at io.appium.java_client.remote.AppiumCommandExecutor.execute(AppiumCommandExecutor.java:247)
	at org.openqa.selenium.remote.RemoteWebDriver.execute(RemoteWebDriver.java:552)
	at io.appium.java_client.DefaultGenericMobileDriver.execute(DefaultGenericMobileDriver.java:41)
	at io.appium.java_client.AppiumDriver.execute(AppiumDriver.java:1)
	at io.appium.java_client.android.AndroidDriver.execute(AndroidDriver.java:1)
	at org.openqa.selenium.remote.RemoteWebDriver.findElement(RemoteWebDriver.java:323)
	at io.appium.java_client.DefaultGenericMobileDriver.findElement(DefaultGenericMobileDriver.java:61)
	at io.appium.java_client.AppiumDriver.findElement(AppiumDriver.java:1)
	at io.appium.java_client.android.AndroidDriver.findElement(AndroidDriver.java:1)
	at org.openqa.selenium.remote.RemoteWebDriver.findElementByClassName(RemoteWebDriver.java:412)
	at io.appium.java_client.DefaultGenericMobileDriver.findElementByClassName(DefaultGenericMobileDriver.java:125)
	at io.appium.java_client.AppiumDriver.findElementByClassName(AppiumDriver.java:1)
	at io.appium.java_client.android.AndroidDriver.findElementByClassName(AndroidDriver.java:1)
	at org.openqa.selenium.By$ByClassName.findElement(By.java:389)
	at org.openqa.selenium.remote.RemoteWebDriver.findElement(RemoteWebDriver.java:315)
	at io.appium.java_client.DefaultGenericMobileDriver.findElement(DefaultGenericMobileDriver.java:57)
	at io.appium.java_client.AppiumDriver.findElement(AppiumDriver.java:1)
	at io.appium.java_client.android.AndroidDriver.findElement(AndroidDriver.java:1)
	at org.openqa.selenium.support.pagefactory.DefaultElementLocator.findElement(DefaultElementLocator.java:69)
	at org.openqa.selenium.support.pagefactory.internal.LocatingElementHandler.invoke(LocatingElementHandler.java:38)
	at com.sun.proxy.$Proxy10.findElements(Unknown Source)
	at Pages.SelectMedia.coutLibraryImages(SelectMedia.java:32)
	at test.PhotosSection.TestVerifyHidePhotos.Validate_CountImages(TestVerifyHidePhotos.java:22)
	at java.util.ArrayList.forEach(ArrayList.java:1249)
... Removed 31 stack frames</pre></div><a href='#' onClick='toggleBox("stack-trace6533248", this, "Click to show all stack frames", "Click to hide stack frames")'>Click to show all stack frames</a>
<div class='stack-trace' id='stack-trace6533248'><pre>org.openqa.selenium.NoSuchElementException: no such element (An element could not be located on the page using the given search parameters (CLASS_NAME=&apos;android.widget.GridView&apos;))  (WARNING: The server did not provide any stacktrace information)
Command duration or timeout: 0 milliseconds
For documentation on this error, please visit: https://www.seleniumhq.org/exceptions/no_such_element.html
Build info: version: &apos;3.141.59&apos;, revision: &apos;e82be7d358&apos;, time: &apos;2018-11-14T08:17:03&apos;
System info: host: &apos;FARIZ-PC&apos;, ip: &apos;192.168.79.1&apos;, os.name: &apos;Windows 10&apos;, os.arch: &apos;x86&apos;, os.version: &apos;10.0&apos;, java.version: &apos;1.8.0_112&apos;
Driver info: io.appium.java_client.android.AndroidDriver
Capabilities {app: C:\Users\Fariz Anjum\Deskto..., appActivity: .SplashActvity, appBuildVersion: , appPackage: com.newsoftwares.folderlock_v1, appReleaseVersion: , appiumVersion: 1.8.0, applicationClearData: false, autoAcceptAlerts: false, autoDismissAlerts: false, autoGrantPermissions: true, autoWebview: false, browserName: , commandTimeouts: 120000, desired: {app: C:\Users\Fariz Anjum\Deskto..., appActivity: .SplashActvity, appPackage: com.newsoftwares.folderlock_v1, autoGrantPermissions: true, browserName: , deviceName: SM-G950U, fullReset: false, noReset: true, platformName: Android, platformVersion: 9}, device.category: PHONE, device.majorVersion: 9, device.manufacture: Genymotion, device.model: Custom Phone, device.name: Custom Phone, device.os: Android, device.screenSize: 1080x2160, device.serialNumber: 192.168.79.105:5555, device.version: 9, deviceName: SM-G950U, deviceUDID: 192.168.79.105:5555, dontGoHomeOnQuit: false, dontStopAppOnReset: false, fullReset: false, install.only.for.update: false, installOnlyForUpdate: false, instrumentApp: false, javascriptEnabled: true, keystorePath: ~/.android/debug.keystore, locationServicesAuthorized: false, newSessionWaitTimeout: 600, noReset: true, platform: ANDROID, platformName: Android, platformVersion: 9, projectName: , reportDirectory: reports, reportFormat: xml, reportUrl: C:\Users\Fariz Anjum\appium..., reservationDuration: 240, takeScreenshots: true, test.type: Mobile, testName: mobile test 02/24/21 05:30 PM, udid: 192.168.79.105:5555, useKeystore: false, waitForDeviceTimeout: 120000}
Session ID: a1a7a9b7-84bc-441a-a32b-492519d1a50b
*** Element info: {Using=class name, value=android.widget.GridView}
	at sun.reflect.NativeConstructorAccessorImpl.newInstance0(Native Method)
	at sun.reflect.NativeConstructorAccessorImpl.newInstance(NativeConstructorAccessorImpl.java:62)
	at sun.reflect.DelegatingConstructorAccessorImpl.newInstance(DelegatingConstructorAccessorImpl.java:45)
	at java.lang.reflect.Constructor.newInstance(Constructor.java:423)
	at org.openqa.selenium.remote.ErrorHandler.createThrowable(ErrorHandler.java:214)
	at org.openqa.selenium.remote.ErrorHandler.throwIfResponseFailed(ErrorHandler.java:166)
	at org.openqa.selenium.remote.http.JsonHttpResponseCodec.reconstructValue(JsonHttpResponseCodec.java:40)
	at org.openqa.selenium.remote.http.AbstractHttpResponseCodec.decode(AbstractHttpResponseCodec.java:80)
	at org.openqa.selenium.remote.http.AbstractHttpResponseCodec.decode(AbstractHttpResponseCodec.java:44)
	at org.openqa.selenium.remote.HttpCommandExecutor.execute(HttpCommandExecutor.java:158)
	at io.appium.java_client.remote.AppiumCommandExecutor.execute(AppiumCommandExecutor.java:247)
	at org.openqa.selenium.remote.RemoteWebDriver.execute(RemoteWebDriver.java:552)
	at io.appium.java_client.DefaultGenericMobileDriver.execute(DefaultGenericMobileDriver.java:41)
	at io.appium.java_client.AppiumDriver.execute(AppiumDriver.java:1)
	at io.appium.java_client.android.AndroidDriver.execute(AndroidDriver.java:1)
	at org.openqa.selenium.remote.RemoteWebDriver.findElement(RemoteWebDriver.java:323)
	at io.appium.java_client.DefaultGenericMobileDriver.findElement(DefaultGenericMobileDriver.java:61)
	at io.appium.java_client.AppiumDriver.findElement(AppiumDriver.java:1)
	at io.appium.java_client.android.AndroidDriver.findElement(AndroidDriver.java:1)
	at org.openqa.selenium.remote.RemoteWebDriver.findElementByClassName(RemoteWebDriver.java:412)
	at io.appium.java_client.DefaultGenericMobileDriver.findElementByClassName(DefaultGenericMobileDriver.java:125)
	at io.appium.java_client.AppiumDriver.findElementByClassName(AppiumDriver.java:1)
	at io.appium.java_client.android.AndroidDriver.findElementByClassName(AndroidDriver.java:1)
	at org.openqa.selenium.By$ByClassName.findElement(By.java:389)
	at org.openqa.selenium.remote.RemoteWebDriver.findElement(RemoteWebDriver.java:315)
	at io.appium.java_client.DefaultGenericMobileDriver.findElement(DefaultGenericMobileDriver.java:57)
	at io.appium.java_client.AppiumDriver.findElement(AppiumDriver.java:1)
	at io.appium.java_client.android.AndroidDriver.findElement(AndroidDriver.java:1)
	at org.openqa.selenium.support.pagefactory.DefaultElementLocator.findElement(DefaultElementLocator.java:69)
	at org.openqa.selenium.support.pagefactory.internal.LocatingElementHandler.invoke(LocatingElementHandler.java:38)
	at com.sun.proxy.$Proxy10.findElements(Unknown Source)
	at Pages.SelectMedia.coutLibraryImages(SelectMedia.java:32)
	at test.PhotosSection.TestVerifyHidePhotos.Validate_CountImages(TestVerifyHidePhotos.java:22)
	at sun.reflect.NativeMethodAccessorImpl.invoke0(Native Method)
	at sun.reflect.NativeMethodAccessorImpl.invoke(NativeMethodAccessorImpl.java:62)
	at sun.reflect.DelegatingMethodAccessorImpl.invoke(DelegatingMethodAccessorImpl.java:43)
	at java.lang.reflect.Method.invoke(Method.java:498)
	at org.testng.internal.MethodInvocationHelper.invokeMethod(MethodInvocationHelper.java:132)
	at org.testng.internal.TestInvoker.invokeMethod(TestInvoker.java:599)
	at org.testng.internal.TestInvoker.invokeTestMethod(TestInvoker.java:174)
	at org.testng.internal.MethodRunner.runInSequence(MethodRunner.java:46)
	at org.testng.internal.TestInvoker$MethodInvocationAgent.invoke(TestInvoker.java:822)
	at org.testng.internal.TestInvoker.invokeTestMethods(TestInvoker.java:147)
	at org.testng.internal.TestMethodWorker.invokeTestMethods(TestMethodWorker.java:146)
	at org.testng.internal.TestMethodWorker.run(TestMethodWorker.java:128)
	at java.util.ArrayList.forEach(ArrayList.java:1249)
	at org.testng.TestRunner.privateRun(TestRunner.java:764)
	at org.testng.TestRunner.run(TestRunner.java:585)
	at org.testng.SuiteRunner.runTest(SuiteRunner.java:384)
	at org.testng.SuiteRunner.runSequentially(SuiteRunner.java:378)
	at org.testng.SuiteRunner.privateRun(SuiteRunner.java:337)
	at org.testng.SuiteRunner.run(SuiteRunner.java:286)
	at org.testng.SuiteRunnerWorker.runSuite(SuiteRunnerWorker.java:53)
	at org.testng.SuiteRunnerWorker.run(SuiteRunnerWorker.java:96)
	at org.testng.TestNG.runSuitesSequentially(TestNG.java:1218)
	at org.testng.TestNG.runSuitesLocally(TestNG.java:1140)
	at org.testng.TestNG.runSuites(TestNG.java:1069)
	at org.testng.TestNG.run(TestNG.java:1037)
	at org.testng.remote.AbstractRemoteTestNG.run(AbstractRemoteTestNG.java:115)
	at org.testng.remote.RemoteTestNG.initAndRun(RemoteTestNG.java:251)
	at org.testng.remote.RemoteTestNG.main(RemoteTestNG.java:77)
</pre></div></td>
<td>1</td>
<td>test.PhotosSection.TestVerifyHidePhotos@1a49800</td></tr>
<tr>
<td title='test.PhotosSection.TestVerifyHidePhotos.Validate_ImagesSelected()'><b>Validate_ImagesSelected</b><br>Test class: test.PhotosSection.TestVerifyHidePhotos<br/>
<a href="#Output-22791069" onClick='toggleBox("Output-22791069", this, "Show output", "Hide output");'>Show output</a>

<a href="#Output-22791069" onClick="toggleAllBoxes();">Show all outputs</a>
<div class='log' id="Output-22791069">
Click to see Screenshot<br/>
<a target="_blank" href=Wed_Feb_24_17_30_52_PKT_2021.jpg>Screenshot</a><br/>
<br><br/>
<br><br/>
<a target="_blank" href=Wed_Feb_24_17_30_52_PKT_2021.jpg><img src=Wed_Feb_24_17_30_52_PKT_2021.jpg height=200 width=200></img></a><br/>
</div>
</td>
<td><div><pre>org.openqa.selenium.NoSuchElementException: no such element (An element could not be located on the page using the given search parameters (CLASS_NAME=&apos;android.widget.GridView&apos;))  (WARNING: The server did not provide any stacktrace information)
Command duration or timeout: 0 milliseconds
For documentation on this error, please visit: https://www.seleniumhq.org/exceptions/no_such_element.html
Build info: version: &apos;3.141.59&apos;, revision: &apos;e82be7d358&apos;, time: &apos;2018-11-14T08:17:03&apos;
System info: host: &apos;FARIZ-PC&apos;, ip: &apos;192.168.79.1&apos;, os.name: &apos;Windows 10&apos;, os.arch: &apos;x86&apos;, os.version: &apos;10.0&apos;, java.version: &apos;1.8.0_112&apos;
Driver info: io.appium.java_client.android.AndroidDriver
Capabilities {app: C:\Users\Fariz Anjum\Deskto..., appActivity: .SplashActvity, appBuildVersion: , appPackage: com.newsoftwares.folderlock_v1, appReleaseVersion: , appiumVersion: 1.8.0, applicationClearData: false, autoAcceptAlerts: false, autoDismissAlerts: false, autoGrantPermissions: true, autoWebview: false, browserName: , commandTimeouts: 120000, desired: {app: C:\Users\Fariz Anjum\Deskto..., appActivity: .SplashActvity, appPackage: com.newsoftwares.folderlock_v1, autoGrantPermissions: true, browserName: , deviceName: SM-G950U, fullReset: false, noReset: true, platformName: Android, platformVersion: 9}, device.category: PHONE, device.majorVersion: 9, device.manufacture: Genymotion, device.model: Custom Phone, device.name: Custom Phone, device.os: Android, device.screenSize: 1080x2160, device.serialNumber: 192.168.79.105:5555, device.version: 9, deviceName: SM-G950U, deviceUDID: 192.168.79.105:5555, dontGoHomeOnQuit: false, dontStopAppOnReset: false, fullReset: false, install.only.for.update: false, installOnlyForUpdate: false, instrumentApp: false, javascriptEnabled: true, keystorePath: ~/.android/debug.keystore, locationServicesAuthorized: false, newSessionWaitTimeout: 600, noReset: true, platform: ANDROID, platformName: Android, platformVersion: 9, projectName: , reportDirectory: reports, reportFormat: xml, reportUrl: C:\Users\Fariz Anjum\appium..., reservationDuration: 240, takeScreenshots: true, test.type: Mobile, testName: mobile test 02/24/21 05:30 PM, udid: 192.168.79.105:5555, useKeystore: false, waitForDeviceTimeout: 120000}
Session ID: a1a7a9b7-84bc-441a-a32b-492519d1a50b
*** Element info: {Using=class name, value=android.widget.GridView}
	at org.openqa.selenium.remote.ErrorHandler.createThrowable(ErrorHandler.java:214)
	at org.openqa.selenium.remote.ErrorHandler.throwIfResponseFailed(ErrorHandler.java:166)
	at org.openqa.selenium.remote.http.JsonHttpResponseCodec.reconstructValue(JsonHttpResponseCodec.java:40)
	at org.openqa.selenium.remote.http.AbstractHttpResponseCodec.decode(AbstractHttpResponseCodec.java:80)
	at org.openqa.selenium.remote.http.AbstractHttpResponseCodec.decode(AbstractHttpResponseCodec.java:44)
	at org.openqa.selenium.remote.HttpCommandExecutor.execute(HttpCommandExecutor.java:158)
	at io.appium.java_client.remote.AppiumCommandExecutor.execute(AppiumCommandExecutor.java:247)
	at org.openqa.selenium.remote.RemoteWebDriver.execute(RemoteWebDriver.java:552)
	at io.appium.java_client.DefaultGenericMobileDriver.execute(DefaultGenericMobileDriver.java:41)
	at io.appium.java_client.AppiumDriver.execute(AppiumDriver.java:1)
	at io.appium.java_client.android.AndroidDriver.execute(AndroidDriver.java:1)
	at org.openqa.selenium.remote.RemoteWebDriver.findElement(RemoteWebDriver.java:323)
	at io.appium.java_client.DefaultGenericMobileDriver.findElement(DefaultGenericMobileDriver.java:61)
	at io.appium.java_client.AppiumDriver.findElement(AppiumDriver.java:1)
	at io.appium.java_client.android.AndroidDriver.findElement(AndroidDriver.java:1)
	at org.openqa.selenium.remote.RemoteWebDriver.findElementByClassName(RemoteWebDriver.java:412)
	at io.appium.java_client.DefaultGenericMobileDriver.findElementByClassName(DefaultGenericMobileDriver.java:125)
	at io.appium.java_client.AppiumDriver.findElementByClassName(AppiumDriver.java:1)
	at io.appium.java_client.android.AndroidDriver.findElementByClassName(AndroidDriver.java:1)
	at org.openqa.selenium.By$ByClassName.findElement(By.java:389)
	at org.openqa.selenium.remote.RemoteWebDriver.findElement(RemoteWebDriver.java:315)
	at io.appium.java_client.DefaultGenericMobileDriver.findElement(DefaultGenericMobileDriver.java:57)
	at io.appium.java_client.AppiumDriver.findElement(AppiumDriver.java:1)
	at io.appium.java_client.android.AndroidDriver.findElement(AndroidDriver.java:1)
	at org.openqa.selenium.support.pagefactory.DefaultElementLocator.findElement(DefaultElementLocator.java:69)
	at org.openqa.selenium.support.pagefactory.internal.LocatingElementHandler.invoke(LocatingElementHandler.java:38)
	at com.sun.proxy.$Proxy10.findElements(Unknown Source)
	at Pages.SelectMedia.selectImages(SelectMedia.java:41)
	at test.PhotosSection.TestVerifyHidePhotos.Validate_ImagesSelected(TestVerifyHidePhotos.java:33)
	at java.util.ArrayList.forEach(ArrayList.java:1249)
... Removed 31 stack frames</pre></div><a href='#' onClick='toggleBox("stack-trace22791069", this, "Click to show all stack frames", "Click to hide stack frames")'>Click to show all stack frames</a>
<div class='stack-trace' id='stack-trace22791069'><pre>org.openqa.selenium.NoSuchElementException: no such element (An element could not be located on the page using the given search parameters (CLASS_NAME=&apos;android.widget.GridView&apos;))  (WARNING: The server did not provide any stacktrace information)
Command duration or timeout: 0 milliseconds
For documentation on this error, please visit: https://www.seleniumhq.org/exceptions/no_such_element.html
Build info: version: &apos;3.141.59&apos;, revision: &apos;e82be7d358&apos;, time: &apos;2018-11-14T08:17:03&apos;
System info: host: &apos;FARIZ-PC&apos;, ip: &apos;192.168.79.1&apos;, os.name: &apos;Windows 10&apos;, os.arch: &apos;x86&apos;, os.version: &apos;10.0&apos;, java.version: &apos;1.8.0_112&apos;
Driver info: io.appium.java_client.android.AndroidDriver
Capabilities {app: C:\Users\Fariz Anjum\Deskto..., appActivity: .SplashActvity, appBuildVersion: , appPackage: com.newsoftwares.folderlock_v1, appReleaseVersion: , appiumVersion: 1.8.0, applicationClearData: false, autoAcceptAlerts: false, autoDismissAlerts: false, autoGrantPermissions: true, autoWebview: false, browserName: , commandTimeouts: 120000, desired: {app: C:\Users\Fariz Anjum\Deskto..., appActivity: .SplashActvity, appPackage: com.newsoftwares.folderlock_v1, autoGrantPermissions: true, browserName: , deviceName: SM-G950U, fullReset: false, noReset: true, platformName: Android, platformVersion: 9}, device.category: PHONE, device.majorVersion: 9, device.manufacture: Genymotion, device.model: Custom Phone, device.name: Custom Phone, device.os: Android, device.screenSize: 1080x2160, device.serialNumber: 192.168.79.105:5555, device.version: 9, deviceName: SM-G950U, deviceUDID: 192.168.79.105:5555, dontGoHomeOnQuit: false, dontStopAppOnReset: false, fullReset: false, install.only.for.update: false, installOnlyForUpdate: false, instrumentApp: false, javascriptEnabled: true, keystorePath: ~/.android/debug.keystore, locationServicesAuthorized: false, newSessionWaitTimeout: 600, noReset: true, platform: ANDROID, platformName: Android, platformVersion: 9, projectName: , reportDirectory: reports, reportFormat: xml, reportUrl: C:\Users\Fariz Anjum\appium..., reservationDuration: 240, takeScreenshots: true, test.type: Mobile, testName: mobile test 02/24/21 05:30 PM, udid: 192.168.79.105:5555, useKeystore: false, waitForDeviceTimeout: 120000}
Session ID: a1a7a9b7-84bc-441a-a32b-492519d1a50b
*** Element info: {Using=class name, value=android.widget.GridView}
	at sun.reflect.NativeConstructorAccessorImpl.newInstance0(Native Method)
	at sun.reflect.NativeConstructorAccessorImpl.newInstance(NativeConstructorAccessorImpl.java:62)
	at sun.reflect.DelegatingConstructorAccessorImpl.newInstance(DelegatingConstructorAccessorImpl.java:45)
	at java.lang.reflect.Constructor.newInstance(Constructor.java:423)
	at org.openqa.selenium.remote.ErrorHandler.createThrowable(ErrorHandler.java:214)
	at org.openqa.selenium.remote.ErrorHandler.throwIfResponseFailed(ErrorHandler.java:166)
	at org.openqa.selenium.remote.http.JsonHttpResponseCodec.reconstructValue(JsonHttpResponseCodec.java:40)
	at org.openqa.selenium.remote.http.AbstractHttpResponseCodec.decode(AbstractHttpResponseCodec.java:80)
	at org.openqa.selenium.remote.http.AbstractHttpResponseCodec.decode(AbstractHttpResponseCodec.java:44)
	at org.openqa.selenium.remote.HttpCommandExecutor.execute(HttpCommandExecutor.java:158)
	at io.appium.java_client.remote.AppiumCommandExecutor.execute(AppiumCommandExecutor.java:247)
	at org.openqa.selenium.remote.RemoteWebDriver.execute(RemoteWebDriver.java:552)
	at io.appium.java_client.DefaultGenericMobileDriver.execute(DefaultGenericMobileDriver.java:41)
	at io.appium.java_client.AppiumDriver.execute(AppiumDriver.java:1)
	at io.appium.java_client.android.AndroidDriver.execute(AndroidDriver.java:1)
	at org.openqa.selenium.remote.RemoteWebDriver.findElement(RemoteWebDriver.java:323)
	at io.appium.java_client.DefaultGenericMobileDriver.findElement(DefaultGenericMobileDriver.java:61)
	at io.appium.java_client.AppiumDriver.findElement(AppiumDriver.java:1)
	at io.appium.java_client.android.AndroidDriver.findElement(AndroidDriver.java:1)
	at org.openqa.selenium.remote.RemoteWebDriver.findElementByClassName(RemoteWebDriver.java:412)
	at io.appium.java_client.DefaultGenericMobileDriver.findElementByClassName(DefaultGenericMobileDriver.java:125)
	at io.appium.java_client.AppiumDriver.findElementByClassName(AppiumDriver.java:1)
	at io.appium.java_client.android.AndroidDriver.findElementByClassName(AndroidDriver.java:1)
	at org.openqa.selenium.By$ByClassName.findElement(By.java:389)
	at org.openqa.selenium.remote.RemoteWebDriver.findElement(RemoteWebDriver.java:315)
	at io.appium.java_client.DefaultGenericMobileDriver.findElement(DefaultGenericMobileDriver.java:57)
	at io.appium.java_client.AppiumDriver.findElement(AppiumDriver.java:1)
	at io.appium.java_client.android.AndroidDriver.findElement(AndroidDriver.java:1)
	at org.openqa.selenium.support.pagefactory.DefaultElementLocator.findElement(DefaultElementLocator.java:69)
	at org.openqa.selenium.support.pagefactory.internal.LocatingElementHandler.invoke(LocatingElementHandler.java:38)
	at com.sun.proxy.$Proxy10.findElements(Unknown Source)
	at Pages.SelectMedia.selectImages(SelectMedia.java:41)
	at test.PhotosSection.TestVerifyHidePhotos.Validate_ImagesSelected(TestVerifyHidePhotos.java:33)
	at sun.reflect.NativeMethodAccessorImpl.invoke0(Native Method)
	at sun.reflect.NativeMethodAccessorImpl.invoke(NativeMethodAccessorImpl.java:62)
	at sun.reflect.DelegatingMethodAccessorImpl.invoke(DelegatingMethodAccessorImpl.java:43)
	at java.lang.reflect.Method.invoke(Method.java:498)
	at org.testng.internal.MethodInvocationHelper.invokeMethod(MethodInvocationHelper.java:132)
	at org.testng.internal.TestInvoker.invokeMethod(TestInvoker.java:599)
	at org.testng.internal.TestInvoker.invokeTestMethod(TestInvoker.java:174)
	at org.testng.internal.MethodRunner.runInSequence(MethodRunner.java:46)
	at org.testng.internal.TestInvoker$MethodInvocationAgent.invoke(TestInvoker.java:822)
	at org.testng.internal.TestInvoker.invokeTestMethods(TestInvoker.java:147)
	at org.testng.internal.TestMethodWorker.invokeTestMethods(TestMethodWorker.java:146)
	at org.testng.internal.TestMethodWorker.run(TestMethodWorker.java:128)
	at java.util.ArrayList.forEach(ArrayList.java:1249)
	at org.testng.TestRunner.privateRun(TestRunner.java:764)
	at org.testng.TestRunner.run(TestRunner.java:585)
	at org.testng.SuiteRunner.runTest(SuiteRunner.java:384)
	at org.testng.SuiteRunner.runSequentially(SuiteRunner.java:378)
	at org.testng.SuiteRunner.privateRun(SuiteRunner.java:337)
	at org.testng.SuiteRunner.run(SuiteRunner.java:286)
	at org.testng.SuiteRunnerWorker.runSuite(SuiteRunnerWorker.java:53)
	at org.testng.SuiteRunnerWorker.run(SuiteRunnerWorker.java:96)
	at org.testng.TestNG.runSuitesSequentially(TestNG.java:1218)
	at org.testng.TestNG.runSuitesLocally(TestNG.java:1140)
	at org.testng.TestNG.runSuites(TestNG.java:1069)
	at org.testng.TestNG.run(TestNG.java:1037)
	at org.testng.remote.AbstractRemoteTestNG.run(AbstractRemoteTestNG.java:115)
	at org.testng.remote.RemoteTestNG.initAndRun(RemoteTestNG.java:251)
	at org.testng.remote.RemoteTestNG.main(RemoteTestNG.java:77)
</pre></div></td>
<td>1</td>
<td>test.PhotosSection.TestVerifyHidePhotos@1a49800</td></tr>
<tr>
<td title='test.PhotosSection.TestDeletePhotos.VerifyImageSelected()'><b>VerifyImageSelected</b><br>Test class: test.PhotosSection.TestDeletePhotos<br/>
<a href="#Output-9705943" onClick='toggleBox("Output-9705943", this, "Show output", "Hide output");'>Show output</a>

<a href="#Output-9705943" onClick="toggleAllBoxes();">Show all outputs</a>
<div class='log' id="Output-9705943">
Click to see Screenshot<br/>
<a target="_blank" href=Wed_Feb_24_17_30_55_PKT_2021.jpg>Screenshot</a><br/>
<br><br/>
<br><br/>
<a target="_blank" href=Wed_Feb_24_17_30_55_PKT_2021.jpg><img src=Wed_Feb_24_17_30_55_PKT_2021.jpg height=200 width=200></img></a><br/>
</div>
</td>
<td><div><pre>org.openqa.selenium.NoSuchElementException: no such element (An element could not be located on the page using the given search parameters (CLASS_NAME=&apos;android.widget.GridView&apos;))  (WARNING: The server did not provide any stacktrace information)
Command duration or timeout: 0 milliseconds
For documentation on this error, please visit: https://www.seleniumhq.org/exceptions/no_such_element.html
Build info: version: &apos;3.141.59&apos;, revision: &apos;e82be7d358&apos;, time: &apos;2018-11-14T08:17:03&apos;
System info: host: &apos;FARIZ-PC&apos;, ip: &apos;192.168.79.1&apos;, os.name: &apos;Windows 10&apos;, os.arch: &apos;x86&apos;, os.version: &apos;10.0&apos;, java.version: &apos;1.8.0_112&apos;
Driver info: io.appium.java_client.android.AndroidDriver
Capabilities {app: C:\Users\Fariz Anjum\Deskto..., appActivity: .SplashActvity, appBuildVersion: , appPackage: com.newsoftwares.folderlock_v1, appReleaseVersion: , appiumVersion: 1.8.0, applicationClearData: false, autoAcceptAlerts: false, autoDismissAlerts: false, autoGrantPermissions: true, autoWebview: false, browserName: , commandTimeouts: 120000, desired: {app: C:\Users\Fariz Anjum\Deskto..., appActivity: .SplashActvity, appPackage: com.newsoftwares.folderlock_v1, autoGrantPermissions: true, browserName: , deviceName: SM-G950U, fullReset: false, noReset: true, platformName: Android, platformVersion: 9}, device.category: PHONE, device.majorVersion: 9, device.manufacture: Genymotion, device.model: Custom Phone, device.name: Custom Phone, device.os: Android, device.screenSize: 1080x2160, device.serialNumber: 192.168.79.105:5555, device.version: 9, deviceName: SM-G950U, deviceUDID: 192.168.79.105:5555, dontGoHomeOnQuit: false, dontStopAppOnReset: false, fullReset: false, install.only.for.update: false, installOnlyForUpdate: false, instrumentApp: false, javascriptEnabled: true, keystorePath: ~/.android/debug.keystore, locationServicesAuthorized: false, newSessionWaitTimeout: 600, noReset: true, platform: ANDROID, platformName: Android, platformVersion: 9, projectName: , reportDirectory: reports, reportFormat: xml, reportUrl: C:\Users\Fariz Anjum\appium..., reservationDuration: 240, takeScreenshots: true, test.type: Mobile, testName: mobile test 02/24/21 05:30 PM, udid: 192.168.79.105:5555, useKeystore: false, waitForDeviceTimeout: 120000}
Session ID: a1a7a9b7-84bc-441a-a32b-492519d1a50b
*** Element info: {Using=class name, value=android.widget.GridView}
	at org.openqa.selenium.remote.ErrorHandler.createThrowable(ErrorHandler.java:214)
	at org.openqa.selenium.remote.ErrorHandler.throwIfResponseFailed(ErrorHandler.java:166)
	at org.openqa.selenium.remote.http.JsonHttpResponseCodec.reconstructValue(JsonHttpResponseCodec.java:40)
	at org.openqa.selenium.remote.http.AbstractHttpResponseCodec.decode(AbstractHttpResponseCodec.java:80)
	at org.openqa.selenium.remote.http.AbstractHttpResponseCodec.decode(AbstractHttpResponseCodec.java:44)
	at org.openqa.selenium.remote.HttpCommandExecutor.execute(HttpCommandExecutor.java:158)
	at io.appium.java_client.remote.AppiumCommandExecutor.execute(AppiumCommandExecutor.java:247)
	at org.openqa.selenium.remote.RemoteWebDriver.execute(RemoteWebDriver.java:552)
	at io.appium.java_client.DefaultGenericMobileDriver.execute(DefaultGenericMobileDriver.java:41)
	at io.appium.java_client.AppiumDriver.execute(AppiumDriver.java:1)
	at io.appium.java_client.android.AndroidDriver.execute(AndroidDriver.java:1)
	at org.openqa.selenium.remote.RemoteWebDriver.findElement(RemoteWebDriver.java:323)
	at io.appium.java_client.DefaultGenericMobileDriver.findElement(DefaultGenericMobileDriver.java:61)
	at io.appium.java_client.AppiumDriver.findElement(AppiumDriver.java:1)
	at io.appium.java_client.android.AndroidDriver.findElement(AndroidDriver.java:1)
	at org.openqa.selenium.remote.RemoteWebDriver.findElementByClassName(RemoteWebDriver.java:412)
	at io.appium.java_client.DefaultGenericMobileDriver.findElementByClassName(DefaultGenericMobileDriver.java:125)
	at io.appium.java_client.AppiumDriver.findElementByClassName(AppiumDriver.java:1)
	at io.appium.java_client.android.AndroidDriver.findElementByClassName(AndroidDriver.java:1)
	at org.openqa.selenium.By$ByClassName.findElement(By.java:389)
	at org.openqa.selenium.remote.RemoteWebDriver.findElement(RemoteWebDriver.java:315)
	at io.appium.java_client.DefaultGenericMobileDriver.findElement(DefaultGenericMobileDriver.java:57)
	at io.appium.java_client.AppiumDriver.findElement(AppiumDriver.java:1)
	at io.appium.java_client.android.AndroidDriver.findElement(AndroidDriver.java:1)
	at org.openqa.selenium.support.pagefactory.DefaultElementLocator.findElement(DefaultElementLocator.java:69)
	at org.openqa.selenium.support.pagefactory.internal.LocatingElementHandler.invoke(LocatingElementHandler.java:38)
	at com.sun.proxy.$Proxy10.findElement(Unknown Source)
	at Pages.SelectMedia.longPress(SelectMedia.java:37)
	at test.PhotosSection.TestDeletePhotos.VerifyImageSelected(TestDeletePhotos.java:19)
	at java.util.ArrayList.forEach(ArrayList.java:1249)
... Removed 31 stack frames</pre></div><a href='#' onClick='toggleBox("stack-trace9705943", this, "Click to show all stack frames", "Click to hide stack frames")'>Click to show all stack frames</a>
<div class='stack-trace' id='stack-trace9705943'><pre>org.openqa.selenium.NoSuchElementException: no such element (An element could not be located on the page using the given search parameters (CLASS_NAME=&apos;android.widget.GridView&apos;))  (WARNING: The server did not provide any stacktrace information)
Command duration or timeout: 0 milliseconds
For documentation on this error, please visit: https://www.seleniumhq.org/exceptions/no_such_element.html
Build info: version: &apos;3.141.59&apos;, revision: &apos;e82be7d358&apos;, time: &apos;2018-11-14T08:17:03&apos;
System info: host: &apos;FARIZ-PC&apos;, ip: &apos;192.168.79.1&apos;, os.name: &apos;Windows 10&apos;, os.arch: &apos;x86&apos;, os.version: &apos;10.0&apos;, java.version: &apos;1.8.0_112&apos;
Driver info: io.appium.java_client.android.AndroidDriver
Capabilities {app: C:\Users\Fariz Anjum\Deskto..., appActivity: .SplashActvity, appBuildVersion: , appPackage: com.newsoftwares.folderlock_v1, appReleaseVersion: , appiumVersion: 1.8.0, applicationClearData: false, autoAcceptAlerts: false, autoDismissAlerts: false, autoGrantPermissions: true, autoWebview: false, browserName: , commandTimeouts: 120000, desired: {app: C:\Users\Fariz Anjum\Deskto..., appActivity: .SplashActvity, appPackage: com.newsoftwares.folderlock_v1, autoGrantPermissions: true, browserName: , deviceName: SM-G950U, fullReset: false, noReset: true, platformName: Android, platformVersion: 9}, device.category: PHONE, device.majorVersion: 9, device.manufacture: Genymotion, device.model: Custom Phone, device.name: Custom Phone, device.os: Android, device.screenSize: 1080x2160, device.serialNumber: 192.168.79.105:5555, device.version: 9, deviceName: SM-G950U, deviceUDID: 192.168.79.105:5555, dontGoHomeOnQuit: false, dontStopAppOnReset: false, fullReset: false, install.only.for.update: false, installOnlyForUpdate: false, instrumentApp: false, javascriptEnabled: true, keystorePath: ~/.android/debug.keystore, locationServicesAuthorized: false, newSessionWaitTimeout: 600, noReset: true, platform: ANDROID, platformName: Android, platformVersion: 9, projectName: , reportDirectory: reports, reportFormat: xml, reportUrl: C:\Users\Fariz Anjum\appium..., reservationDuration: 240, takeScreenshots: true, test.type: Mobile, testName: mobile test 02/24/21 05:30 PM, udid: 192.168.79.105:5555, useKeystore: false, waitForDeviceTimeout: 120000}
Session ID: a1a7a9b7-84bc-441a-a32b-492519d1a50b
*** Element info: {Using=class name, value=android.widget.GridView}
	at sun.reflect.NativeConstructorAccessorImpl.newInstance0(Native Method)
	at sun.reflect.NativeConstructorAccessorImpl.newInstance(NativeConstructorAccessorImpl.java:62)
	at sun.reflect.DelegatingConstructorAccessorImpl.newInstance(DelegatingConstructorAccessorImpl.java:45)
	at java.lang.reflect.Constructor.newInstance(Constructor.java:423)
	at org.openqa.selenium.remote.ErrorHandler.createThrowable(ErrorHandler.java:214)
	at org.openqa.selenium.remote.ErrorHandler.throwIfResponseFailed(ErrorHandler.java:166)
	at org.openqa.selenium.remote.http.JsonHttpResponseCodec.reconstructValue(JsonHttpResponseCodec.java:40)
	at org.openqa.selenium.remote.http.AbstractHttpResponseCodec.decode(AbstractHttpResponseCodec.java:80)
	at org.openqa.selenium.remote.http.AbstractHttpResponseCodec.decode(AbstractHttpResponseCodec.java:44)
	at org.openqa.selenium.remote.HttpCommandExecutor.execute(HttpCommandExecutor.java:158)
	at io.appium.java_client.remote.AppiumCommandExecutor.execute(AppiumCommandExecutor.java:247)
	at org.openqa.selenium.remote.RemoteWebDriver.execute(RemoteWebDriver.java:552)
	at io.appium.java_client.DefaultGenericMobileDriver.execute(DefaultGenericMobileDriver.java:41)
	at io.appium.java_client.AppiumDriver.execute(AppiumDriver.java:1)
	at io.appium.java_client.android.AndroidDriver.execute(AndroidDriver.java:1)
	at org.openqa.selenium.remote.RemoteWebDriver.findElement(RemoteWebDriver.java:323)
	at io.appium.java_client.DefaultGenericMobileDriver.findElement(DefaultGenericMobileDriver.java:61)
	at io.appium.java_client.AppiumDriver.findElement(AppiumDriver.java:1)
	at io.appium.java_client.android.AndroidDriver.findElement(AndroidDriver.java:1)
	at org.openqa.selenium.remote.RemoteWebDriver.findElementByClassName(RemoteWebDriver.java:412)
	at io.appium.java_client.DefaultGenericMobileDriver.findElementByClassName(DefaultGenericMobileDriver.java:125)
	at io.appium.java_client.AppiumDriver.findElementByClassName(AppiumDriver.java:1)
	at io.appium.java_client.android.AndroidDriver.findElementByClassName(AndroidDriver.java:1)
	at org.openqa.selenium.By$ByClassName.findElement(By.java:389)
	at org.openqa.selenium.remote.RemoteWebDriver.findElement(RemoteWebDriver.java:315)
	at io.appium.java_client.DefaultGenericMobileDriver.findElement(DefaultGenericMobileDriver.java:57)
	at io.appium.java_client.AppiumDriver.findElement(AppiumDriver.java:1)
	at io.appium.java_client.android.AndroidDriver.findElement(AndroidDriver.java:1)
	at org.openqa.selenium.support.pagefactory.DefaultElementLocator.findElement(DefaultElementLocator.java:69)
	at org.openqa.selenium.support.pagefactory.internal.LocatingElementHandler.invoke(LocatingElementHandler.java:38)
	at com.sun.proxy.$Proxy10.findElement(Unknown Source)
	at Pages.SelectMedia.longPress(SelectMedia.java:37)
	at test.PhotosSection.TestDeletePhotos.VerifyImageSelected(TestDeletePhotos.java:19)
	at sun.reflect.NativeMethodAccessorImpl.invoke0(Native Method)
	at sun.reflect.NativeMethodAccessorImpl.invoke(NativeMethodAccessorImpl.java:62)
	at sun.reflect.DelegatingMethodAccessorImpl.invoke(DelegatingMethodAccessorImpl.java:43)
	at java.lang.reflect.Method.invoke(Method.java:498)
	at org.testng.internal.MethodInvocationHelper.invokeMethod(MethodInvocationHelper.java:132)
	at org.testng.internal.TestInvoker.invokeMethod(TestInvoker.java:599)
	at org.testng.internal.TestInvoker.invokeTestMethod(TestInvoker.java:174)
	at org.testng.internal.MethodRunner.runInSequence(MethodRunner.java:46)
	at org.testng.internal.TestInvoker$MethodInvocationAgent.invoke(TestInvoker.java:822)
	at org.testng.internal.TestInvoker.invokeTestMethods(TestInvoker.java:147)
	at org.testng.internal.TestMethodWorker.invokeTestMethods(TestMethodWorker.java:146)
	at org.testng.internal.TestMethodWorker.run(TestMethodWorker.java:128)
	at java.util.ArrayList.forEach(ArrayList.java:1249)
	at org.testng.TestRunner.privateRun(TestRunner.java:764)
	at org.testng.TestRunner.run(TestRunner.java:585)
	at org.testng.SuiteRunner.runTest(SuiteRunner.java:384)
	at org.testng.SuiteRunner.runSequentially(SuiteRunner.java:378)
	at org.testng.SuiteRunner.privateRun(SuiteRunner.java:337)
	at org.testng.SuiteRunner.run(SuiteRunner.java:286)
	at org.testng.SuiteRunnerWorker.runSuite(SuiteRunnerWorker.java:53)
	at org.testng.SuiteRunnerWorker.run(SuiteRunnerWorker.java:96)
	at org.testng.TestNG.runSuitesSequentially(TestNG.java:1218)
	at org.testng.TestNG.runSuitesLocally(TestNG.java:1140)
	at org.testng.TestNG.runSuites(TestNG.java:1069)
	at org.testng.TestNG.run(TestNG.java:1037)
	at org.testng.remote.AbstractRemoteTestNG.run(AbstractRemoteTestNG.java:115)
	at org.testng.remote.RemoteTestNG.initAndRun(RemoteTestNG.java:251)
	at org.testng.remote.RemoteTestNG.main(RemoteTestNG.java:77)
</pre></div></td>
<td>1</td>
<td>test.PhotosSection.TestDeletePhotos@1238fc2</td></tr>
<tr>
<td title='test.PhotosSection.TestDeletePhotos.VeryDeletePhotosBtn_working()'><b>VeryDeletePhotosBtn_working</b><br>Test class: test.PhotosSection.TestDeletePhotos<br/>
<a href="#Output-7519289" onClick='toggleBox("Output-7519289", this, "Show output", "Hide output");'>Show output</a>

<a href="#Output-7519289" onClick="toggleAllBoxes();">Show all outputs</a>
<div class='log' id="Output-7519289">
Click to see Screenshot<br/>
<a target="_blank" href=Wed_Feb_24_17_30_57_PKT_2021.jpg>Screenshot</a><br/>
<br><br/>
<br><br/>
<a target="_blank" href=Wed_Feb_24_17_30_57_PKT_2021.jpg><img src=Wed_Feb_24_17_30_57_PKT_2021.jpg height=200 width=200></img></a><br/>
</div>
</td>
<td><div><pre>org.openqa.selenium.NoSuchElementException: no such element (An element could not be located on the page using the given search parameters (XPATH=&apos;//*[@resource-id=&apos;com.newsoftwares.folderlock_v1:id/action_delete&apos;]&apos;))  (WARNING: The server did not provide any stacktrace information)
Command duration or timeout: 0 milliseconds
For documentation on this error, please visit: https://www.seleniumhq.org/exceptions/no_such_element.html
Build info: version: &apos;3.141.59&apos;, revision: &apos;e82be7d358&apos;, time: &apos;2018-11-14T08:17:03&apos;
System info: host: &apos;FARIZ-PC&apos;, ip: &apos;192.168.79.1&apos;, os.name: &apos;Windows 10&apos;, os.arch: &apos;x86&apos;, os.version: &apos;10.0&apos;, java.version: &apos;1.8.0_112&apos;
Driver info: io.appium.java_client.android.AndroidDriver
Capabilities {app: C:\Users\Fariz Anjum\Deskto..., appActivity: .SplashActvity, appBuildVersion: , appPackage: com.newsoftwares.folderlock_v1, appReleaseVersion: , appiumVersion: 1.8.0, applicationClearData: false, autoAcceptAlerts: false, autoDismissAlerts: false, autoGrantPermissions: true, autoWebview: false, browserName: , commandTimeouts: 120000, desired: {app: C:\Users\Fariz Anjum\Deskto..., appActivity: .SplashActvity, appPackage: com.newsoftwares.folderlock_v1, autoGrantPermissions: true, browserName: , deviceName: SM-G950U, fullReset: false, noReset: true, platformName: Android, platformVersion: 9}, device.category: PHONE, device.majorVersion: 9, device.manufacture: Genymotion, device.model: Custom Phone, device.name: Custom Phone, device.os: Android, device.screenSize: 1080x2160, device.serialNumber: 192.168.79.105:5555, device.version: 9, deviceName: SM-G950U, deviceUDID: 192.168.79.105:5555, dontGoHomeOnQuit: false, dontStopAppOnReset: false, fullReset: false, install.only.for.update: false, installOnlyForUpdate: false, instrumentApp: false, javascriptEnabled: true, keystorePath: ~/.android/debug.keystore, locationServicesAuthorized: false, newSessionWaitTimeout: 600, noReset: true, platform: ANDROID, platformName: Android, platformVersion: 9, projectName: , reportDirectory: reports, reportFormat: xml, reportUrl: C:\Users\Fariz Anjum\appium..., reservationDuration: 240, takeScreenshots: true, test.type: Mobile, testName: mobile test 02/24/21 05:30 PM, udid: 192.168.79.105:5555, useKeystore: false, waitForDeviceTimeout: 120000}
Session ID: a1a7a9b7-84bc-441a-a32b-492519d1a50b
*** Element info: {Using=xpath, value=//*[@resource-id=&apos;com.newsoftwares.folderlock_v1:id/action_delete&apos;]}
	at org.openqa.selenium.remote.ErrorHandler.createThrowable(ErrorHandler.java:214)
	at org.openqa.selenium.remote.ErrorHandler.throwIfResponseFailed(ErrorHandler.java:166)
	at org.openqa.selenium.remote.http.JsonHttpResponseCodec.reconstructValue(JsonHttpResponseCodec.java:40)
	at org.openqa.selenium.remote.http.AbstractHttpResponseCodec.decode(AbstractHttpResponseCodec.java:80)
	at org.openqa.selenium.remote.http.AbstractHttpResponseCodec.decode(AbstractHttpResponseCodec.java:44)
	at org.openqa.selenium.remote.HttpCommandExecutor.execute(HttpCommandExecutor.java:158)
	at io.appium.java_client.remote.AppiumCommandExecutor.execute(AppiumCommandExecutor.java:247)
	at org.openqa.selenium.remote.RemoteWebDriver.execute(RemoteWebDriver.java:552)
	at io.appium.java_client.DefaultGenericMobileDriver.execute(DefaultGenericMobileDriver.java:41)
	at io.appium.java_client.AppiumDriver.execute(AppiumDriver.java:1)
	at io.appium.java_client.android.AndroidDriver.execute(AndroidDriver.java:1)
	at org.openqa.selenium.remote.RemoteWebDriver.findElement(RemoteWebDriver.java:323)
	at io.appium.java_client.DefaultGenericMobileDriver.findElement(DefaultGenericMobileDriver.java:61)
	at io.appium.java_client.AppiumDriver.findElement(AppiumDriver.java:1)
	at io.appium.java_client.android.AndroidDriver.findElement(AndroidDriver.java:1)
	at org.openqa.selenium.remote.RemoteWebDriver.findElementByXPath(RemoteWebDriver.java:428)
	at io.appium.java_client.DefaultGenericMobileDriver.findElementByXPath(DefaultGenericMobileDriver.java:151)
	at io.appium.java_client.AppiumDriver.findElementByXPath(AppiumDriver.java:1)
	at io.appium.java_client.android.AndroidDriver.findElementByXPath(AndroidDriver.java:1)
	at org.openqa.selenium.By$ByXPath.findElement(By.java:353)
	at org.openqa.selenium.remote.RemoteWebDriver.findElement(RemoteWebDriver.java:315)
	at io.appium.java_client.DefaultGenericMobileDriver.findElement(DefaultGenericMobileDriver.java:57)
	at io.appium.java_client.AppiumDriver.findElement(AppiumDriver.java:1)
	at io.appium.java_client.android.AndroidDriver.findElement(AndroidDriver.java:1)
	at org.openqa.selenium.support.pagefactory.DefaultElementLocator.findElement(DefaultElementLocator.java:69)
	at org.openqa.selenium.support.pagefactory.internal.LocatingElementHandler.invoke(LocatingElementHandler.java:38)
	at com.sun.proxy.$Proxy10.click(Unknown Source)
	at Pages.BtnDelete.clickOnDeleteBtn(BtnDelete.java:22)
	at test.PhotosSection.TestDeletePhotos.VeryDeletePhotosBtn_working(TestDeletePhotos.java:26)
	at java.util.ArrayList.forEach(ArrayList.java:1249)
... Removed 31 stack frames</pre></div><a href='#' onClick='toggleBox("stack-trace7519289", this, "Click to show all stack frames", "Click to hide stack frames")'>Click to show all stack frames</a>
<div class='stack-trace' id='stack-trace7519289'><pre>org.openqa.selenium.NoSuchElementException: no such element (An element could not be located on the page using the given search parameters (XPATH=&apos;//*[@resource-id=&apos;com.newsoftwares.folderlock_v1:id/action_delete&apos;]&apos;))  (WARNING: The server did not provide any stacktrace information)
Command duration or timeout: 0 milliseconds
For documentation on this error, please visit: https://www.seleniumhq.org/exceptions/no_such_element.html
Build info: version: &apos;3.141.59&apos;, revision: &apos;e82be7d358&apos;, time: &apos;2018-11-14T08:17:03&apos;
System info: host: &apos;FARIZ-PC&apos;, ip: &apos;192.168.79.1&apos;, os.name: &apos;Windows 10&apos;, os.arch: &apos;x86&apos;, os.version: &apos;10.0&apos;, java.version: &apos;1.8.0_112&apos;
Driver info: io.appium.java_client.android.AndroidDriver
Capabilities {app: C:\Users\Fariz Anjum\Deskto..., appActivity: .SplashActvity, appBuildVersion: , appPackage: com.newsoftwares.folderlock_v1, appReleaseVersion: , appiumVersion: 1.8.0, applicationClearData: false, autoAcceptAlerts: false, autoDismissAlerts: false, autoGrantPermissions: true, autoWebview: false, browserName: , commandTimeouts: 120000, desired: {app: C:\Users\Fariz Anjum\Deskto..., appActivity: .SplashActvity, appPackage: com.newsoftwares.folderlock_v1, autoGrantPermissions: true, browserName: , deviceName: SM-G950U, fullReset: false, noReset: true, platformName: Android, platformVersion: 9}, device.category: PHONE, device.majorVersion: 9, device.manufacture: Genymotion, device.model: Custom Phone, device.name: Custom Phone, device.os: Android, device.screenSize: 1080x2160, device.serialNumber: 192.168.79.105:5555, device.version: 9, deviceName: SM-G950U, deviceUDID: 192.168.79.105:5555, dontGoHomeOnQuit: false, dontStopAppOnReset: false, fullReset: false, install.only.for.update: false, installOnlyForUpdate: false, instrumentApp: false, javascriptEnabled: true, keystorePath: ~/.android/debug.keystore, locationServicesAuthorized: false, newSessionWaitTimeout: 600, noReset: true, platform: ANDROID, platformName: Android, platformVersion: 9, projectName: , reportDirectory: reports, reportFormat: xml, reportUrl: C:\Users\Fariz Anjum\appium..., reservationDuration: 240, takeScreenshots: true, test.type: Mobile, testName: mobile test 02/24/21 05:30 PM, udid: 192.168.79.105:5555, useKeystore: false, waitForDeviceTimeout: 120000}
Session ID: a1a7a9b7-84bc-441a-a32b-492519d1a50b
*** Element info: {Using=xpath, value=//*[@resource-id=&apos;com.newsoftwares.folderlock_v1:id/action_delete&apos;]}
	at sun.reflect.NativeConstructorAccessorImpl.newInstance0(Native Method)
	at sun.reflect.NativeConstructorAccessorImpl.newInstance(NativeConstructorAccessorImpl.java:62)
	at sun.reflect.DelegatingConstructorAccessorImpl.newInstance(DelegatingConstructorAccessorImpl.java:45)
	at java.lang.reflect.Constructor.newInstance(Constructor.java:423)
	at org.openqa.selenium.remote.ErrorHandler.createThrowable(ErrorHandler.java:214)
	at org.openqa.selenium.remote.ErrorHandler.throwIfResponseFailed(ErrorHandler.java:166)
	at org.openqa.selenium.remote.http.JsonHttpResponseCodec.reconstructValue(JsonHttpResponseCodec.java:40)
	at org.openqa.selenium.remote.http.AbstractHttpResponseCodec.decode(AbstractHttpResponseCodec.java:80)
	at org.openqa.selenium.remote.http.AbstractHttpResponseCodec.decode(AbstractHttpResponseCodec.java:44)
	at org.openqa.selenium.remote.HttpCommandExecutor.execute(HttpCommandExecutor.java:158)
	at io.appium.java_client.remote.AppiumCommandExecutor.execute(AppiumCommandExecutor.java:247)
	at org.openqa.selenium.remote.RemoteWebDriver.execute(RemoteWebDriver.java:552)
	at io.appium.java_client.DefaultGenericMobileDriver.execute(DefaultGenericMobileDriver.java:41)
	at io.appium.java_client.AppiumDriver.execute(AppiumDriver.java:1)
	at io.appium.java_client.android.AndroidDriver.execute(AndroidDriver.java:1)
	at org.openqa.selenium.remote.RemoteWebDriver.findElement(RemoteWebDriver.java:323)
	at io.appium.java_client.DefaultGenericMobileDriver.findElement(DefaultGenericMobileDriver.java:61)
	at io.appium.java_client.AppiumDriver.findElement(AppiumDriver.java:1)
	at io.appium.java_client.android.AndroidDriver.findElement(AndroidDriver.java:1)
	at org.openqa.selenium.remote.RemoteWebDriver.findElementByXPath(RemoteWebDriver.java:428)
	at io.appium.java_client.DefaultGenericMobileDriver.findElementByXPath(DefaultGenericMobileDriver.java:151)
	at io.appium.java_client.AppiumDriver.findElementByXPath(AppiumDriver.java:1)
	at io.appium.java_client.android.AndroidDriver.findElementByXPath(AndroidDriver.java:1)
	at org.openqa.selenium.By$ByXPath.findElement(By.java:353)
	at org.openqa.selenium.remote.RemoteWebDriver.findElement(RemoteWebDriver.java:315)
	at io.appium.java_client.DefaultGenericMobileDriver.findElement(DefaultGenericMobileDriver.java:57)
	at io.appium.java_client.AppiumDriver.findElement(AppiumDriver.java:1)
	at io.appium.java_client.android.AndroidDriver.findElement(AndroidDriver.java:1)
	at org.openqa.selenium.support.pagefactory.DefaultElementLocator.findElement(DefaultElementLocator.java:69)
	at org.openqa.selenium.support.pagefactory.internal.LocatingElementHandler.invoke(LocatingElementHandler.java:38)
	at com.sun.proxy.$Proxy10.click(Unknown Source)
	at Pages.BtnDelete.clickOnDeleteBtn(BtnDelete.java:22)
	at test.PhotosSection.TestDeletePhotos.VeryDeletePhotosBtn_working(TestDeletePhotos.java:26)
	at sun.reflect.NativeMethodAccessorImpl.invoke0(Native Method)
	at sun.reflect.NativeMethodAccessorImpl.invoke(NativeMethodAccessorImpl.java:62)
	at sun.reflect.DelegatingMethodAccessorImpl.invoke(DelegatingMethodAccessorImpl.java:43)
	at java.lang.reflect.Method.invoke(Method.java:498)
	at org.testng.internal.MethodInvocationHelper.invokeMethod(MethodInvocationHelper.java:132)
	at org.testng.internal.TestInvoker.invokeMethod(TestInvoker.java:599)
	at org.testng.internal.TestInvoker.invokeTestMethod(TestInvoker.java:174)
	at org.testng.internal.MethodRunner.runInSequence(MethodRunner.java:46)
	at org.testng.internal.TestInvoker$MethodInvocationAgent.invoke(TestInvoker.java:822)
	at org.testng.internal.TestInvoker.invokeTestMethods(TestInvoker.java:147)
	at org.testng.internal.TestMethodWorker.invokeTestMethods(TestMethodWorker.java:146)
	at org.testng.internal.TestMethodWorker.run(TestMethodWorker.java:128)
	at java.util.ArrayList.forEach(ArrayList.java:1249)
	at org.testng.TestRunner.privateRun(TestRunner.java:764)
	at org.testng.TestRunner.run(TestRunner.java:585)
	at org.testng.SuiteRunner.runTest(SuiteRunner.java:384)
	at org.testng.SuiteRunner.runSequentially(SuiteRunner.java:378)
	at org.testng.SuiteRunner.privateRun(SuiteRunner.java:337)
	at org.testng.SuiteRunner.run(SuiteRunner.java:286)
	at org.testng.SuiteRunnerWorker.runSuite(SuiteRunnerWorker.java:53)
	at org.testng.SuiteRunnerWorker.run(SuiteRunnerWorker.java:96)
	at org.testng.TestNG.runSuitesSequentially(TestNG.java:1218)
	at org.testng.TestNG.runSuitesLocally(TestNG.java:1140)
	at org.testng.TestNG.runSuites(TestNG.java:1069)
	at org.testng.TestNG.run(TestNG.java:1037)
	at org.testng.remote.AbstractRemoteTestNG.run(AbstractRemoteTestNG.java:115)
	at org.testng.remote.RemoteTestNG.initAndRun(RemoteTestNG.java:251)
	at org.testng.remote.RemoteTestNG.main(RemoteTestNG.java:77)
</pre></div></td>
<td>1</td>
<td>test.PhotosSection.TestDeletePhotos@1238fc2</td></tr>
<tr>
<td title='test.PhotosSection.TestOpenGallery.validate_ImagesFoundOnDevice()'><b>validate_ImagesFoundOnDevice</b><br>Test class: test.PhotosSection.TestOpenGallery<br/>
<a href="#Output-25109378" onClick='toggleBox("Output-25109378", this, "Show output", "Hide output");'>Show output</a>

<a href="#Output-25109378" onClick="toggleAllBoxes();">Show all outputs</a>
<div class='log' id="Output-25109378">
Click to see Screenshot<br/>
<a target="_blank" href=Wed_Feb_24_17_30_49_PKT_2021.jpg>Screenshot</a><br/>
<br><br/>
<br><br/>
<a target="_blank" href=Wed_Feb_24_17_30_49_PKT_2021.jpg><img src=Wed_Feb_24_17_30_49_PKT_2021.jpg height=200 width=200></img></a><br/>
</div>
</td>
<td><div><pre>org.openqa.selenium.NoSuchElementException: no such element (An element could not be located on the page using the given search parameters (XPATH=&apos;//*[@resource-id=&apos;com.newsoftwares.folderlock_v1:id/album_import_ListView&apos;]&apos;))  (WARNING: The server did not provide any stacktrace information)
Command duration or timeout: 0 milliseconds
For documentation on this error, please visit: https://www.seleniumhq.org/exceptions/no_such_element.html
Build info: version: &apos;3.141.59&apos;, revision: &apos;e82be7d358&apos;, time: &apos;2018-11-14T08:17:03&apos;
System info: host: &apos;FARIZ-PC&apos;, ip: &apos;192.168.79.1&apos;, os.name: &apos;Windows 10&apos;, os.arch: &apos;x86&apos;, os.version: &apos;10.0&apos;, java.version: &apos;1.8.0_112&apos;
Driver info: io.appium.java_client.android.AndroidDriver
Capabilities {app: C:\Users\Fariz Anjum\Deskto..., appActivity: .SplashActvity, appBuildVersion: , appPackage: com.newsoftwares.folderlock_v1, appReleaseVersion: , appiumVersion: 1.8.0, applicationClearData: false, autoAcceptAlerts: false, autoDismissAlerts: false, autoGrantPermissions: true, autoWebview: false, browserName: , commandTimeouts: 120000, desired: {app: C:\Users\Fariz Anjum\Deskto..., appActivity: .SplashActvity, appPackage: com.newsoftwares.folderlock_v1, autoGrantPermissions: true, browserName: , deviceName: SM-G950U, fullReset: false, noReset: true, platformName: Android, platformVersion: 9}, device.category: PHONE, device.majorVersion: 9, device.manufacture: Genymotion, device.model: Custom Phone, device.name: Custom Phone, device.os: Android, device.screenSize: 1080x2160, device.serialNumber: 192.168.79.105:5555, device.version: 9, deviceName: SM-G950U, deviceUDID: 192.168.79.105:5555, dontGoHomeOnQuit: false, dontStopAppOnReset: false, fullReset: false, install.only.for.update: false, installOnlyForUpdate: false, instrumentApp: false, javascriptEnabled: true, keystorePath: ~/.android/debug.keystore, locationServicesAuthorized: false, newSessionWaitTimeout: 600, noReset: true, platform: ANDROID, platformName: Android, platformVersion: 9, projectName: , reportDirectory: reports, reportFormat: xml, reportUrl: C:\Users\Fariz Anjum\appium..., reservationDuration: 240, takeScreenshots: true, test.type: Mobile, testName: mobile test 02/24/21 05:30 PM, udid: 192.168.79.105:5555, useKeystore: false, waitForDeviceTimeout: 120000}
Session ID: a1a7a9b7-84bc-441a-a32b-492519d1a50b
*** Element info: {Using=xpath, value=//*[@resource-id=&apos;com.newsoftwares.folderlock_v1:id/album_import_ListView&apos;]}
	at org.openqa.selenium.remote.ErrorHandler.createThrowable(ErrorHandler.java:214)
	at org.openqa.selenium.remote.ErrorHandler.throwIfResponseFailed(ErrorHandler.java:166)
	at org.openqa.selenium.remote.http.JsonHttpResponseCodec.reconstructValue(JsonHttpResponseCodec.java:40)
	at org.openqa.selenium.remote.http.AbstractHttpResponseCodec.decode(AbstractHttpResponseCodec.java:80)
	at org.openqa.selenium.remote.http.AbstractHttpResponseCodec.decode(AbstractHttpResponseCodec.java:44)
	at org.openqa.selenium.remote.HttpCommandExecutor.execute(HttpCommandExecutor.java:158)
	at io.appium.java_client.remote.AppiumCommandExecutor.execute(AppiumCommandExecutor.java:247)
	at org.openqa.selenium.remote.RemoteWebDriver.execute(RemoteWebDriver.java:552)
	at io.appium.java_client.DefaultGenericMobileDriver.execute(DefaultGenericMobileDriver.java:41)
	at io.appium.java_client.AppiumDriver.execute(AppiumDriver.java:1)
	at io.appium.java_client.android.AndroidDriver.execute(AndroidDriver.java:1)
	at org.openqa.selenium.remote.RemoteWebDriver.findElement(RemoteWebDriver.java:323)
	at io.appium.java_client.DefaultGenericMobileDriver.findElement(DefaultGenericMobileDriver.java:61)
	at io.appium.java_client.AppiumDriver.findElement(AppiumDriver.java:1)
	at io.appium.java_client.android.AndroidDriver.findElement(AndroidDriver.java:1)
	at org.openqa.selenium.remote.RemoteWebDriver.findElementByXPath(RemoteWebDriver.java:428)
	at io.appium.java_client.DefaultGenericMobileDriver.findElementByXPath(DefaultGenericMobileDriver.java:151)
	at io.appium.java_client.AppiumDriver.findElementByXPath(AppiumDriver.java:1)
	at io.appium.java_client.android.AndroidDriver.findElementByXPath(AndroidDriver.java:1)
	at org.openqa.selenium.By$ByXPath.findElement(By.java:353)
	at org.openqa.selenium.remote.RemoteWebDriver.findElement(RemoteWebDriver.java:315)
	at io.appium.java_client.DefaultGenericMobileDriver.findElement(DefaultGenericMobileDriver.java:57)
	at io.appium.java_client.AppiumDriver.findElement(AppiumDriver.java:1)
	at io.appium.java_client.android.AndroidDriver.findElement(AndroidDriver.java:1)
	at org.openqa.selenium.support.pagefactory.DefaultElementLocator.findElement(DefaultElementLocator.java:69)
	at org.openqa.selenium.support.pagefactory.internal.LocatingElementHandler.invoke(LocatingElementHandler.java:38)
	at com.sun.proxy.$Proxy10.findElements(Unknown Source)
	at Pages.CheckMediaInDevice.countMediaFolder(CheckMediaInDevice.java:26)
	at test.PhotosSection.TestOpenGallery.validate_ImagesFoundOnDevice(TestOpenGallery.java:40)
	at java.util.ArrayList.forEach(ArrayList.java:1249)
... Removed 31 stack frames</pre></div><a href='#' onClick='toggleBox("stack-trace25109378", this, "Click to show all stack frames", "Click to hide stack frames")'>Click to show all stack frames</a>
<div class='stack-trace' id='stack-trace25109378'><pre>org.openqa.selenium.NoSuchElementException: no such element (An element could not be located on the page using the given search parameters (XPATH=&apos;//*[@resource-id=&apos;com.newsoftwares.folderlock_v1:id/album_import_ListView&apos;]&apos;))  (WARNING: The server did not provide any stacktrace information)
Command duration or timeout: 0 milliseconds
For documentation on this error, please visit: https://www.seleniumhq.org/exceptions/no_such_element.html
Build info: version: &apos;3.141.59&apos;, revision: &apos;e82be7d358&apos;, time: &apos;2018-11-14T08:17:03&apos;
System info: host: &apos;FARIZ-PC&apos;, ip: &apos;192.168.79.1&apos;, os.name: &apos;Windows 10&apos;, os.arch: &apos;x86&apos;, os.version: &apos;10.0&apos;, java.version: &apos;1.8.0_112&apos;
Driver info: io.appium.java_client.android.AndroidDriver
Capabilities {app: C:\Users\Fariz Anjum\Deskto..., appActivity: .SplashActvity, appBuildVersion: , appPackage: com.newsoftwares.folderlock_v1, appReleaseVersion: , appiumVersion: 1.8.0, applicationClearData: false, autoAcceptAlerts: false, autoDismissAlerts: false, autoGrantPermissions: true, autoWebview: false, browserName: , commandTimeouts: 120000, desired: {app: C:\Users\Fariz Anjum\Deskto..., appActivity: .SplashActvity, appPackage: com.newsoftwares.folderlock_v1, autoGrantPermissions: true, browserName: , deviceName: SM-G950U, fullReset: false, noReset: true, platformName: Android, platformVersion: 9}, device.category: PHONE, device.majorVersion: 9, device.manufacture: Genymotion, device.model: Custom Phone, device.name: Custom Phone, device.os: Android, device.screenSize: 1080x2160, device.serialNumber: 192.168.79.105:5555, device.version: 9, deviceName: SM-G950U, deviceUDID: 192.168.79.105:5555, dontGoHomeOnQuit: false, dontStopAppOnReset: false, fullReset: false, install.only.for.update: false, installOnlyForUpdate: false, instrumentApp: false, javascriptEnabled: true, keystorePath: ~/.android/debug.keystore, locationServicesAuthorized: false, newSessionWaitTimeout: 600, noReset: true, platform: ANDROID, platformName: Android, platformVersion: 9, projectName: , reportDirectory: reports, reportFormat: xml, reportUrl: C:\Users\Fariz Anjum\appium..., reservationDuration: 240, takeScreenshots: true, test.type: Mobile, testName: mobile test 02/24/21 05:30 PM, udid: 192.168.79.105:5555, useKeystore: false, waitForDeviceTimeout: 120000}
Session ID: a1a7a9b7-84bc-441a-a32b-492519d1a50b
*** Element info: {Using=xpath, value=//*[@resource-id=&apos;com.newsoftwares.folderlock_v1:id/album_import_ListView&apos;]}
	at sun.reflect.NativeConstructorAccessorImpl.newInstance0(Native Method)
	at sun.reflect.NativeConstructorAccessorImpl.newInstance(NativeConstructorAccessorImpl.java:62)
	at sun.reflect.DelegatingConstructorAccessorImpl.newInstance(DelegatingConstructorAccessorImpl.java:45)
	at java.lang.reflect.Constructor.newInstance(Constructor.java:423)
	at org.openqa.selenium.remote.ErrorHandler.createThrowable(ErrorHandler.java:214)
	at org.openqa.selenium.remote.ErrorHandler.throwIfResponseFailed(ErrorHandler.java:166)
	at org.openqa.selenium.remote.http.JsonHttpResponseCodec.reconstructValue(JsonHttpResponseCodec.java:40)
	at org.openqa.selenium.remote.http.AbstractHttpResponseCodec.decode(AbstractHttpResponseCodec.java:80)
	at org.openqa.selenium.remote.http.AbstractHttpResponseCodec.decode(AbstractHttpResponseCodec.java:44)
	at org.openqa.selenium.remote.HttpCommandExecutor.execute(HttpCommandExecutor.java:158)
	at io.appium.java_client.remote.AppiumCommandExecutor.execute(AppiumCommandExecutor.java:247)
	at org.openqa.selenium.remote.RemoteWebDriver.execute(RemoteWebDriver.java:552)
	at io.appium.java_client.DefaultGenericMobileDriver.execute(DefaultGenericMobileDriver.java:41)
	at io.appium.java_client.AppiumDriver.execute(AppiumDriver.java:1)
	at io.appium.java_client.android.AndroidDriver.execute(AndroidDriver.java:1)
	at org.openqa.selenium.remote.RemoteWebDriver.findElement(RemoteWebDriver.java:323)
	at io.appium.java_client.DefaultGenericMobileDriver.findElement(DefaultGenericMobileDriver.java:61)
	at io.appium.java_client.AppiumDriver.findElement(AppiumDriver.java:1)
	at io.appium.java_client.android.AndroidDriver.findElement(AndroidDriver.java:1)
	at org.openqa.selenium.remote.RemoteWebDriver.findElementByXPath(RemoteWebDriver.java:428)
	at io.appium.java_client.DefaultGenericMobileDriver.findElementByXPath(DefaultGenericMobileDriver.java:151)
	at io.appium.java_client.AppiumDriver.findElementByXPath(AppiumDriver.java:1)
	at io.appium.java_client.android.AndroidDriver.findElementByXPath(AndroidDriver.java:1)
	at org.openqa.selenium.By$ByXPath.findElement(By.java:353)
	at org.openqa.selenium.remote.RemoteWebDriver.findElement(RemoteWebDriver.java:315)
	at io.appium.java_client.DefaultGenericMobileDriver.findElement(DefaultGenericMobileDriver.java:57)
	at io.appium.java_client.AppiumDriver.findElement(AppiumDriver.java:1)
	at io.appium.java_client.android.AndroidDriver.findElement(AndroidDriver.java:1)
	at org.openqa.selenium.support.pagefactory.DefaultElementLocator.findElement(DefaultElementLocator.java:69)
	at org.openqa.selenium.support.pagefactory.internal.LocatingElementHandler.invoke(LocatingElementHandler.java:38)
	at com.sun.proxy.$Proxy10.findElements(Unknown Source)
	at Pages.CheckMediaInDevice.countMediaFolder(CheckMediaInDevice.java:26)
	at test.PhotosSection.TestOpenGallery.validate_ImagesFoundOnDevice(TestOpenGallery.java:40)
	at sun.reflect.NativeMethodAccessorImpl.invoke0(Native Method)
	at sun.reflect.NativeMethodAccessorImpl.invoke(NativeMethodAccessorImpl.java:62)
	at sun.reflect.DelegatingMethodAccessorImpl.invoke(DelegatingMethodAccessorImpl.java:43)
	at java.lang.reflect.Method.invoke(Method.java:498)
	at org.testng.internal.MethodInvocationHelper.invokeMethod(MethodInvocationHelper.java:132)
	at org.testng.internal.TestInvoker.invokeMethod(TestInvoker.java:599)
	at org.testng.internal.TestInvoker.invokeTestMethod(TestInvoker.java:174)
	at org.testng.internal.MethodRunner.runInSequence(MethodRunner.java:46)
	at org.testng.internal.TestInvoker$MethodInvocationAgent.invoke(TestInvoker.java:822)
	at org.testng.internal.TestInvoker.invokeTestMethods(TestInvoker.java:147)
	at org.testng.internal.TestMethodWorker.invokeTestMethods(TestMethodWorker.java:146)
	at org.testng.internal.TestMethodWorker.run(TestMethodWorker.java:128)
	at java.util.ArrayList.forEach(ArrayList.java:1249)
	at org.testng.TestRunner.privateRun(TestRunner.java:764)
	at org.testng.TestRunner.run(TestRunner.java:585)
	at org.testng.SuiteRunner.runTest(SuiteRunner.java:384)
	at org.testng.SuiteRunner.runSequentially(SuiteRunner.java:378)
	at org.testng.SuiteRunner.privateRun(SuiteRunner.java:337)
	at org.testng.SuiteRunner.run(SuiteRunner.java:286)
	at org.testng.SuiteRunnerWorker.runSuite(SuiteRunnerWorker.java:53)
	at org.testng.SuiteRunnerWorker.run(SuiteRunnerWorker.java:96)
	at org.testng.TestNG.runSuitesSequentially(TestNG.java:1218)
	at org.testng.TestNG.runSuitesLocally(TestNG.java:1140)
	at org.testng.TestNG.runSuites(TestNG.java:1069)
	at org.testng.TestNG.run(TestNG.java:1037)
	at org.testng.remote.AbstractRemoteTestNG.run(AbstractRemoteTestNG.java:115)
	at org.testng.remote.RemoteTestNG.initAndRun(RemoteTestNG.java:251)
	at org.testng.remote.RemoteTestNG.main(RemoteTestNG.java:77)
</pre></div></td>
<td>1</td>
<td>test.PhotosSection.TestOpenGallery@2b4c69</td></tr>
<tr>
<td title='test.PhotosSection.TestLoginWithPin.validate_pin_working_correct()'><b>validate_pin_working_correct</b><br>Test class: test.PhotosSection.TestLoginWithPin<br/>
<a href="#Output-29206907" onClick='toggleBox("Output-29206907", this, "Show output", "Hide output");'>Show output</a>

<a href="#Output-29206907" onClick="toggleAllBoxes();">Show all outputs</a>
<div class='log' id="Output-29206907">
Click to see Screenshot<br/>
<a target="_blank" href=Wed_Feb_24_17_30_14_PKT_2021.jpg>Screenshot</a><br/>
<br><br/>
<br><br/>
<a target="_blank" href=Wed_Feb_24_17_30_14_PKT_2021.jpg><img src=Wed_Feb_24_17_30_14_PKT_2021.jpg height=200 width=200></img></a><br/>
</div>
</td>
<td><div><pre>org.openqa.selenium.NoSuchElementException: no such element (An element could not be located on the page using the given search parameters (XPATH=&apos;//*[@id=&apos;txtPassword&apos;]&apos;))  (WARNING: The server did not provide any stacktrace information)
Command duration or timeout: 0 milliseconds
For documentation on this error, please visit: https://www.seleniumhq.org/exceptions/no_such_element.html
Build info: version: &apos;3.141.59&apos;, revision: &apos;e82be7d358&apos;, time: &apos;2018-11-14T08:17:03&apos;
System info: host: &apos;FARIZ-PC&apos;, ip: &apos;192.168.79.1&apos;, os.name: &apos;Windows 10&apos;, os.arch: &apos;x86&apos;, os.version: &apos;10.0&apos;, java.version: &apos;1.8.0_112&apos;
Driver info: io.appium.java_client.android.AndroidDriver
Capabilities {app: C:\Users\Fariz Anjum\Deskto..., appActivity: .SplashActvity, appBuildVersion: , appPackage: com.newsoftwares.folderlock_v1, appReleaseVersion: , appiumVersion: 1.8.0, applicationClearData: false, autoAcceptAlerts: false, autoDismissAlerts: false, autoGrantPermissions: true, autoWebview: false, browserName: , commandTimeouts: 120000, desired: {app: C:\Users\Fariz Anjum\Deskto..., appActivity: .SplashActvity, appPackage: com.newsoftwares.folderlock_v1, autoGrantPermissions: true, browserName: , deviceName: SM-G950U, fullReset: false, noReset: true, platformName: Android, platformVersion: 9}, device.category: PHONE, device.majorVersion: 9, device.manufacture: Genymotion, device.model: Custom Phone, device.name: Custom Phone, device.os: Android, device.screenSize: 1080x2160, device.serialNumber: 192.168.79.105:5555, device.version: 9, deviceName: SM-G950U, deviceUDID: 192.168.79.105:5555, dontGoHomeOnQuit: false, dontStopAppOnReset: false, fullReset: false, install.only.for.update: false, installOnlyForUpdate: false, instrumentApp: false, javascriptEnabled: true, keystorePath: ~/.android/debug.keystore, locationServicesAuthorized: false, newSessionWaitTimeout: 600, noReset: true, platform: ANDROID, platformName: Android, platformVersion: 9, projectName: , reportDirectory: reports, reportFormat: xml, reportUrl: C:\Users\Fariz Anjum\appium..., reservationDuration: 240, takeScreenshots: true, test.type: Mobile, testName: mobile test 02/24/21 05:30 PM, udid: 192.168.79.105:5555, useKeystore: false, waitForDeviceTimeout: 120000}
Session ID: a1a7a9b7-84bc-441a-a32b-492519d1a50b
*** Element info: {Using=xpath, value=//*[@id=&apos;txtPassword&apos;]}
	at org.openqa.selenium.remote.ErrorHandler.createThrowable(ErrorHandler.java:214)
	at org.openqa.selenium.remote.ErrorHandler.throwIfResponseFailed(ErrorHandler.java:166)
	at org.openqa.selenium.remote.http.JsonHttpResponseCodec.reconstructValue(JsonHttpResponseCodec.java:40)
	at org.openqa.selenium.remote.http.AbstractHttpResponseCodec.decode(AbstractHttpResponseCodec.java:80)
	at org.openqa.selenium.remote.http.AbstractHttpResponseCodec.decode(AbstractHttpResponseCodec.java:44)
	at org.openqa.selenium.remote.HttpCommandExecutor.execute(HttpCommandExecutor.java:158)
	at io.appium.java_client.remote.AppiumCommandExecutor.execute(AppiumCommandExecutor.java:247)
	at org.openqa.selenium.remote.RemoteWebDriver.execute(RemoteWebDriver.java:552)
	at io.appium.java_client.DefaultGenericMobileDriver.execute(DefaultGenericMobileDriver.java:41)
	at io.appium.java_client.AppiumDriver.execute(AppiumDriver.java:1)
	at io.appium.java_client.android.AndroidDriver.execute(AndroidDriver.java:1)
	at org.openqa.selenium.remote.RemoteWebDriver.findElement(RemoteWebDriver.java:323)
	at io.appium.java_client.DefaultGenericMobileDriver.findElement(DefaultGenericMobileDriver.java:61)
	at io.appium.java_client.AppiumDriver.findElement(AppiumDriver.java:1)
	at io.appium.java_client.android.AndroidDriver.findElement(AndroidDriver.java:1)
	at org.openqa.selenium.remote.RemoteWebDriver.findElementByXPath(RemoteWebDriver.java:428)
	at io.appium.java_client.DefaultGenericMobileDriver.findElementByXPath(DefaultGenericMobileDriver.java:151)
	at io.appium.java_client.AppiumDriver.findElementByXPath(AppiumDriver.java:1)
	at io.appium.java_client.android.AndroidDriver.findElementByXPath(AndroidDriver.java:1)
	at org.openqa.selenium.By$ByXPath.findElement(By.java:353)
	at org.openqa.selenium.remote.RemoteWebDriver.findElement(RemoteWebDriver.java:315)
	at io.appium.java_client.DefaultGenericMobileDriver.findElement(DefaultGenericMobileDriver.java:57)
	at io.appium.java_client.AppiumDriver.findElement(AppiumDriver.java:1)
	at io.appium.java_client.android.AndroidDriver.findElement(AndroidDriver.java:1)
	at Pages.LoginWithPin.performLogin(LoginWithPin.java:19)
	at test.PhotosSection.TestLoginWithPin.validate_pin_working_correct(TestLoginWithPin.java:26)
	at java.util.ArrayList.forEach(ArrayList.java:1249)
... Removed 31 stack frames</pre></div><a href='#' onClick='toggleBox("stack-trace29206907", this, "Click to show all stack frames", "Click to hide stack frames")'>Click to show all stack frames</a>
<div class='stack-trace' id='stack-trace29206907'><pre>org.openqa.selenium.NoSuchElementException: no such element (An element could not be located on the page using the given search parameters (XPATH=&apos;//*[@id=&apos;txtPassword&apos;]&apos;))  (WARNING: The server did not provide any stacktrace information)
Command duration or timeout: 0 milliseconds
For documentation on this error, please visit: https://www.seleniumhq.org/exceptions/no_such_element.html
Build info: version: &apos;3.141.59&apos;, revision: &apos;e82be7d358&apos;, time: &apos;2018-11-14T08:17:03&apos;
System info: host: &apos;FARIZ-PC&apos;, ip: &apos;192.168.79.1&apos;, os.name: &apos;Windows 10&apos;, os.arch: &apos;x86&apos;, os.version: &apos;10.0&apos;, java.version: &apos;1.8.0_112&apos;
Driver info: io.appium.java_client.android.AndroidDriver
Capabilities {app: C:\Users\Fariz Anjum\Deskto..., appActivity: .SplashActvity, appBuildVersion: , appPackage: com.newsoftwares.folderlock_v1, appReleaseVersion: , appiumVersion: 1.8.0, applicationClearData: false, autoAcceptAlerts: false, autoDismissAlerts: false, autoGrantPermissions: true, autoWebview: false, browserName: , commandTimeouts: 120000, desired: {app: C:\Users\Fariz Anjum\Deskto..., appActivity: .SplashActvity, appPackage: com.newsoftwares.folderlock_v1, autoGrantPermissions: true, browserName: , deviceName: SM-G950U, fullReset: false, noReset: true, platformName: Android, platformVersion: 9}, device.category: PHONE, device.majorVersion: 9, device.manufacture: Genymotion, device.model: Custom Phone, device.name: Custom Phone, device.os: Android, device.screenSize: 1080x2160, device.serialNumber: 192.168.79.105:5555, device.version: 9, deviceName: SM-G950U, deviceUDID: 192.168.79.105:5555, dontGoHomeOnQuit: false, dontStopAppOnReset: false, fullReset: false, install.only.for.update: false, installOnlyForUpdate: false, instrumentApp: false, javascriptEnabled: true, keystorePath: ~/.android/debug.keystore, locationServicesAuthorized: false, newSessionWaitTimeout: 600, noReset: true, platform: ANDROID, platformName: Android, platformVersion: 9, projectName: , reportDirectory: reports, reportFormat: xml, reportUrl: C:\Users\Fariz Anjum\appium..., reservationDuration: 240, takeScreenshots: true, test.type: Mobile, testName: mobile test 02/24/21 05:30 PM, udid: 192.168.79.105:5555, useKeystore: false, waitForDeviceTimeout: 120000}
Session ID: a1a7a9b7-84bc-441a-a32b-492519d1a50b
*** Element info: {Using=xpath, value=//*[@id=&apos;txtPassword&apos;]}
	at sun.reflect.NativeConstructorAccessorImpl.newInstance0(Native Method)
	at sun.reflect.NativeConstructorAccessorImpl.newInstance(NativeConstructorAccessorImpl.java:62)
	at sun.reflect.DelegatingConstructorAccessorImpl.newInstance(DelegatingConstructorAccessorImpl.java:45)
	at java.lang.reflect.Constructor.newInstance(Constructor.java:423)
	at org.openqa.selenium.remote.ErrorHandler.createThrowable(ErrorHandler.java:214)
	at org.openqa.selenium.remote.ErrorHandler.throwIfResponseFailed(ErrorHandler.java:166)
	at org.openqa.selenium.remote.http.JsonHttpResponseCodec.reconstructValue(JsonHttpResponseCodec.java:40)
	at org.openqa.selenium.remote.http.AbstractHttpResponseCodec.decode(AbstractHttpResponseCodec.java:80)
	at org.openqa.selenium.remote.http.AbstractHttpResponseCodec.decode(AbstractHttpResponseCodec.java:44)
	at org.openqa.selenium.remote.HttpCommandExecutor.execute(HttpCommandExecutor.java:158)
	at io.appium.java_client.remote.AppiumCommandExecutor.execute(AppiumCommandExecutor.java:247)
	at org.openqa.selenium.remote.RemoteWebDriver.execute(RemoteWebDriver.java:552)
	at io.appium.java_client.DefaultGenericMobileDriver.execute(DefaultGenericMobileDriver.java:41)
	at io.appium.java_client.AppiumDriver.execute(AppiumDriver.java:1)
	at io.appium.java_client.android.AndroidDriver.execute(AndroidDriver.java:1)
	at org.openqa.selenium.remote.RemoteWebDriver.findElement(RemoteWebDriver.java:323)
	at io.appium.java_client.DefaultGenericMobileDriver.findElement(DefaultGenericMobileDriver.java:61)
	at io.appium.java_client.AppiumDriver.findElement(AppiumDriver.java:1)
	at io.appium.java_client.android.AndroidDriver.findElement(AndroidDriver.java:1)
	at org.openqa.selenium.remote.RemoteWebDriver.findElementByXPath(RemoteWebDriver.java:428)
	at io.appium.java_client.DefaultGenericMobileDriver.findElementByXPath(DefaultGenericMobileDriver.java:151)
	at io.appium.java_client.AppiumDriver.findElementByXPath(AppiumDriver.java:1)
	at io.appium.java_client.android.AndroidDriver.findElementByXPath(AndroidDriver.java:1)
	at org.openqa.selenium.By$ByXPath.findElement(By.java:353)
	at org.openqa.selenium.remote.RemoteWebDriver.findElement(RemoteWebDriver.java:315)
	at io.appium.java_client.DefaultGenericMobileDriver.findElement(DefaultGenericMobileDriver.java:57)
	at io.appium.java_client.AppiumDriver.findElement(AppiumDriver.java:1)
	at io.appium.java_client.android.AndroidDriver.findElement(AndroidDriver.java:1)
	at Pages.LoginWithPin.performLogin(LoginWithPin.java:19)
	at test.PhotosSection.TestLoginWithPin.validate_pin_working_correct(TestLoginWithPin.java:26)
	at sun.reflect.NativeMethodAccessorImpl.invoke0(Native Method)
	at sun.reflect.NativeMethodAccessorImpl.invoke(NativeMethodAccessorImpl.java:62)
	at sun.reflect.DelegatingMethodAccessorImpl.invoke(DelegatingMethodAccessorImpl.java:43)
	at java.lang.reflect.Method.invoke(Method.java:498)
	at org.testng.internal.MethodInvocationHelper.invokeMethod(MethodInvocationHelper.java:132)
	at org.testng.internal.TestInvoker.invokeMethod(TestInvoker.java:599)
	at org.testng.internal.TestInvoker.invokeTestMethod(TestInvoker.java:174)
	at org.testng.internal.MethodRunner.runInSequence(MethodRunner.java:46)
	at org.testng.internal.TestInvoker$MethodInvocationAgent.invoke(TestInvoker.java:822)
	at org.testng.internal.TestInvoker.invokeTestMethods(TestInvoker.java:147)
	at org.testng.internal.TestMethodWorker.invokeTestMethods(TestMethodWorker.java:146)
	at org.testng.internal.TestMethodWorker.run(TestMethodWorker.java:128)
	at java.util.ArrayList.forEach(ArrayList.java:1249)
	at org.testng.TestRunner.privateRun(TestRunner.java:764)
	at org.testng.TestRunner.run(TestRunner.java:585)
	at org.testng.SuiteRunner.runTest(SuiteRunner.java:384)
	at org.testng.SuiteRunner.runSequentially(SuiteRunner.java:378)
	at org.testng.SuiteRunner.privateRun(SuiteRunner.java:337)
	at org.testng.SuiteRunner.run(SuiteRunner.java:286)
	at org.testng.SuiteRunnerWorker.runSuite(SuiteRunnerWorker.java:53)
	at org.testng.SuiteRunnerWorker.run(SuiteRunnerWorker.java:96)
	at org.testng.TestNG.runSuitesSequentially(TestNG.java:1218)
	at org.testng.TestNG.runSuitesLocally(TestNG.java:1140)
	at org.testng.TestNG.runSuites(TestNG.java:1069)
	at org.testng.TestNG.run(TestNG.java:1037)
	at org.testng.remote.AbstractRemoteTestNG.run(AbstractRemoteTestNG.java:115)
	at org.testng.remote.RemoteTestNG.initAndRun(RemoteTestNG.java:251)
	at org.testng.remote.RemoteTestNG.main(RemoteTestNG.java:77)
</pre></div></td>
<td>1</td>
<td>test.PhotosSection.TestLoginWithPin@c3e77a</td></tr>
<tr>
<td title='test.PhotosSection.TestUnhidePhotos.verify_MediaSelectedToUnhide()'><b>verify_MediaSelectedToUnhide</b><br>Test class: test.PhotosSection.TestUnhidePhotos<br/>
<a href="#Output-22517812" onClick='toggleBox("Output-22517812", this, "Show output", "Hide output");'>Show output</a>

<a href="#Output-22517812" onClick="toggleAllBoxes();">Show all outputs</a>
<div class='log' id="Output-22517812">
Click to see Screenshot<br/>
<a target="_blank" href=Wed_Feb_24_17_30_58_PKT_2021.jpg>Screenshot</a><br/>
<br><br/>
<br><br/>
<a target="_blank" href=Wed_Feb_24_17_30_58_PKT_2021.jpg><img src=Wed_Feb_24_17_30_58_PKT_2021.jpg height=200 width=200></img></a><br/>
</div>
</td>
<td><div><pre>org.openqa.selenium.NoSuchElementException: no such element (An element could not be located on the page using the given search parameters (CLASS_NAME=&apos;android.widget.GridView&apos;))  (WARNING: The server did not provide any stacktrace information)
Command duration or timeout: 0 milliseconds
For documentation on this error, please visit: https://www.seleniumhq.org/exceptions/no_such_element.html
Build info: version: &apos;3.141.59&apos;, revision: &apos;e82be7d358&apos;, time: &apos;2018-11-14T08:17:03&apos;
System info: host: &apos;FARIZ-PC&apos;, ip: &apos;192.168.79.1&apos;, os.name: &apos;Windows 10&apos;, os.arch: &apos;x86&apos;, os.version: &apos;10.0&apos;, java.version: &apos;1.8.0_112&apos;
Driver info: io.appium.java_client.android.AndroidDriver
Capabilities {app: C:\Users\Fariz Anjum\Deskto..., appActivity: .SplashActvity, appBuildVersion: , appPackage: com.newsoftwares.folderlock_v1, appReleaseVersion: , appiumVersion: 1.8.0, applicationClearData: false, autoAcceptAlerts: false, autoDismissAlerts: false, autoGrantPermissions: true, autoWebview: false, browserName: , commandTimeouts: 120000, desired: {app: C:\Users\Fariz Anjum\Deskto..., appActivity: .SplashActvity, appPackage: com.newsoftwares.folderlock_v1, autoGrantPermissions: true, browserName: , deviceName: SM-G950U, fullReset: false, noReset: true, platformName: Android, platformVersion: 9}, device.category: PHONE, device.majorVersion: 9, device.manufacture: Genymotion, device.model: Custom Phone, device.name: Custom Phone, device.os: Android, device.screenSize: 1080x2160, device.serialNumber: 192.168.79.105:5555, device.version: 9, deviceName: SM-G950U, deviceUDID: 192.168.79.105:5555, dontGoHomeOnQuit: false, dontStopAppOnReset: false, fullReset: false, install.only.for.update: false, installOnlyForUpdate: false, instrumentApp: false, javascriptEnabled: true, keystorePath: ~/.android/debug.keystore, locationServicesAuthorized: false, newSessionWaitTimeout: 600, noReset: true, platform: ANDROID, platformName: Android, platformVersion: 9, projectName: , reportDirectory: reports, reportFormat: xml, reportUrl: C:\Users\Fariz Anjum\appium..., reservationDuration: 240, takeScreenshots: true, test.type: Mobile, testName: mobile test 02/24/21 05:30 PM, udid: 192.168.79.105:5555, useKeystore: false, waitForDeviceTimeout: 120000}
Session ID: a1a7a9b7-84bc-441a-a32b-492519d1a50b
*** Element info: {Using=class name, value=android.widget.GridView}
	at org.openqa.selenium.remote.ErrorHandler.createThrowable(ErrorHandler.java:214)
	at org.openqa.selenium.remote.ErrorHandler.throwIfResponseFailed(ErrorHandler.java:166)
	at org.openqa.selenium.remote.http.JsonHttpResponseCodec.reconstructValue(JsonHttpResponseCodec.java:40)
	at org.openqa.selenium.remote.http.AbstractHttpResponseCodec.decode(AbstractHttpResponseCodec.java:80)
	at org.openqa.selenium.remote.http.AbstractHttpResponseCodec.decode(AbstractHttpResponseCodec.java:44)
	at org.openqa.selenium.remote.HttpCommandExecutor.execute(HttpCommandExecutor.java:158)
	at io.appium.java_client.remote.AppiumCommandExecutor.execute(AppiumCommandExecutor.java:247)
	at org.openqa.selenium.remote.RemoteWebDriver.execute(RemoteWebDriver.java:552)
	at io.appium.java_client.DefaultGenericMobileDriver.execute(DefaultGenericMobileDriver.java:41)
	at io.appium.java_client.AppiumDriver.execute(AppiumDriver.java:1)
	at io.appium.java_client.android.AndroidDriver.execute(AndroidDriver.java:1)
	at org.openqa.selenium.remote.RemoteWebDriver.findElement(RemoteWebDriver.java:323)
	at io.appium.java_client.DefaultGenericMobileDriver.findElement(DefaultGenericMobileDriver.java:61)
	at io.appium.java_client.AppiumDriver.findElement(AppiumDriver.java:1)
	at io.appium.java_client.android.AndroidDriver.findElement(AndroidDriver.java:1)
	at org.openqa.selenium.remote.RemoteWebDriver.findElementByClassName(RemoteWebDriver.java:412)
	at io.appium.java_client.DefaultGenericMobileDriver.findElementByClassName(DefaultGenericMobileDriver.java:125)
	at io.appium.java_client.AppiumDriver.findElementByClassName(AppiumDriver.java:1)
	at io.appium.java_client.android.AndroidDriver.findElementByClassName(AndroidDriver.java:1)
	at org.openqa.selenium.By$ByClassName.findElement(By.java:389)
	at org.openqa.selenium.remote.RemoteWebDriver.findElement(RemoteWebDriver.java:315)
	at io.appium.java_client.DefaultGenericMobileDriver.findElement(DefaultGenericMobileDriver.java:57)
	at io.appium.java_client.AppiumDriver.findElement(AppiumDriver.java:1)
	at io.appium.java_client.android.AndroidDriver.findElement(AndroidDriver.java:1)
	at org.openqa.selenium.support.pagefactory.DefaultElementLocator.findElement(DefaultElementLocator.java:69)
	at org.openqa.selenium.support.pagefactory.internal.LocatingElementHandler.invoke(LocatingElementHandler.java:38)
	at com.sun.proxy.$Proxy10.findElement(Unknown Source)
	at Pages.SelectMedia.longPress(SelectMedia.java:37)
	at test.PhotosSection.TestUnhidePhotos.verify_MediaSelectedToUnhide(TestUnhidePhotos.java:19)
	at java.util.ArrayList.forEach(ArrayList.java:1249)
... Removed 31 stack frames</pre></div><a href='#' onClick='toggleBox("stack-trace22517812", this, "Click to show all stack frames", "Click to hide stack frames")'>Click to show all stack frames</a>
<div class='stack-trace' id='stack-trace22517812'><pre>org.openqa.selenium.NoSuchElementException: no such element (An element could not be located on the page using the given search parameters (CLASS_NAME=&apos;android.widget.GridView&apos;))  (WARNING: The server did not provide any stacktrace information)
Command duration or timeout: 0 milliseconds
For documentation on this error, please visit: https://www.seleniumhq.org/exceptions/no_such_element.html
Build info: version: &apos;3.141.59&apos;, revision: &apos;e82be7d358&apos;, time: &apos;2018-11-14T08:17:03&apos;
System info: host: &apos;FARIZ-PC&apos;, ip: &apos;192.168.79.1&apos;, os.name: &apos;Windows 10&apos;, os.arch: &apos;x86&apos;, os.version: &apos;10.0&apos;, java.version: &apos;1.8.0_112&apos;
Driver info: io.appium.java_client.android.AndroidDriver
Capabilities {app: C:\Users\Fariz Anjum\Deskto..., appActivity: .SplashActvity, appBuildVersion: , appPackage: com.newsoftwares.folderlock_v1, appReleaseVersion: , appiumVersion: 1.8.0, applicationClearData: false, autoAcceptAlerts: false, autoDismissAlerts: false, autoGrantPermissions: true, autoWebview: false, browserName: , commandTimeouts: 120000, desired: {app: C:\Users\Fariz Anjum\Deskto..., appActivity: .SplashActvity, appPackage: com.newsoftwares.folderlock_v1, autoGrantPermissions: true, browserName: , deviceName: SM-G950U, fullReset: false, noReset: true, platformName: Android, platformVersion: 9}, device.category: PHONE, device.majorVersion: 9, device.manufacture: Genymotion, device.model: Custom Phone, device.name: Custom Phone, device.os: Android, device.screenSize: 1080x2160, device.serialNumber: 192.168.79.105:5555, device.version: 9, deviceName: SM-G950U, deviceUDID: 192.168.79.105:5555, dontGoHomeOnQuit: false, dontStopAppOnReset: false, fullReset: false, install.only.for.update: false, installOnlyForUpdate: false, instrumentApp: false, javascriptEnabled: true, keystorePath: ~/.android/debug.keystore, locationServicesAuthorized: false, newSessionWaitTimeout: 600, noReset: true, platform: ANDROID, platformName: Android, platformVersion: 9, projectName: , reportDirectory: reports, reportFormat: xml, reportUrl: C:\Users\Fariz Anjum\appium..., reservationDuration: 240, takeScreenshots: true, test.type: Mobile, testName: mobile test 02/24/21 05:30 PM, udid: 192.168.79.105:5555, useKeystore: false, waitForDeviceTimeout: 120000}
Session ID: a1a7a9b7-84bc-441a-a32b-492519d1a50b
*** Element info: {Using=class name, value=android.widget.GridView}
	at sun.reflect.NativeConstructorAccessorImpl.newInstance0(Native Method)
	at sun.reflect.NativeConstructorAccessorImpl.newInstance(NativeConstructorAccessorImpl.java:62)
	at sun.reflect.DelegatingConstructorAccessorImpl.newInstance(DelegatingConstructorAccessorImpl.java:45)
	at java.lang.reflect.Constructor.newInstance(Constructor.java:423)
	at org.openqa.selenium.remote.ErrorHandler.createThrowable(ErrorHandler.java:214)
	at org.openqa.selenium.remote.ErrorHandler.throwIfResponseFailed(ErrorHandler.java:166)
	at org.openqa.selenium.remote.http.JsonHttpResponseCodec.reconstructValue(JsonHttpResponseCodec.java:40)
	at org.openqa.selenium.remote.http.AbstractHttpResponseCodec.decode(AbstractHttpResponseCodec.java:80)
	at org.openqa.selenium.remote.http.AbstractHttpResponseCodec.decode(AbstractHttpResponseCodec.java:44)
	at org.openqa.selenium.remote.HttpCommandExecutor.execute(HttpCommandExecutor.java:158)
	at io.appium.java_client.remote.AppiumCommandExecutor.execute(AppiumCommandExecutor.java:247)
	at org.openqa.selenium.remote.RemoteWebDriver.execute(RemoteWebDriver.java:552)
	at io.appium.java_client.DefaultGenericMobileDriver.execute(DefaultGenericMobileDriver.java:41)
	at io.appium.java_client.AppiumDriver.execute(AppiumDriver.java:1)
	at io.appium.java_client.android.AndroidDriver.execute(AndroidDriver.java:1)
	at org.openqa.selenium.remote.RemoteWebDriver.findElement(RemoteWebDriver.java:323)
	at io.appium.java_client.DefaultGenericMobileDriver.findElement(DefaultGenericMobileDriver.java:61)
	at io.appium.java_client.AppiumDriver.findElement(AppiumDriver.java:1)
	at io.appium.java_client.android.AndroidDriver.findElement(AndroidDriver.java:1)
	at org.openqa.selenium.remote.RemoteWebDriver.findElementByClassName(RemoteWebDriver.java:412)
	at io.appium.java_client.DefaultGenericMobileDriver.findElementByClassName(DefaultGenericMobileDriver.java:125)
	at io.appium.java_client.AppiumDriver.findElementByClassName(AppiumDriver.java:1)
	at io.appium.java_client.android.AndroidDriver.findElementByClassName(AndroidDriver.java:1)
	at org.openqa.selenium.By$ByClassName.findElement(By.java:389)
	at org.openqa.selenium.remote.RemoteWebDriver.findElement(RemoteWebDriver.java:315)
	at io.appium.java_client.DefaultGenericMobileDriver.findElement(DefaultGenericMobileDriver.java:57)
	at io.appium.java_client.AppiumDriver.findElement(AppiumDriver.java:1)
	at io.appium.java_client.android.AndroidDriver.findElement(AndroidDriver.java:1)
	at org.openqa.selenium.support.pagefactory.DefaultElementLocator.findElement(DefaultElementLocator.java:69)
	at org.openqa.selenium.support.pagefactory.internal.LocatingElementHandler.invoke(LocatingElementHandler.java:38)
	at com.sun.proxy.$Proxy10.findElement(Unknown Source)
	at Pages.SelectMedia.longPress(SelectMedia.java:37)
	at test.PhotosSection.TestUnhidePhotos.verify_MediaSelectedToUnhide(TestUnhidePhotos.java:19)
	at sun.reflect.NativeMethodAccessorImpl.invoke0(Native Method)
	at sun.reflect.NativeMethodAccessorImpl.invoke(NativeMethodAccessorImpl.java:62)
	at sun.reflect.DelegatingMethodAccessorImpl.invoke(DelegatingMethodAccessorImpl.java:43)
	at java.lang.reflect.Method.invoke(Method.java:498)
	at org.testng.internal.MethodInvocationHelper.invokeMethod(MethodInvocationHelper.java:132)
	at org.testng.internal.TestInvoker.invokeMethod(TestInvoker.java:599)
	at org.testng.internal.TestInvoker.invokeTestMethod(TestInvoker.java:174)
	at org.testng.internal.MethodRunner.runInSequence(MethodRunner.java:46)
	at org.testng.internal.TestInvoker$MethodInvocationAgent.invoke(TestInvoker.java:822)
	at org.testng.internal.TestInvoker.invokeTestMethods(TestInvoker.java:147)
	at org.testng.internal.TestMethodWorker.invokeTestMethods(TestMethodWorker.java:146)
	at org.testng.internal.TestMethodWorker.run(TestMethodWorker.java:128)
	at java.util.ArrayList.forEach(ArrayList.java:1249)
	at org.testng.TestRunner.privateRun(TestRunner.java:764)
	at org.testng.TestRunner.run(TestRunner.java:585)
	at org.testng.SuiteRunner.runTest(SuiteRunner.java:384)
	at org.testng.SuiteRunner.runSequentially(SuiteRunner.java:378)
	at org.testng.SuiteRunner.privateRun(SuiteRunner.java:337)
	at org.testng.SuiteRunner.run(SuiteRunner.java:286)
	at org.testng.SuiteRunnerWorker.runSuite(SuiteRunnerWorker.java:53)
	at org.testng.SuiteRunnerWorker.run(SuiteRunnerWorker.java:96)
	at org.testng.TestNG.runSuitesSequentially(TestNG.java:1218)
	at org.testng.TestNG.runSuitesLocally(TestNG.java:1140)
	at org.testng.TestNG.runSuites(TestNG.java:1069)
	at org.testng.TestNG.run(TestNG.java:1037)
	at org.testng.remote.AbstractRemoteTestNG.run(AbstractRemoteTestNG.java:115)
	at org.testng.remote.RemoteTestNG.initAndRun(RemoteTestNG.java:251)
	at org.testng.remote.RemoteTestNG.main(RemoteTestNG.java:77)
</pre></div></td>
<td>1</td>
<td>test.PhotosSection.TestUnhidePhotos@54a73f</td></tr>
<tr>
<td title='test.PhotosSection.TestUnhidePhotos.verify_UnhideBtnWorking()'><b>verify_UnhideBtnWorking</b><br>Test class: test.PhotosSection.TestUnhidePhotos<br/>
<a href="#Output-25445847" onClick='toggleBox("Output-25445847", this, "Show output", "Hide output");'>Show output</a>

<a href="#Output-25445847" onClick="toggleAllBoxes();">Show all outputs</a>
<div class='log' id="Output-25445847">
Click to see Screenshot<br/>
<a target="_blank" href=Wed_Feb_24_17_31_00_PKT_2021.jpg>Screenshot</a><br/>
<br><br/>
<br><br/>
<a target="_blank" href=Wed_Feb_24_17_31_00_PKT_2021.jpg><img src=Wed_Feb_24_17_31_00_PKT_2021.jpg height=200 width=200></img></a><br/>
</div>
</td>
<td><div><pre>org.openqa.selenium.NoSuchElementException: no such element (An element could not be located on the page using the given search parameters (XPATH=&apos;//*[@resource-id=&apos;com.newsoftwares.folderlock_v1:id/action_unlock&apos;]&apos;))  (WARNING: The server did not provide any stacktrace information)
Command duration or timeout: 0 milliseconds
For documentation on this error, please visit: https://www.seleniumhq.org/exceptions/no_such_element.html
Build info: version: &apos;3.141.59&apos;, revision: &apos;e82be7d358&apos;, time: &apos;2018-11-14T08:17:03&apos;
System info: host: &apos;FARIZ-PC&apos;, ip: &apos;192.168.79.1&apos;, os.name: &apos;Windows 10&apos;, os.arch: &apos;x86&apos;, os.version: &apos;10.0&apos;, java.version: &apos;1.8.0_112&apos;
Driver info: io.appium.java_client.android.AndroidDriver
Capabilities {app: C:\Users\Fariz Anjum\Deskto..., appActivity: .SplashActvity, appBuildVersion: , appPackage: com.newsoftwares.folderlock_v1, appReleaseVersion: , appiumVersion: 1.8.0, applicationClearData: false, autoAcceptAlerts: false, autoDismissAlerts: false, autoGrantPermissions: true, autoWebview: false, browserName: , commandTimeouts: 120000, desired: {app: C:\Users\Fariz Anjum\Deskto..., appActivity: .SplashActvity, appPackage: com.newsoftwares.folderlock_v1, autoGrantPermissions: true, browserName: , deviceName: SM-G950U, fullReset: false, noReset: true, platformName: Android, platformVersion: 9}, device.category: PHONE, device.majorVersion: 9, device.manufacture: Genymotion, device.model: Custom Phone, device.name: Custom Phone, device.os: Android, device.screenSize: 1080x2160, device.serialNumber: 192.168.79.105:5555, device.version: 9, deviceName: SM-G950U, deviceUDID: 192.168.79.105:5555, dontGoHomeOnQuit: false, dontStopAppOnReset: false, fullReset: false, install.only.for.update: false, installOnlyForUpdate: false, instrumentApp: false, javascriptEnabled: true, keystorePath: ~/.android/debug.keystore, locationServicesAuthorized: false, newSessionWaitTimeout: 600, noReset: true, platform: ANDROID, platformName: Android, platformVersion: 9, projectName: , reportDirectory: reports, reportFormat: xml, reportUrl: C:\Users\Fariz Anjum\appium..., reservationDuration: 240, takeScreenshots: true, test.type: Mobile, testName: mobile test 02/24/21 05:30 PM, udid: 192.168.79.105:5555, useKeystore: false, waitForDeviceTimeout: 120000}
Session ID: a1a7a9b7-84bc-441a-a32b-492519d1a50b
*** Element info: {Using=xpath, value=//*[@resource-id=&apos;com.newsoftwares.folderlock_v1:id/action_unlock&apos;]}
	at org.openqa.selenium.remote.ErrorHandler.createThrowable(ErrorHandler.java:214)
	at org.openqa.selenium.remote.ErrorHandler.throwIfResponseFailed(ErrorHandler.java:166)
	at org.openqa.selenium.remote.http.JsonHttpResponseCodec.reconstructValue(JsonHttpResponseCodec.java:40)
	at org.openqa.selenium.remote.http.AbstractHttpResponseCodec.decode(AbstractHttpResponseCodec.java:80)
	at org.openqa.selenium.remote.http.AbstractHttpResponseCodec.decode(AbstractHttpResponseCodec.java:44)
	at org.openqa.selenium.remote.HttpCommandExecutor.execute(HttpCommandExecutor.java:158)
	at io.appium.java_client.remote.AppiumCommandExecutor.execute(AppiumCommandExecutor.java:247)
	at org.openqa.selenium.remote.RemoteWebDriver.execute(RemoteWebDriver.java:552)
	at io.appium.java_client.DefaultGenericMobileDriver.execute(DefaultGenericMobileDriver.java:41)
	at io.appium.java_client.AppiumDriver.execute(AppiumDriver.java:1)
	at io.appium.java_client.android.AndroidDriver.execute(AndroidDriver.java:1)
	at org.openqa.selenium.remote.RemoteWebDriver.findElement(RemoteWebDriver.java:323)
	at io.appium.java_client.DefaultGenericMobileDriver.findElement(DefaultGenericMobileDriver.java:61)
	at io.appium.java_client.AppiumDriver.findElement(AppiumDriver.java:1)
	at io.appium.java_client.android.AndroidDriver.findElement(AndroidDriver.java:1)
	at org.openqa.selenium.remote.RemoteWebDriver.findElementByXPath(RemoteWebDriver.java:428)
	at io.appium.java_client.DefaultGenericMobileDriver.findElementByXPath(DefaultGenericMobileDriver.java:151)
	at io.appium.java_client.AppiumDriver.findElementByXPath(AppiumDriver.java:1)
	at io.appium.java_client.android.AndroidDriver.findElementByXPath(AndroidDriver.java:1)
	at org.openqa.selenium.By$ByXPath.findElement(By.java:353)
	at org.openqa.selenium.remote.RemoteWebDriver.findElement(RemoteWebDriver.java:315)
	at io.appium.java_client.DefaultGenericMobileDriver.findElement(DefaultGenericMobileDriver.java:57)
	at io.appium.java_client.AppiumDriver.findElement(AppiumDriver.java:1)
	at io.appium.java_client.android.AndroidDriver.findElement(AndroidDriver.java:1)
	at org.openqa.selenium.support.pagefactory.DefaultElementLocator.findElement(DefaultElementLocator.java:69)
	at org.openqa.selenium.support.pagefactory.internal.LocatingElementHandler.invoke(LocatingElementHandler.java:38)
	at com.sun.proxy.$Proxy10.click(Unknown Source)
	at Pages.UnhideButton.clickOnUnhideButton(UnhideButton.java:24)
	at test.PhotosSection.TestUnhidePhotos.verify_UnhideBtnWorking(TestUnhidePhotos.java:27)
	at java.util.ArrayList.forEach(ArrayList.java:1249)
... Removed 31 stack frames</pre></div><a href='#' onClick='toggleBox("stack-trace25445847", this, "Click to show all stack frames", "Click to hide stack frames")'>Click to show all stack frames</a>
<div class='stack-trace' id='stack-trace25445847'><pre>org.openqa.selenium.NoSuchElementException: no such element (An element could not be located on the page using the given search parameters (XPATH=&apos;//*[@resource-id=&apos;com.newsoftwares.folderlock_v1:id/action_unlock&apos;]&apos;))  (WARNING: The server did not provide any stacktrace information)
Command duration or timeout: 0 milliseconds
For documentation on this error, please visit: https://www.seleniumhq.org/exceptions/no_such_element.html
Build info: version: &apos;3.141.59&apos;, revision: &apos;e82be7d358&apos;, time: &apos;2018-11-14T08:17:03&apos;
System info: host: &apos;FARIZ-PC&apos;, ip: &apos;192.168.79.1&apos;, os.name: &apos;Windows 10&apos;, os.arch: &apos;x86&apos;, os.version: &apos;10.0&apos;, java.version: &apos;1.8.0_112&apos;
Driver info: io.appium.java_client.android.AndroidDriver
Capabilities {app: C:\Users\Fariz Anjum\Deskto..., appActivity: .SplashActvity, appBuildVersion: , appPackage: com.newsoftwares.folderlock_v1, appReleaseVersion: , appiumVersion: 1.8.0, applicationClearData: false, autoAcceptAlerts: false, autoDismissAlerts: false, autoGrantPermissions: true, autoWebview: false, browserName: , commandTimeouts: 120000, desired: {app: C:\Users\Fariz Anjum\Deskto..., appActivity: .SplashActvity, appPackage: com.newsoftwares.folderlock_v1, autoGrantPermissions: true, browserName: , deviceName: SM-G950U, fullReset: false, noReset: true, platformName: Android, platformVersion: 9}, device.category: PHONE, device.majorVersion: 9, device.manufacture: Genymotion, device.model: Custom Phone, device.name: Custom Phone, device.os: Android, device.screenSize: 1080x2160, device.serialNumber: 192.168.79.105:5555, device.version: 9, deviceName: SM-G950U, deviceUDID: 192.168.79.105:5555, dontGoHomeOnQuit: false, dontStopAppOnReset: false, fullReset: false, install.only.for.update: false, installOnlyForUpdate: false, instrumentApp: false, javascriptEnabled: true, keystorePath: ~/.android/debug.keystore, locationServicesAuthorized: false, newSessionWaitTimeout: 600, noReset: true, platform: ANDROID, platformName: Android, platformVersion: 9, projectName: , reportDirectory: reports, reportFormat: xml, reportUrl: C:\Users\Fariz Anjum\appium..., reservationDuration: 240, takeScreenshots: true, test.type: Mobile, testName: mobile test 02/24/21 05:30 PM, udid: 192.168.79.105:5555, useKeystore: false, waitForDeviceTimeout: 120000}
Session ID: a1a7a9b7-84bc-441a-a32b-492519d1a50b
*** Element info: {Using=xpath, value=//*[@resource-id=&apos;com.newsoftwares.folderlock_v1:id/action_unlock&apos;]}
	at sun.reflect.NativeConstructorAccessorImpl.newInstance0(Native Method)
	at sun.reflect.NativeConstructorAccessorImpl.newInstance(NativeConstructorAccessorImpl.java:62)
	at sun.reflect.DelegatingConstructorAccessorImpl.newInstance(DelegatingConstructorAccessorImpl.java:45)
	at java.lang.reflect.Constructor.newInstance(Constructor.java:423)
	at org.openqa.selenium.remote.ErrorHandler.createThrowable(ErrorHandler.java:214)
	at org.openqa.selenium.remote.ErrorHandler.throwIfResponseFailed(ErrorHandler.java:166)
	at org.openqa.selenium.remote.http.JsonHttpResponseCodec.reconstructValue(JsonHttpResponseCodec.java:40)
	at org.openqa.selenium.remote.http.AbstractHttpResponseCodec.decode(AbstractHttpResponseCodec.java:80)
	at org.openqa.selenium.remote.http.AbstractHttpResponseCodec.decode(AbstractHttpResponseCodec.java:44)
	at org.openqa.selenium.remote.HttpCommandExecutor.execute(HttpCommandExecutor.java:158)
	at io.appium.java_client.remote.AppiumCommandExecutor.execute(AppiumCommandExecutor.java:247)
	at org.openqa.selenium.remote.RemoteWebDriver.execute(RemoteWebDriver.java:552)
	at io.appium.java_client.DefaultGenericMobileDriver.execute(DefaultGenericMobileDriver.java:41)
	at io.appium.java_client.AppiumDriver.execute(AppiumDriver.java:1)
	at io.appium.java_client.android.AndroidDriver.execute(AndroidDriver.java:1)
	at org.openqa.selenium.remote.RemoteWebDriver.findElement(RemoteWebDriver.java:323)
	at io.appium.java_client.DefaultGenericMobileDriver.findElement(DefaultGenericMobileDriver.java:61)
	at io.appium.java_client.AppiumDriver.findElement(AppiumDriver.java:1)
	at io.appium.java_client.android.AndroidDriver.findElement(AndroidDriver.java:1)
	at org.openqa.selenium.remote.RemoteWebDriver.findElementByXPath(RemoteWebDriver.java:428)
	at io.appium.java_client.DefaultGenericMobileDriver.findElementByXPath(DefaultGenericMobileDriver.java:151)
	at io.appium.java_client.AppiumDriver.findElementByXPath(AppiumDriver.java:1)
	at io.appium.java_client.android.AndroidDriver.findElementByXPath(AndroidDriver.java:1)
	at org.openqa.selenium.By$ByXPath.findElement(By.java:353)
	at org.openqa.selenium.remote.RemoteWebDriver.findElement(RemoteWebDriver.java:315)
	at io.appium.java_client.DefaultGenericMobileDriver.findElement(DefaultGenericMobileDriver.java:57)
	at io.appium.java_client.AppiumDriver.findElement(AppiumDriver.java:1)
	at io.appium.java_client.android.AndroidDriver.findElement(AndroidDriver.java:1)
	at org.openqa.selenium.support.pagefactory.DefaultElementLocator.findElement(DefaultElementLocator.java:69)
	at org.openqa.selenium.support.pagefactory.internal.LocatingElementHandler.invoke(LocatingElementHandler.java:38)
	at com.sun.proxy.$Proxy10.click(Unknown Source)
	at Pages.UnhideButton.clickOnUnhideButton(UnhideButton.java:24)
	at test.PhotosSection.TestUnhidePhotos.verify_UnhideBtnWorking(TestUnhidePhotos.java:27)
	at sun.reflect.NativeMethodAccessorImpl.invoke0(Native Method)
	at sun.reflect.NativeMethodAccessorImpl.invoke(NativeMethodAccessorImpl.java:62)
	at sun.reflect.DelegatingMethodAccessorImpl.invoke(DelegatingMethodAccessorImpl.java:43)
	at java.lang.reflect.Method.invoke(Method.java:498)
	at org.testng.internal.MethodInvocationHelper.invokeMethod(MethodInvocationHelper.java:132)
	at org.testng.internal.TestInvoker.invokeMethod(TestInvoker.java:599)
	at org.testng.internal.TestInvoker.invokeTestMethod(TestInvoker.java:174)
	at org.testng.internal.MethodRunner.runInSequence(MethodRunner.java:46)
	at org.testng.internal.TestInvoker$MethodInvocationAgent.invoke(TestInvoker.java:822)
	at org.testng.internal.TestInvoker.invokeTestMethods(TestInvoker.java:147)
	at org.testng.internal.TestMethodWorker.invokeTestMethods(TestMethodWorker.java:146)
	at org.testng.internal.TestMethodWorker.run(TestMethodWorker.java:128)
	at java.util.ArrayList.forEach(ArrayList.java:1249)
	at org.testng.TestRunner.privateRun(TestRunner.java:764)
	at org.testng.TestRunner.run(TestRunner.java:585)
	at org.testng.SuiteRunner.runTest(SuiteRunner.java:384)
	at org.testng.SuiteRunner.runSequentially(SuiteRunner.java:378)
	at org.testng.SuiteRunner.privateRun(SuiteRunner.java:337)
	at org.testng.SuiteRunner.run(SuiteRunner.java:286)
	at org.testng.SuiteRunnerWorker.runSuite(SuiteRunnerWorker.java:53)
	at org.testng.SuiteRunnerWorker.run(SuiteRunnerWorker.java:96)
	at org.testng.TestNG.runSuitesSequentially(TestNG.java:1218)
	at org.testng.TestNG.runSuitesLocally(TestNG.java:1140)
	at org.testng.TestNG.runSuites(TestNG.java:1069)
	at org.testng.TestNG.run(TestNG.java:1037)
	at org.testng.remote.AbstractRemoteTestNG.run(AbstractRemoteTestNG.java:115)
	at org.testng.remote.RemoteTestNG.initAndRun(RemoteTestNG.java:251)
	at org.testng.remote.RemoteTestNG.main(RemoteTestNG.java:77)
</pre></div></td>
<td>1</td>
<td>test.PhotosSection.TestUnhidePhotos@54a73f</td></tr>
</table><p>
<table width='100%' border='1' class='invocation-passed'>
<tr><td colspan='4' align='center'><b>PASSED TESTS</b></td></tr>
<tr><td><b>Test method</b></td>
<td width="30%"><b>Exception</b></td>
<td width="10%"><b>Time (seconds)</b></td>
<td><b>Instance</b></td>
</tr>
<tr>
<td title='test.PhotosSection.TestVerifyHidePhotos.Validate_HideButton_working()'><b>Validate_HideButton_working</b><br>Test class: test.PhotosSection.TestVerifyHidePhotos<br/>
<a href="#Output-10542068" onClick='toggleBox("Output-10542068", this, "Show output", "Hide output");'>Show output</a>

<a href="#Output-10542068" onClick="toggleAllBoxes();">Show all outputs</a>
<div class='log' id="Output-10542068">
Hide buttton working<br/>
</div>
</td>
<td></td>
<td>0</td>
<td>test.PhotosSection.TestVerifyHidePhotos@1a49800</td></tr>
<tr>
<td title='test.PhotosSection.TestEditAlbum.clickOnEditAlbum()'><b>clickOnEditAlbum</b><br>Test class: test.PhotosSection.TestEditAlbum<br/>
<a href="#Output-3979488" onClick='toggleBox("Output-3979488", this, "Show output", "Hide output");'>Show output</a>

<a href="#Output-3979488" onClick="toggleAllBoxes();">Show all outputs</a>
<div class='log' id="Output-3979488">
Edit Album button working<br/>
</div>
</td>
<td></td>
<td>1</td>
<td>test.PhotosSection.TestEditAlbum@1c33749</td></tr>
<tr>
<td title='test.PhotosSection.TestBackButton.pressBackButton()'><b>pressBackButton</b><br>Test class: test.PhotosSection.TestBackButton<br/>
<a href="#Output-28065752" onClick='toggleBox("Output-28065752", this, "Show output", "Hide output");'>Show output</a>

<a href="#Output-28065752" onClick="toggleAllBoxes();">Show all outputs</a>
<div class='log' id="Output-28065752">
Press back button two time to go back main screen<br/>
</div>
</td>
<td></td>
<td>2</td>
<td>test.PhotosSection.TestBackButton@a0ee18</td></tr>
<tr>
<td title='test.PhotosSection.TestOpenPhotos.validate_ClickOnPhotosSection()'><b>validate_ClickOnPhotosSection</b><br>Test class: test.PhotosSection.TestOpenPhotos<br/>
<a href="#Output-5421409" onClick='toggleBox("Output-5421409", this, "Show output", "Hide output");'>Show output</a>

<a href="#Output-5421409" onClick="toggleAllBoxes();">Show all outputs</a>
<div class='log' id="Output-5421409">
Photos Section open succesfully<br/>
</div>
</td>
<td></td>
<td>0</td>
<td>test.PhotosSection.TestOpenPhotos@123e82</td></tr>
<tr>
<td title='test.PhotosSection.TestLoginWithPin.validate_DashboardApear_Correct()'><b>validate_DashboardApear_Correct</b><br>Test class: test.PhotosSection.TestLoginWithPin<br/>
<a href="#Output-4415088" onClick='toggleBox("Output-4415088", this, "Show output", "Hide output");'>Show output</a>

<a href="#Output-4415088" onClick="toggleAllBoxes();">Show all outputs</a>
<div class='log' id="Output-4415088">
Dashoard Title 'Folder Lock' is correct<br/>
</div>
</td>
<td></td>
<td>0</td>
<td>test.PhotosSection.TestLoginWithPin@c3e77a</td></tr>
<tr>
<td title='test.PhotosSection.TestCreateNewAlbum.validate_FolderIsOpen()'><b>validate_FolderIsOpen</b><br>Test class: test.PhotosSection.TestCreateNewAlbum<br/>
<a href="#Output-4338945" onClick='toggleBox("Output-4338945", this, "Show output", "Hide output");'>Show output</a>

<a href="#Output-4338945" onClick="toggleAllBoxes();">Show all outputs</a>
<div class='log' id="Output-4338945">
Folder Open succesfully<br/>
</div>
</td>
<td></td>
<td>2</td>
<td>test.PhotosSection.TestCreateNewAlbum@1ba92d3</td></tr>
<tr>
<td title='test.PhotosSection.TestCreateNewAlbum.validate_FolderTitle_correct()'><b>validate_FolderTitle_correct</b><br>Test class: test.PhotosSection.TestCreateNewAlbum<br/>
<a href="#Output-7388473" onClick='toggleBox("Output-7388473", this, "Show output", "Hide output");'>Show output</a>

<a href="#Output-7388473" onClick="toggleAllBoxes();">Show all outputs</a>
<div class='log' id="Output-7388473">
'AutoCreate' title same as expected<br/>
</div>
</td>
<td></td>
<td>2</td>
<td>test.PhotosSection.TestCreateNewAlbum@1ba92d3</td></tr>
<tr>
<td title='test.PhotosSection.TestOpenGallery.validate_GalleryTitle_Correct()'><b>validate_GalleryTitle_Correct</b><br>Test class: test.PhotosSection.TestOpenGallery<br/>
<a href="#Output-1060380" onClick='toggleBox("Output-1060380", this, "Show output", "Hide output");'>Show output</a>

<a href="#Output-1060380" onClick="toggleAllBoxes();">Show all outputs</a>
<div class='log' id="Output-1060380">
Open Gallery Title of image Library is correct<br/>
</div>
</td>
<td></td>
<td>1</td>
<td>test.PhotosSection.TestOpenGallery@2b4c69</td></tr>
<tr>
<td title='test.PhotosSection.TestOpenGallery.validate_ImportFromGalleryBtn_Working()'><b>validate_ImportFromGalleryBtn_Working</b><br>Test class: test.PhotosSection.TestOpenGallery<br/>
<a href="#Output-197659" onClick='toggleBox("Output-197659", this, "Show output", "Hide output");'>Show output</a>

<a href="#Output-197659" onClick="toggleAllBoxes();">Show all outputs</a>
<div class='log' id="Output-197659">
import From gallery working<br/>
</div>
</td>
<td></td>
<td>1</td>
<td>test.PhotosSection.TestOpenGallery@2b4c69</td></tr>
<tr>
<td title='test.PhotosSection.TestEditAlbum.validate_NewFolderCreated()'><b>validate_NewFolderCreated</b><br>Test class: test.PhotosSection.TestEditAlbum<br/>
<a href="#Output-15793064" onClick='toggleBox("Output-15793064", this, "Show output", "Hide output");'>Show output</a>

<a href="#Output-15793064" onClick="toggleAllBoxes();">Show all outputs</a>
<div class='log' id="Output-15793064">
'AutoCreate' Folder created successfully<br/>
</div>
</td>
<td></td>
<td>4</td>
<td>test.PhotosSection.TestEditAlbum@1c33749</td></tr>
<tr>
<td title='test.PhotosSection.TestCreateNewAlbum.validate_NewFolderCreated()'><b>validate_NewFolderCreated</b><br>Test class: test.PhotosSection.TestCreateNewAlbum<br/>
<a href="#Output-28213729" onClick='toggleBox("Output-28213729", this, "Show output", "Hide output");'>Show output</a>

<a href="#Output-28213729" onClick="toggleAllBoxes();">Show all outputs</a>
<div class='log' id="Output-28213729">
'AutoCreate' Folder created successfully<br/>
</div>
</td>
<td></td>
<td>4</td>
<td>test.PhotosSection.TestCreateNewAlbum@1ba92d3</td></tr>
<tr>
<td title='test.PhotosSection.TestOpenPhotos.validate_PhotosPageTitle_correct()'><b>validate_PhotosPageTitle_correct</b><br>Test class: test.PhotosSection.TestOpenPhotos<br/>
<a href="#Output-4058160" onClick='toggleBox("Output-4058160", this, "Show output", "Hide output");'>Show output</a>

<a href="#Output-4058160" onClick="toggleAllBoxes();">Show all outputs</a>
<div class='log' id="Output-4058160">
Title Equal as per Expected<br/>
</div>
</td>
<td></td>
<td>1</td>
<td>test.PhotosSection.TestOpenPhotos@123e82</td></tr>
<tr>
<td title='test.PhotosSection.TestOpenGallery.validate_PlusButton_Working()'><b>validate_PlusButton_Working</b><br>Test class: test.PhotosSection.TestOpenGallery<br/>
<a href="#Output-13390970" onClick='toggleBox("Output-13390970", this, "Show output", "Hide output");'>Show output</a>

<a href="#Output-13390970" onClick="toggleAllBoxes();">Show all outputs</a>
<div class='log' id="Output-13390970">
Import Plus Button Working fine<br/>
</div>
</td>
<td></td>
<td>0</td>
<td>test.PhotosSection.TestOpenGallery@2b4c69</td></tr>
<tr>
<td title='test.PhotosSection.TestOpenPhotos.validate_TutorialPopUpSkipped()'><b>validate_TutorialPopUpSkipped</b><br>Test class: test.PhotosSection.TestOpenPhotos<br/>
<a href="#Output-5632631" onClick='toggleBox("Output-5632631", this, "Show output", "Hide output");'>Show output</a>

<a href="#Output-5632631" onClick="toggleAllBoxes();">Show all outputs</a>
<div class='log' id="Output-5632631">
Tutorial Popup Skipped<br/>
</div>
</td>
<td></td>
<td>4</td>
<td>test.PhotosSection.TestOpenPhotos@123e82</td></tr>
<tr>
<td title='test.PhotosSection.TestLoginWithPin.validate_ratingPopUpSkiped()'><b>validate_ratingPopUpSkiped</b><br>Test class: test.PhotosSection.TestLoginWithPin<br/>
<a href="#Output-31147880" onClick='toggleBox("Output-31147880", this, "Show output", "Hide output");'>Show output</a>

<a href="#Output-31147880" onClick="toggleAllBoxes();">Show all outputs</a>
<div class='log' id="Output-31147880">
Rating PopUp does't appear<br/>
</div>
</td>
<td></td>
<td>1</td>
<td>test.PhotosSection.TestLoginWithPin@c3e77a</td></tr>
<tr>
<td title='test.PhotosSection.TestEditAlbum.varify_AlbumDeleteWorking()'><b>varify_AlbumDeleteWorking</b><br>Test class: test.PhotosSection.TestEditAlbum<br/>
<a href="#Output-23164217" onClick='toggleBox("Output-23164217", this, "Show output", "Hide output");'>Show output</a>

<a href="#Output-23164217" onClick="toggleAllBoxes();">Show all outputs</a>
<div class='log' id="Output-23164217">
Album Delete button Working<br/>
</div>
</td>
<td></td>
<td>4</td>
<td>test.PhotosSection.TestEditAlbum@1c33749</td></tr>
<tr>
<td title='test.PhotosSection.TestEditAlbum.varify_AlbumRenameWorking()'><b>varify_AlbumRenameWorking</b><br>Test class: test.PhotosSection.TestEditAlbum<br/>
<a href="#Output-10550636" onClick='toggleBox("Output-10550636", this, "Show output", "Hide output");'>Show output</a>

<a href="#Output-10550636" onClick="toggleAllBoxes();">Show all outputs</a>
<div class='log' id="Output-10550636">
Album Rename working<br/>
</div>
</td>
<td></td>
<td>4</td>
<td>test.PhotosSection.TestEditAlbum@1c33749</td></tr>
</table><p>
<table width='100%' border='1' class='invocation-skipped'>
<tr><td colspan='4' align='center'><b>SKIPPED TESTS</b></td></tr>
<tr><td><b>Test method</b></td>
<td width="30%"><b>Exception</b></td>
<td width="10%"><b>Time (seconds)</b></td>
<td><b>Instance</b></td>
</tr>
<tr>
<td title='test.PhotosSection.TestOpenGallery.validate_ImageFolder_Open()'><b>validate_ImageFolder_Open</b><br>Test class: test.PhotosSection.TestOpenGallery</td>
<td><div><pre>java.lang.Throwable: Method TestOpenGallery.validate_ImageFolder_Open()[pri:5, instance:test.PhotosSection.TestOpenGallery@2b4c69] depends on not successfully finished methods
	at java.util.ArrayList.forEach(ArrayList.java:1249)
... Removed 18 stack frames</pre></div><a href='#' onClick='toggleBox("stack-trace1426930", this, "Click to show all stack frames", "Click to hide stack frames")'>Click to show all stack frames</a>
<div class='stack-trace' id='stack-trace1426930'><pre>java.lang.Throwable: Method TestOpenGallery.validate_ImageFolder_Open()[pri:5, instance:test.PhotosSection.TestOpenGallery@2b4c69] depends on not successfully finished methods
	at org.testng.internal.TestInvoker.invokeTestMethods(TestInvoker.java:102)
	at org.testng.internal.TestMethodWorker.invokeTestMethods(TestMethodWorker.java:146)
	at org.testng.internal.TestMethodWorker.run(TestMethodWorker.java:128)
	at java.util.ArrayList.forEach(ArrayList.java:1249)
	at org.testng.TestRunner.privateRun(TestRunner.java:764)
	at org.testng.TestRunner.run(TestRunner.java:585)
	at org.testng.SuiteRunner.runTest(SuiteRunner.java:384)
	at org.testng.SuiteRunner.runSequentially(SuiteRunner.java:378)
	at org.testng.SuiteRunner.privateRun(SuiteRunner.java:337)
	at org.testng.SuiteRunner.run(SuiteRunner.java:286)
	at org.testng.SuiteRunnerWorker.runSuite(SuiteRunnerWorker.java:53)
	at org.testng.SuiteRunnerWorker.run(SuiteRunnerWorker.java:96)
	at org.testng.TestNG.runSuitesSequentially(TestNG.java:1218)
	at org.testng.TestNG.runSuitesLocally(TestNG.java:1140)
	at org.testng.TestNG.runSuites(TestNG.java:1069)
	at org.testng.TestNG.run(TestNG.java:1037)
	at org.testng.remote.AbstractRemoteTestNG.run(AbstractRemoteTestNG.java:115)
	at org.testng.remote.RemoteTestNG.initAndRun(RemoteTestNG.java:251)
	at org.testng.remote.RemoteTestNG.main(RemoteTestNG.java:77)
</pre></div></td>
<td>0</td>
<td>test.PhotosSection.TestOpenGallery@2b4c69</td></tr>
</table><p>
</body>
</html>