<?xml version="1.0" encoding="utf-8" ?>
<!DOCTYPE html PUBLIC "-//W3C//DTD XHTML 1.0 Strict//EN"
        "http://www.w3.org/TR/xhtml1/DTD/xhtml1-strict.dtd">
<html xmlns="http://www.w3.org/1999/xhtml" xml:lang="" lang="">
<head>
  <title>Test Results Report - Test Photos Section Complete</title>
  <meta http-equiv="Content-Type" content="text/html;charset=utf-8" />
  <meta name="description" content="TestNG unit test results." />
  <link href="reportng.css" rel="stylesheet" type="text/css" />
    <script type="text/javascript" src="reportng.js"></script>
</head>
<body>
<h1>Test Photos Section Complete</h1>
<p>
  Test duration: 47.059s
</p>



  <table class="resultsTable">
    <tr><th colspan="3" class="header failed">Failed Tests</th></tr>
          <tr>
        <td colspan="3" class="group">test.PhotosSection.TestDeletePhotos</td>
      </tr>
            
<tr>
  <td class="method">
                  VerifyImageSelected
      </td>
  <td class="duration">
    1.246s
  </td>
  <td class="result">
        
    
            <div class="testOutput">
                        Click to see Screenshot
                                <a target="_blank" href=Wed_Feb_24_17_30_55_PKT_2021.jpg>Screenshot</a>
                                <br>
                                <br>
                                <a target="_blank" href=Wed_Feb_24_17_30_55_PKT_2021.jpg><img src=Wed_Feb_24_17_30_55_PKT_2021.jpg height=200 width=200></img></a>
                  </div>
    

        <a href="javascript:toggleElement('exception-0', 'block')" title="Click to expand/collapse"><b>org.openqa.selenium.NoSuchElementException: no such element (An element could not be located on the page using the given search parameters (CLASS_NAME=&apos;android.widget.GridView&apos;))&nbsp; (WARNING: The server did not provide any stacktrace information)<br/>
Command duration or timeout: 0 milliseconds<br/>
For documentation on this error, please visit: https://www.seleniumhq.org/exceptions/no_such_element.html<br/>
Build info: version: &apos;3.141.59&apos;, revision: &apos;e82be7d358&apos;, time: &apos;2018-11-14T08:17:03&apos;<br/>
System info: host: &apos;FARIZ-PC&apos;, ip: &apos;192.168.79.1&apos;, os.name: &apos;Windows 10&apos;, os.arch: &apos;x86&apos;, os.version: &apos;10.0&apos;, java.version: &apos;1.8.0_112&apos;<br/>
Driver info: io.appium.java_client.android.AndroidDriver<br/>
Capabilities {app: C:\Users\Fariz Anjum\Deskto..., appActivity: .SplashActvity, appBuildVersion: , appPackage: com.newsoftwares.folderlock_v1, appReleaseVersion: , appiumVersion: 1.8.0, applicationClearData: false, autoAcceptAlerts: false, autoDismissAlerts: false, autoGrantPermissions: true, autoWebview: false, browserName: , commandTimeouts: 120000, desired: {app: C:\Users\Fariz Anjum\Deskto..., appActivity: .SplashActvity, appPackage: com.newsoftwares.folderlock_v1, autoGrantPermissions: true, browserName: , deviceName: SM-G950U, fullReset: false, noReset: true, platformName: Android, platformVersion: 9}, device.category: PHONE, device.majorVersion: 9, device.manufacture: Genymotion, device.model: Custom Phone, device.name: Custom Phone, device.os: Android, device.screenSize: 1080x2160, device.serialNumber: 192.168.79.105:5555, device.version: 9, deviceName: SM-G950U, deviceUDID: 192.168.79.105:5555, dontGoHomeOnQuit: false, dontStopAppOnReset: false, fullReset: false, install.only.for.update: false, installOnlyForUpdate: false, instrumentApp: false, javascriptEnabled: true, keystorePath: ~/.android/debug.keystore, locationServicesAuthorized: false, newSessionWaitTimeout: 600, noReset: true, platform: ANDROID, platformName: Android, platformVersion: 9, projectName: , reportDirectory: reports, reportFormat: xml, reportUrl: C:\Users\Fariz Anjum\appium..., reservationDuration: 240, takeScreenshots: true, test.type: Mobile, testName: mobile test 02/24/21 05:30 PM, udid: 192.168.79.105:5555, useKeystore: false, waitForDeviceTimeout: 120000}<br/>
Session ID: a1a7a9b7-84bc-441a-a32b-492519d1a50b<br/>
*** Element info: {Using=class name, value=android.widget.GridView}</b></a><br />
    <div class="stackTrace" id="exception-0">
              sun.reflect.NativeConstructorAccessorImpl.newInstance0(Native Method)<br />
              sun.reflect.NativeConstructorAccessorImpl.newInstance(NativeConstructorAccessorImpl.java:62)<br />
              sun.reflect.DelegatingConstructorAccessorImpl.newInstance(DelegatingConstructorAccessorImpl.java:45)<br />
              java.lang.reflect.Constructor.newInstance(Constructor.java:423)<br />
              org.openqa.selenium.remote.ErrorHandler.createThrowable(ErrorHandler.java:214)<br />
              org.openqa.selenium.remote.ErrorHandler.throwIfResponseFailed(ErrorHandler.java:166)<br />
              org.openqa.selenium.remote.http.JsonHttpResponseCodec.reconstructValue(JsonHttpResponseCodec.java:40)<br />
              org.openqa.selenium.remote.http.AbstractHttpResponseCodec.decode(AbstractHttpResponseCodec.java:80)<br />
              org.openqa.selenium.remote.http.AbstractHttpResponseCodec.decode(AbstractHttpResponseCodec.java:44)<br />
              org.openqa.selenium.remote.HttpCommandExecutor.execute(HttpCommandExecutor.java:158)<br />
              io.appium.java_client.remote.AppiumCommandExecutor.execute(AppiumCommandExecutor.java:247)<br />
              org.openqa.selenium.remote.RemoteWebDriver.execute(RemoteWebDriver.java:552)<br />
              io.appium.java_client.DefaultGenericMobileDriver.execute(DefaultGenericMobileDriver.java:41)<br />
              io.appium.java_client.AppiumDriver.execute(AppiumDriver.java:1)<br />
              io.appium.java_client.android.AndroidDriver.execute(AndroidDriver.java:1)<br />
              org.openqa.selenium.remote.RemoteWebDriver.findElement(RemoteWebDriver.java:323)<br />
              io.appium.java_client.DefaultGenericMobileDriver.findElement(DefaultGenericMobileDriver.java:61)<br />
              io.appium.java_client.AppiumDriver.findElement(AppiumDriver.java:1)<br />
              io.appium.java_client.android.AndroidDriver.findElement(AndroidDriver.java:1)<br />
              org.openqa.selenium.remote.RemoteWebDriver.findElementByClassName(RemoteWebDriver.java:412)<br />
              io.appium.java_client.DefaultGenericMobileDriver.findElementByClassName(DefaultGenericMobileDriver.java:125)<br />
              io.appium.java_client.AppiumDriver.findElementByClassName(AppiumDriver.java:1)<br />
              io.appium.java_client.android.AndroidDriver.findElementByClassName(AndroidDriver.java:1)<br />
              org.openqa.selenium.By$ByClassName.findElement(By.java:389)<br />
              org.openqa.selenium.remote.RemoteWebDriver.findElement(RemoteWebDriver.java:315)<br />
              io.appium.java_client.DefaultGenericMobileDriver.findElement(DefaultGenericMobileDriver.java:57)<br />
              io.appium.java_client.AppiumDriver.findElement(AppiumDriver.java:1)<br />
              io.appium.java_client.android.AndroidDriver.findElement(AndroidDriver.java:1)<br />
              org.openqa.selenium.support.pagefactory.DefaultElementLocator.findElement(DefaultElementLocator.java:69)<br />
              org.openqa.selenium.support.pagefactory.internal.LocatingElementHandler.invoke(LocatingElementHandler.java:38)<br />
              com.sun.proxy.$Proxy10.findElement(Unknown Source)<br />
              Pages.SelectMedia.longPress(SelectMedia.java:37)<br />
              test.PhotosSection.TestDeletePhotos.VerifyImageSelected(TestDeletePhotos.java:19)<br />
              sun.reflect.NativeMethodAccessorImpl.invoke0(Native Method)<br />
              sun.reflect.NativeMethodAccessorImpl.invoke(NativeMethodAccessorImpl.java:62)<br />
              sun.reflect.DelegatingMethodAccessorImpl.invoke(DelegatingMethodAccessorImpl.java:43)<br />
              java.lang.reflect.Method.invoke(Method.java:498)<br />
              org.testng.internal.MethodInvocationHelper.invokeMethod(MethodInvocationHelper.java:132)<br />
              org.testng.internal.TestInvoker.invokeMethod(TestInvoker.java:599)<br />
              org.testng.internal.TestInvoker.invokeTestMethod(TestInvoker.java:174)<br />
              org.testng.internal.MethodRunner.runInSequence(MethodRunner.java:46)<br />
              org.testng.internal.TestInvoker$MethodInvocationAgent.invoke(TestInvoker.java:822)<br />
              org.testng.internal.TestInvoker.invokeTestMethods(TestInvoker.java:147)<br />
              org.testng.internal.TestMethodWorker.invokeTestMethods(TestMethodWorker.java:146)<br />
              org.testng.internal.TestMethodWorker.run(TestMethodWorker.java:128)<br />
              java.util.ArrayList.forEach(ArrayList.java:1249)<br />
              org.testng.TestRunner.privateRun(TestRunner.java:764)<br />
              org.testng.TestRunner.run(TestRunner.java:585)<br />
              org.testng.SuiteRunner.runTest(SuiteRunner.java:384)<br />
              org.testng.SuiteRunner.runSequentially(SuiteRunner.java:378)<br />
              org.testng.SuiteRunner.privateRun(SuiteRunner.java:337)<br />
              org.testng.SuiteRunner.run(SuiteRunner.java:286)<br />
              org.testng.SuiteRunnerWorker.runSuite(SuiteRunnerWorker.java:53)<br />
              org.testng.SuiteRunnerWorker.run(SuiteRunnerWorker.java:96)<br />
              org.testng.TestNG.runSuitesSequentially(TestNG.java:1218)<br />
              org.testng.TestNG.runSuitesLocally(TestNG.java:1140)<br />
              org.testng.TestNG.runSuites(TestNG.java:1069)<br />
              org.testng.TestNG.run(TestNG.java:1037)<br />
              org.testng.remote.AbstractRemoteTestNG.run(AbstractRemoteTestNG.java:115)<br />
              org.testng.remote.RemoteTestNG.initAndRun(RemoteTestNG.java:251)<br />
              org.testng.remote.RemoteTestNG.main(RemoteTestNG.java:77)<br />
                </div>
      </td>
</tr>
<tr>
  <td class="method">
                  VeryDeletePhotosBtn_working
      </td>
  <td class="duration">
    1.212s
  </td>
  <td class="result">
        
    
            <div class="testOutput">
                        Click to see Screenshot
                                <a target="_blank" href=Wed_Feb_24_17_30_57_PKT_2021.jpg>Screenshot</a>
                                <br>
                                <br>
                                <a target="_blank" href=Wed_Feb_24_17_30_57_PKT_2021.jpg><img src=Wed_Feb_24_17_30_57_PKT_2021.jpg height=200 width=200></img></a>
                  </div>
    

        <a href="javascript:toggleElement('exception-1', 'block')" title="Click to expand/collapse"><b>org.openqa.selenium.NoSuchElementException: no such element (An element could not be located on the page using the given search parameters (XPATH=&apos;//*[@resource-id=&apos;com.newsoftwares.folderlock_v1:id/action_delete&apos;]&apos;))&nbsp; (WARNING: The server did not provide any stacktrace information)<br/>
Command duration or timeout: 0 milliseconds<br/>
For documentation on this error, please visit: https://www.seleniumhq.org/exceptions/no_such_element.html<br/>
Build info: version: &apos;3.141.59&apos;, revision: &apos;e82be7d358&apos;, time: &apos;2018-11-14T08:17:03&apos;<br/>
System info: host: &apos;FARIZ-PC&apos;, ip: &apos;192.168.79.1&apos;, os.name: &apos;Windows 10&apos;, os.arch: &apos;x86&apos;, os.version: &apos;10.0&apos;, java.version: &apos;1.8.0_112&apos;<br/>
Driver info: io.appium.java_client.android.AndroidDriver<br/>
Capabilities {app: C:\Users\Fariz Anjum\Deskto..., appActivity: .SplashActvity, appBuildVersion: , appPackage: com.newsoftwares.folderlock_v1, appReleaseVersion: , appiumVersion: 1.8.0, applicationClearData: false, autoAcceptAlerts: false, autoDismissAlerts: false, autoGrantPermissions: true, autoWebview: false, browserName: , commandTimeouts: 120000, desired: {app: C:\Users\Fariz Anjum\Deskto..., appActivity: .SplashActvity, appPackage: com.newsoftwares.folderlock_v1, autoGrantPermissions: true, browserName: , deviceName: SM-G950U, fullReset: false, noReset: true, platformName: Android, platformVersion: 9}, device.category: PHONE, device.majorVersion: 9, device.manufacture: Genymotion, device.model: Custom Phone, device.name: Custom Phone, device.os: Android, device.screenSize: 1080x2160, device.serialNumber: 192.168.79.105:5555, device.version: 9, deviceName: SM-G950U, deviceUDID: 192.168.79.105:5555, dontGoHomeOnQuit: false, dontStopAppOnReset: false, fullReset: false, install.only.for.update: false, installOnlyForUpdate: false, instrumentApp: false, javascriptEnabled: true, keystorePath: ~/.android/debug.keystore, locationServicesAuthorized: false, newSessionWaitTimeout: 600, noReset: true, platform: ANDROID, platformName: Android, platformVersion: 9, projectName: , reportDirectory: reports, reportFormat: xml, reportUrl: C:\Users\Fariz Anjum\appium..., reservationDuration: 240, takeScreenshots: true, test.type: Mobile, testName: mobile test 02/24/21 05:30 PM, udid: 192.168.79.105:5555, useKeystore: false, waitForDeviceTimeout: 120000}<br/>
Session ID: a1a7a9b7-84bc-441a-a32b-492519d1a50b<br/>
*** Element info: {Using=xpath, value=//*[@resource-id=&apos;com.newsoftwares.folderlock_v1:id/action_delete&apos;]}</b></a><br />
    <div class="stackTrace" id="exception-1">
              sun.reflect.NativeConstructorAccessorImpl.newInstance0(Native Method)<br />
              sun.reflect.NativeConstructorAccessorImpl.newInstance(NativeConstructorAccessorImpl.java:62)<br />
              sun.reflect.DelegatingConstructorAccessorImpl.newInstance(DelegatingConstructorAccessorImpl.java:45)<br />
              java.lang.reflect.Constructor.newInstance(Constructor.java:423)<br />
              org.openqa.selenium.remote.ErrorHandler.createThrowable(ErrorHandler.java:214)<br />
              org.openqa.selenium.remote.ErrorHandler.throwIfResponseFailed(ErrorHandler.java:166)<br />
              org.openqa.selenium.remote.http.JsonHttpResponseCodec.reconstructValue(JsonHttpResponseCodec.java:40)<br />
              org.openqa.selenium.remote.http.AbstractHttpResponseCodec.decode(AbstractHttpResponseCodec.java:80)<br />
              org.openqa.selenium.remote.http.AbstractHttpResponseCodec.decode(AbstractHttpResponseCodec.java:44)<br />
              org.openqa.selenium.remote.HttpCommandExecutor.execute(HttpCommandExecutor.java:158)<br />
              io.appium.java_client.remote.AppiumCommandExecutor.execute(AppiumCommandExecutor.java:247)<br />
              org.openqa.selenium.remote.RemoteWebDriver.execute(RemoteWebDriver.java:552)<br />
              io.appium.java_client.DefaultGenericMobileDriver.execute(DefaultGenericMobileDriver.java:41)<br />
              io.appium.java_client.AppiumDriver.execute(AppiumDriver.java:1)<br />
              io.appium.java_client.android.AndroidDriver.execute(AndroidDriver.java:1)<br />
              org.openqa.selenium.remote.RemoteWebDriver.findElement(RemoteWebDriver.java:323)<br />
              io.appium.java_client.DefaultGenericMobileDriver.findElement(DefaultGenericMobileDriver.java:61)<br />
              io.appium.java_client.AppiumDriver.findElement(AppiumDriver.java:1)<br />
              io.appium.java_client.android.AndroidDriver.findElement(AndroidDriver.java:1)<br />
              org.openqa.selenium.remote.RemoteWebDriver.findElementByXPath(RemoteWebDriver.java:428)<br />
              io.appium.java_client.DefaultGenericMobileDriver.findElementByXPath(DefaultGenericMobileDriver.java:151)<br />
              io.appium.java_client.AppiumDriver.findElementByXPath(AppiumDriver.java:1)<br />
              io.appium.java_client.android.AndroidDriver.findElementByXPath(AndroidDriver.java:1)<br />
              org.openqa.selenium.By$ByXPath.findElement(By.java:353)<br />
              org.openqa.selenium.remote.RemoteWebDriver.findElement(RemoteWebDriver.java:315)<br />
              io.appium.java_client.DefaultGenericMobileDriver.findElement(DefaultGenericMobileDriver.java:57)<br />
              io.appium.java_client.AppiumDriver.findElement(AppiumDriver.java:1)<br />
              io.appium.java_client.android.AndroidDriver.findElement(AndroidDriver.java:1)<br />
              org.openqa.selenium.support.pagefactory.DefaultElementLocator.findElement(DefaultElementLocator.java:69)<br />
              org.openqa.selenium.support.pagefactory.internal.LocatingElementHandler.invoke(LocatingElementHandler.java:38)<br />
              com.sun.proxy.$Proxy10.click(Unknown Source)<br />
              Pages.BtnDelete.clickOnDeleteBtn(BtnDelete.java:22)<br />
              test.PhotosSection.TestDeletePhotos.VeryDeletePhotosBtn_working(TestDeletePhotos.java:26)<br />
              sun.reflect.NativeMethodAccessorImpl.invoke0(Native Method)<br />
              sun.reflect.NativeMethodAccessorImpl.invoke(NativeMethodAccessorImpl.java:62)<br />
              sun.reflect.DelegatingMethodAccessorImpl.invoke(DelegatingMethodAccessorImpl.java:43)<br />
              java.lang.reflect.Method.invoke(Method.java:498)<br />
              org.testng.internal.MethodInvocationHelper.invokeMethod(MethodInvocationHelper.java:132)<br />
              org.testng.internal.TestInvoker.invokeMethod(TestInvoker.java:599)<br />
              org.testng.internal.TestInvoker.invokeTestMethod(TestInvoker.java:174)<br />
              org.testng.internal.MethodRunner.runInSequence(MethodRunner.java:46)<br />
              org.testng.internal.TestInvoker$MethodInvocationAgent.invoke(TestInvoker.java:822)<br />
              org.testng.internal.TestInvoker.invokeTestMethods(TestInvoker.java:147)<br />
              org.testng.internal.TestMethodWorker.invokeTestMethods(TestMethodWorker.java:146)<br />
              org.testng.internal.TestMethodWorker.run(TestMethodWorker.java:128)<br />
              java.util.ArrayList.forEach(ArrayList.java:1249)<br />
              org.testng.TestRunner.privateRun(TestRunner.java:764)<br />
              org.testng.TestRunner.run(TestRunner.java:585)<br />
              org.testng.SuiteRunner.runTest(SuiteRunner.java:384)<br />
              org.testng.SuiteRunner.runSequentially(SuiteRunner.java:378)<br />
              org.testng.SuiteRunner.privateRun(SuiteRunner.java:337)<br />
              org.testng.SuiteRunner.run(SuiteRunner.java:286)<br />
              org.testng.SuiteRunnerWorker.runSuite(SuiteRunnerWorker.java:53)<br />
              org.testng.SuiteRunnerWorker.run(SuiteRunnerWorker.java:96)<br />
              org.testng.TestNG.runSuitesSequentially(TestNG.java:1218)<br />
              org.testng.TestNG.runSuitesLocally(TestNG.java:1140)<br />
              org.testng.TestNG.runSuites(TestNG.java:1069)<br />
              org.testng.TestNG.run(TestNG.java:1037)<br />
              org.testng.remote.AbstractRemoteTestNG.run(AbstractRemoteTestNG.java:115)<br />
              org.testng.remote.RemoteTestNG.initAndRun(RemoteTestNG.java:251)<br />
              org.testng.remote.RemoteTestNG.main(RemoteTestNG.java:77)<br />
                </div>
      </td>
</tr>
          <tr>
        <td colspan="3" class="group">test.PhotosSection.TestLoginWithPin</td>
      </tr>
            
<tr>
  <td class="method">
                  validate_pin_working_correct
      </td>
  <td class="duration">
    1.413s
  </td>
  <td class="result">
        
    
            <div class="testOutput">
                        Click to see Screenshot
                                <a target="_blank" href=Wed_Feb_24_17_30_14_PKT_2021.jpg>Screenshot</a>
                                <br>
                                <br>
                                <a target="_blank" href=Wed_Feb_24_17_30_14_PKT_2021.jpg><img src=Wed_Feb_24_17_30_14_PKT_2021.jpg height=200 width=200></img></a>
                  </div>
    

        <a href="javascript:toggleElement('exception-2', 'block')" title="Click to expand/collapse"><b>org.openqa.selenium.NoSuchElementException: no such element (An element could not be located on the page using the given search parameters (XPATH=&apos;//*[@id=&apos;txtPassword&apos;]&apos;))&nbsp; (WARNING: The server did not provide any stacktrace information)<br/>
Command duration or timeout: 0 milliseconds<br/>
For documentation on this error, please visit: https://www.seleniumhq.org/exceptions/no_such_element.html<br/>
Build info: version: &apos;3.141.59&apos;, revision: &apos;e82be7d358&apos;, time: &apos;2018-11-14T08:17:03&apos;<br/>
System info: host: &apos;FARIZ-PC&apos;, ip: &apos;192.168.79.1&apos;, os.name: &apos;Windows 10&apos;, os.arch: &apos;x86&apos;, os.version: &apos;10.0&apos;, java.version: &apos;1.8.0_112&apos;<br/>
Driver info: io.appium.java_client.android.AndroidDriver<br/>
Capabilities {app: C:\Users\Fariz Anjum\Deskto..., appActivity: .SplashActvity, appBuildVersion: , appPackage: com.newsoftwares.folderlock_v1, appReleaseVersion: , appiumVersion: 1.8.0, applicationClearData: false, autoAcceptAlerts: false, autoDismissAlerts: false, autoGrantPermissions: true, autoWebview: false, browserName: , commandTimeouts: 120000, desired: {app: C:\Users\Fariz Anjum\Deskto..., appActivity: .SplashActvity, appPackage: com.newsoftwares.folderlock_v1, autoGrantPermissions: true, browserName: , deviceName: SM-G950U, fullReset: false, noReset: true, platformName: Android, platformVersion: 9}, device.category: PHONE, device.majorVersion: 9, device.manufacture: Genymotion, device.model: Custom Phone, device.name: Custom Phone, device.os: Android, device.screenSize: 1080x2160, device.serialNumber: 192.168.79.105:5555, device.version: 9, deviceName: SM-G950U, deviceUDID: 192.168.79.105:5555, dontGoHomeOnQuit: false, dontStopAppOnReset: false, fullReset: false, install.only.for.update: false, installOnlyForUpdate: false, instrumentApp: false, javascriptEnabled: true, keystorePath: ~/.android/debug.keystore, locationServicesAuthorized: false, newSessionWaitTimeout: 600, noReset: true, platform: ANDROID, platformName: Android, platformVersion: 9, projectName: , reportDirectory: reports, reportFormat: xml, reportUrl: C:\Users\Fariz Anjum\appium..., reservationDuration: 240, takeScreenshots: true, test.type: Mobile, testName: mobile test 02/24/21 05:30 PM, udid: 192.168.79.105:5555, useKeystore: false, waitForDeviceTimeout: 120000}<br/>
Session ID: a1a7a9b7-84bc-441a-a32b-492519d1a50b<br/>
*** Element info: {Using=xpath, value=//*[@id=&apos;txtPassword&apos;]}</b></a><br />
    <div class="stackTrace" id="exception-2">
              sun.reflect.NativeConstructorAccessorImpl.newInstance0(Native Method)<br />
              sun.reflect.NativeConstructorAccessorImpl.newInstance(NativeConstructorAccessorImpl.java:62)<br />
              sun.reflect.DelegatingConstructorAccessorImpl.newInstance(DelegatingConstructorAccessorImpl.java:45)<br />
              java.lang.reflect.Constructor.newInstance(Constructor.java:423)<br />
              org.openqa.selenium.remote.ErrorHandler.createThrowable(ErrorHandler.java:214)<br />
              org.openqa.selenium.remote.ErrorHandler.throwIfResponseFailed(ErrorHandler.java:166)<br />
              org.openqa.selenium.remote.http.JsonHttpResponseCodec.reconstructValue(JsonHttpResponseCodec.java:40)<br />
              org.openqa.selenium.remote.http.AbstractHttpResponseCodec.decode(AbstractHttpResponseCodec.java:80)<br />
              org.openqa.selenium.remote.http.AbstractHttpResponseCodec.decode(AbstractHttpResponseCodec.java:44)<br />
              org.openqa.selenium.remote.HttpCommandExecutor.execute(HttpCommandExecutor.java:158)<br />
              io.appium.java_client.remote.AppiumCommandExecutor.execute(AppiumCommandExecutor.java:247)<br />
              org.openqa.selenium.remote.RemoteWebDriver.execute(RemoteWebDriver.java:552)<br />
              io.appium.java_client.DefaultGenericMobileDriver.execute(DefaultGenericMobileDriver.java:41)<br />
              io.appium.java_client.AppiumDriver.execute(AppiumDriver.java:1)<br />
              io.appium.java_client.android.AndroidDriver.execute(AndroidDriver.java:1)<br />
              org.openqa.selenium.remote.RemoteWebDriver.findElement(RemoteWebDriver.java:323)<br />
              io.appium.java_client.DefaultGenericMobileDriver.findElement(DefaultGenericMobileDriver.java:61)<br />
              io.appium.java_client.AppiumDriver.findElement(AppiumDriver.java:1)<br />
              io.appium.java_client.android.AndroidDriver.findElement(AndroidDriver.java:1)<br />
              org.openqa.selenium.remote.RemoteWebDriver.findElementByXPath(RemoteWebDriver.java:428)<br />
              io.appium.java_client.DefaultGenericMobileDriver.findElementByXPath(DefaultGenericMobileDriver.java:151)<br />
              io.appium.java_client.AppiumDriver.findElementByXPath(AppiumDriver.java:1)<br />
              io.appium.java_client.android.AndroidDriver.findElementByXPath(AndroidDriver.java:1)<br />
              org.openqa.selenium.By$ByXPath.findElement(By.java:353)<br />
              org.openqa.selenium.remote.RemoteWebDriver.findElement(RemoteWebDriver.java:315)<br />
              io.appium.java_client.DefaultGenericMobileDriver.findElement(DefaultGenericMobileDriver.java:57)<br />
              io.appium.java_client.AppiumDriver.findElement(AppiumDriver.java:1)<br />
              io.appium.java_client.android.AndroidDriver.findElement(AndroidDriver.java:1)<br />
              Pages.LoginWithPin.performLogin(LoginWithPin.java:19)<br />
              test.PhotosSection.TestLoginWithPin.validate_pin_working_correct(TestLoginWithPin.java:26)<br />
              sun.reflect.NativeMethodAccessorImpl.invoke0(Native Method)<br />
              sun.reflect.NativeMethodAccessorImpl.invoke(NativeMethodAccessorImpl.java:62)<br />
              sun.reflect.DelegatingMethodAccessorImpl.invoke(DelegatingMethodAccessorImpl.java:43)<br />
              java.lang.reflect.Method.invoke(Method.java:498)<br />
              org.testng.internal.MethodInvocationHelper.invokeMethod(MethodInvocationHelper.java:132)<br />
              org.testng.internal.TestInvoker.invokeMethod(TestInvoker.java:599)<br />
              org.testng.internal.TestInvoker.invokeTestMethod(TestInvoker.java:174)<br />
              org.testng.internal.MethodRunner.runInSequence(MethodRunner.java:46)<br />
              org.testng.internal.TestInvoker$MethodInvocationAgent.invoke(TestInvoker.java:822)<br />
              org.testng.internal.TestInvoker.invokeTestMethods(TestInvoker.java:147)<br />
              org.testng.internal.TestMethodWorker.invokeTestMethods(TestMethodWorker.java:146)<br />
              org.testng.internal.TestMethodWorker.run(TestMethodWorker.java:128)<br />
              java.util.ArrayList.forEach(ArrayList.java:1249)<br />
              org.testng.TestRunner.privateRun(TestRunner.java:764)<br />
              org.testng.TestRunner.run(TestRunner.java:585)<br />
              org.testng.SuiteRunner.runTest(SuiteRunner.java:384)<br />
              org.testng.SuiteRunner.runSequentially(SuiteRunner.java:378)<br />
              org.testng.SuiteRunner.privateRun(SuiteRunner.java:337)<br />
              org.testng.SuiteRunner.run(SuiteRunner.java:286)<br />
              org.testng.SuiteRunnerWorker.runSuite(SuiteRunnerWorker.java:53)<br />
              org.testng.SuiteRunnerWorker.run(SuiteRunnerWorker.java:96)<br />
              org.testng.TestNG.runSuitesSequentially(TestNG.java:1218)<br />
              org.testng.TestNG.runSuitesLocally(TestNG.java:1140)<br />
              org.testng.TestNG.runSuites(TestNG.java:1069)<br />
              org.testng.TestNG.run(TestNG.java:1037)<br />
              org.testng.remote.AbstractRemoteTestNG.run(AbstractRemoteTestNG.java:115)<br />
              org.testng.remote.RemoteTestNG.initAndRun(RemoteTestNG.java:251)<br />
              org.testng.remote.RemoteTestNG.main(RemoteTestNG.java:77)<br />
                </div>
      </td>
</tr>
          <tr>
        <td colspan="3" class="group">test.PhotosSection.TestOpenGallery</td>
      </tr>
            
<tr>
  <td class="method">
                  validate_ImagesFoundOnDevice
      </td>
  <td class="duration">
    1.278s
  </td>
  <td class="result">
        
    
            <div class="testOutput">
                        Click to see Screenshot
                                <a target="_blank" href=Wed_Feb_24_17_30_49_PKT_2021.jpg>Screenshot</a>
                                <br>
                                <br>
                                <a target="_blank" href=Wed_Feb_24_17_30_49_PKT_2021.jpg><img src=Wed_Feb_24_17_30_49_PKT_2021.jpg height=200 width=200></img></a>
                  </div>
    

        <a href="javascript:toggleElement('exception-3', 'block')" title="Click to expand/collapse"><b>org.openqa.selenium.NoSuchElementException: no such element (An element could not be located on the page using the given search parameters (XPATH=&apos;//*[@resource-id=&apos;com.newsoftwares.folderlock_v1:id/album_import_ListView&apos;]&apos;))&nbsp; (WARNING: The server did not provide any stacktrace information)<br/>
Command duration or timeout: 0 milliseconds<br/>
For documentation on this error, please visit: https://www.seleniumhq.org/exceptions/no_such_element.html<br/>
Build info: version: &apos;3.141.59&apos;, revision: &apos;e82be7d358&apos;, time: &apos;2018-11-14T08:17:03&apos;<br/>
System info: host: &apos;FARIZ-PC&apos;, ip: &apos;192.168.79.1&apos;, os.name: &apos;Windows 10&apos;, os.arch: &apos;x86&apos;, os.version: &apos;10.0&apos;, java.version: &apos;1.8.0_112&apos;<br/>
Driver info: io.appium.java_client.android.AndroidDriver<br/>
Capabilities {app: C:\Users\Fariz Anjum\Deskto..., appActivity: .SplashActvity, appBuildVersion: , appPackage: com.newsoftwares.folderlock_v1, appReleaseVersion: , appiumVersion: 1.8.0, applicationClearData: false, autoAcceptAlerts: false, autoDismissAlerts: false, autoGrantPermissions: true, autoWebview: false, browserName: , commandTimeouts: 120000, desired: {app: C:\Users\Fariz Anjum\Deskto..., appActivity: .SplashActvity, appPackage: com.newsoftwares.folderlock_v1, autoGrantPermissions: true, browserName: , deviceName: SM-G950U, fullReset: false, noReset: true, platformName: Android, platformVersion: 9}, device.category: PHONE, device.majorVersion: 9, device.manufacture: Genymotion, device.model: Custom Phone, device.name: Custom Phone, device.os: Android, device.screenSize: 1080x2160, device.serialNumber: 192.168.79.105:5555, device.version: 9, deviceName: SM-G950U, deviceUDID: 192.168.79.105:5555, dontGoHomeOnQuit: false, dontStopAppOnReset: false, fullReset: false, install.only.for.update: false, installOnlyForUpdate: false, instrumentApp: false, javascriptEnabled: true, keystorePath: ~/.android/debug.keystore, locationServicesAuthorized: false, newSessionWaitTimeout: 600, noReset: true, platform: ANDROID, platformName: Android, platformVersion: 9, projectName: , reportDirectory: reports, reportFormat: xml, reportUrl: C:\Users\Fariz Anjum\appium..., reservationDuration: 240, takeScreenshots: true, test.type: Mobile, testName: mobile test 02/24/21 05:30 PM, udid: 192.168.79.105:5555, useKeystore: false, waitForDeviceTimeout: 120000}<br/>
Session ID: a1a7a9b7-84bc-441a-a32b-492519d1a50b<br/>
*** Element info: {Using=xpath, value=//*[@resource-id=&apos;com.newsoftwares.folderlock_v1:id/album_import_ListView&apos;]}</b></a><br />
    <div class="stackTrace" id="exception-3">
              sun.reflect.NativeConstructorAccessorImpl.newInstance0(Native Method)<br />
              sun.reflect.NativeConstructorAccessorImpl.newInstance(NativeConstructorAccessorImpl.java:62)<br />
              sun.reflect.DelegatingConstructorAccessorImpl.newInstance(DelegatingConstructorAccessorImpl.java:45)<br />
              java.lang.reflect.Constructor.newInstance(Constructor.java:423)<br />
              org.openqa.selenium.remote.ErrorHandler.createThrowable(ErrorHandler.java:214)<br />
              org.openqa.selenium.remote.ErrorHandler.throwIfResponseFailed(ErrorHandler.java:166)<br />
              org.openqa.selenium.remote.http.JsonHttpResponseCodec.reconstructValue(JsonHttpResponseCodec.java:40)<br />
              org.openqa.selenium.remote.http.AbstractHttpResponseCodec.decode(AbstractHttpResponseCodec.java:80)<br />
              org.openqa.selenium.remote.http.AbstractHttpResponseCodec.decode(AbstractHttpResponseCodec.java:44)<br />
              org.openqa.selenium.remote.HttpCommandExecutor.execute(HttpCommandExecutor.java:158)<br />
              io.appium.java_client.remote.AppiumCommandExecutor.execute(AppiumCommandExecutor.java:247)<br />
              org.openqa.selenium.remote.RemoteWebDriver.execute(RemoteWebDriver.java:552)<br />
              io.appium.java_client.DefaultGenericMobileDriver.execute(DefaultGenericMobileDriver.java:41)<br />
              io.appium.java_client.AppiumDriver.execute(AppiumDriver.java:1)<br />
              io.appium.java_client.android.AndroidDriver.execute(AndroidDriver.java:1)<br />
              org.openqa.selenium.remote.RemoteWebDriver.findElement(RemoteWebDriver.java:323)<br />
              io.appium.java_client.DefaultGenericMobileDriver.findElement(DefaultGenericMobileDriver.java:61)<br />
              io.appium.java_client.AppiumDriver.findElement(AppiumDriver.java:1)<br />
              io.appium.java_client.android.AndroidDriver.findElement(AndroidDriver.java:1)<br />
              org.openqa.selenium.remote.RemoteWebDriver.findElementByXPath(RemoteWebDriver.java:428)<br />
              io.appium.java_client.DefaultGenericMobileDriver.findElementByXPath(DefaultGenericMobileDriver.java:151)<br />
              io.appium.java_client.AppiumDriver.findElementByXPath(AppiumDriver.java:1)<br />
              io.appium.java_client.android.AndroidDriver.findElementByXPath(AndroidDriver.java:1)<br />
              org.openqa.selenium.By$ByXPath.findElement(By.java:353)<br />
              org.openqa.selenium.remote.RemoteWebDriver.findElement(RemoteWebDriver.java:315)<br />
              io.appium.java_client.DefaultGenericMobileDriver.findElement(DefaultGenericMobileDriver.java:57)<br />
              io.appium.java_client.AppiumDriver.findElement(AppiumDriver.java:1)<br />
              io.appium.java_client.android.AndroidDriver.findElement(AndroidDriver.java:1)<br />
              org.openqa.selenium.support.pagefactory.DefaultElementLocator.findElement(DefaultElementLocator.java:69)<br />
              org.openqa.selenium.support.pagefactory.internal.LocatingElementHandler.invoke(LocatingElementHandler.java:38)<br />
              com.sun.proxy.$Proxy10.findElements(Unknown Source)<br />
              Pages.CheckMediaInDevice.countMediaFolder(CheckMediaInDevice.java:26)<br />
              test.PhotosSection.TestOpenGallery.validate_ImagesFoundOnDevice(TestOpenGallery.java:40)<br />
              sun.reflect.NativeMethodAccessorImpl.invoke0(Native Method)<br />
              sun.reflect.NativeMethodAccessorImpl.invoke(NativeMethodAccessorImpl.java:62)<br />
              sun.reflect.DelegatingMethodAccessorImpl.invoke(DelegatingMethodAccessorImpl.java:43)<br />
              java.lang.reflect.Method.invoke(Method.java:498)<br />
              org.testng.internal.MethodInvocationHelper.invokeMethod(MethodInvocationHelper.java:132)<br />
              org.testng.internal.TestInvoker.invokeMethod(TestInvoker.java:599)<br />
              org.testng.internal.TestInvoker.invokeTestMethod(TestInvoker.java:174)<br />
              org.testng.internal.MethodRunner.runInSequence(MethodRunner.java:46)<br />
              org.testng.internal.TestInvoker$MethodInvocationAgent.invoke(TestInvoker.java:822)<br />
              org.testng.internal.TestInvoker.invokeTestMethods(TestInvoker.java:147)<br />
              org.testng.internal.TestMethodWorker.invokeTestMethods(TestMethodWorker.java:146)<br />
              org.testng.internal.TestMethodWorker.run(TestMethodWorker.java:128)<br />
              java.util.ArrayList.forEach(ArrayList.java:1249)<br />
              org.testng.TestRunner.privateRun(TestRunner.java:764)<br />
              org.testng.TestRunner.run(TestRunner.java:585)<br />
              org.testng.SuiteRunner.runTest(SuiteRunner.java:384)<br />
              org.testng.SuiteRunner.runSequentially(SuiteRunner.java:378)<br />
              org.testng.SuiteRunner.privateRun(SuiteRunner.java:337)<br />
              org.testng.SuiteRunner.run(SuiteRunner.java:286)<br />
              org.testng.SuiteRunnerWorker.runSuite(SuiteRunnerWorker.java:53)<br />
              org.testng.SuiteRunnerWorker.run(SuiteRunnerWorker.java:96)<br />
              org.testng.TestNG.runSuitesSequentially(TestNG.java:1218)<br />
              org.testng.TestNG.runSuitesLocally(TestNG.java:1140)<br />
              org.testng.TestNG.runSuites(TestNG.java:1069)<br />
              org.testng.TestNG.run(TestNG.java:1037)<br />
              org.testng.remote.AbstractRemoteTestNG.run(AbstractRemoteTestNG.java:115)<br />
              org.testng.remote.RemoteTestNG.initAndRun(RemoteTestNG.java:251)<br />
              org.testng.remote.RemoteTestNG.main(RemoteTestNG.java:77)<br />
                </div>
      </td>
</tr>
          <tr>
        <td colspan="3" class="group">test.PhotosSection.TestUnhidePhotos</td>
      </tr>
            
<tr>
  <td class="method">
                  verify_MediaSelectedToUnhide
      </td>
  <td class="duration">
    1.168s
  </td>
  <td class="result">
        
    
            <div class="testOutput">
                        Click to see Screenshot
                                <a target="_blank" href=Wed_Feb_24_17_30_58_PKT_2021.jpg>Screenshot</a>
                                <br>
                                <br>
                                <a target="_blank" href=Wed_Feb_24_17_30_58_PKT_2021.jpg><img src=Wed_Feb_24_17_30_58_PKT_2021.jpg height=200 width=200></img></a>
                  </div>
    

        <a href="javascript:toggleElement('exception-4', 'block')" title="Click to expand/collapse"><b>org.openqa.selenium.NoSuchElementException: no such element (An element could not be located on the page using the given search parameters (CLASS_NAME=&apos;android.widget.GridView&apos;))&nbsp; (WARNING: The server did not provide any stacktrace information)<br/>
Command duration or timeout: 0 milliseconds<br/>
For documentation on this error, please visit: https://www.seleniumhq.org/exceptions/no_such_element.html<br/>
Build info: version: &apos;3.141.59&apos;, revision: &apos;e82be7d358&apos;, time: &apos;2018-11-14T08:17:03&apos;<br/>
System info: host: &apos;FARIZ-PC&apos;, ip: &apos;192.168.79.1&apos;, os.name: &apos;Windows 10&apos;, os.arch: &apos;x86&apos;, os.version: &apos;10.0&apos;, java.version: &apos;1.8.0_112&apos;<br/>
Driver info: io.appium.java_client.android.AndroidDriver<br/>
Capabilities {app: C:\Users\Fariz Anjum\Deskto..., appActivity: .SplashActvity, appBuildVersion: , appPackage: com.newsoftwares.folderlock_v1, appReleaseVersion: , appiumVersion: 1.8.0, applicationClearData: false, autoAcceptAlerts: false, autoDismissAlerts: false, autoGrantPermissions: true, autoWebview: false, browserName: , commandTimeouts: 120000, desired: {app: C:\Users\Fariz Anjum\Deskto..., appActivity: .SplashActvity, appPackage: com.newsoftwares.folderlock_v1, autoGrantPermissions: true, browserName: , deviceName: SM-G950U, fullReset: false, noReset: true, platformName: Android, platformVersion: 9}, device.category: PHONE, device.majorVersion: 9, device.manufacture: Genymotion, device.model: Custom Phone, device.name: Custom Phone, device.os: Android, device.screenSize: 1080x2160, device.serialNumber: 192.168.79.105:5555, device.version: 9, deviceName: SM-G950U, deviceUDID: 192.168.79.105:5555, dontGoHomeOnQuit: false, dontStopAppOnReset: false, fullReset: false, install.only.for.update: false, installOnlyForUpdate: false, instrumentApp: false, javascriptEnabled: true, keystorePath: ~/.android/debug.keystore, locationServicesAuthorized: false, newSessionWaitTimeout: 600, noReset: true, platform: ANDROID, platformName: Android, platformVersion: 9, projectName: , reportDirectory: reports, reportFormat: xml, reportUrl: C:\Users\Fariz Anjum\appium..., reservationDuration: 240, takeScreenshots: true, test.type: Mobile, testName: mobile test 02/24/21 05:30 PM, udid: 192.168.79.105:5555, useKeystore: false, waitForDeviceTimeout: 120000}<br/>
Session ID: a1a7a9b7-84bc-441a-a32b-492519d1a50b<br/>
*** Element info: {Using=class name, value=android.widget.GridView}</b></a><br />
    <div class="stackTrace" id="exception-4">
              sun.reflect.NativeConstructorAccessorImpl.newInstance0(Native Method)<br />
              sun.reflect.NativeConstructorAccessorImpl.newInstance(NativeConstructorAccessorImpl.java:62)<br />
              sun.reflect.DelegatingConstructorAccessorImpl.newInstance(DelegatingConstructorAccessorImpl.java:45)<br />
              java.lang.reflect.Constructor.newInstance(Constructor.java:423)<br />
              org.openqa.selenium.remote.ErrorHandler.createThrowable(ErrorHandler.java:214)<br />
              org.openqa.selenium.remote.ErrorHandler.throwIfResponseFailed(ErrorHandler.java:166)<br />
              org.openqa.selenium.remote.http.JsonHttpResponseCodec.reconstructValue(JsonHttpResponseCodec.java:40)<br />
              org.openqa.selenium.remote.http.AbstractHttpResponseCodec.decode(AbstractHttpResponseCodec.java:80)<br />
              org.openqa.selenium.remote.http.AbstractHttpResponseCodec.decode(AbstractHttpResponseCodec.java:44)<br />
              org.openqa.selenium.remote.HttpCommandExecutor.execute(HttpCommandExecutor.java:158)<br />
              io.appium.java_client.remote.AppiumCommandExecutor.execute(AppiumCommandExecutor.java:247)<br />
              org.openqa.selenium.remote.RemoteWebDriver.execute(RemoteWebDriver.java:552)<br />
              io.appium.java_client.DefaultGenericMobileDriver.execute(DefaultGenericMobileDriver.java:41)<br />
              io.appium.java_client.AppiumDriver.execute(AppiumDriver.java:1)<br />
              io.appium.java_client.android.AndroidDriver.execute(AndroidDriver.java:1)<br />
              org.openqa.selenium.remote.RemoteWebDriver.findElement(RemoteWebDriver.java:323)<br />
              io.appium.java_client.DefaultGenericMobileDriver.findElement(DefaultGenericMobileDriver.java:61)<br />
              io.appium.java_client.AppiumDriver.findElement(AppiumDriver.java:1)<br />
              io.appium.java_client.android.AndroidDriver.findElement(AndroidDriver.java:1)<br />
              org.openqa.selenium.remote.RemoteWebDriver.findElementByClassName(RemoteWebDriver.java:412)<br />
              io.appium.java_client.DefaultGenericMobileDriver.findElementByClassName(DefaultGenericMobileDriver.java:125)<br />
              io.appium.java_client.AppiumDriver.findElementByClassName(AppiumDriver.java:1)<br />
              io.appium.java_client.android.AndroidDriver.findElementByClassName(AndroidDriver.java:1)<br />
              org.openqa.selenium.By$ByClassName.findElement(By.java:389)<br />
              org.openqa.selenium.remote.RemoteWebDriver.findElement(RemoteWebDriver.java:315)<br />
              io.appium.java_client.DefaultGenericMobileDriver.findElement(DefaultGenericMobileDriver.java:57)<br />
              io.appium.java_client.AppiumDriver.findElement(AppiumDriver.java:1)<br />
              io.appium.java_client.android.AndroidDriver.findElement(AndroidDriver.java:1)<br />
              org.openqa.selenium.support.pagefactory.DefaultElementLocator.findElement(DefaultElementLocator.java:69)<br />
              org.openqa.selenium.support.pagefactory.internal.LocatingElementHandler.invoke(LocatingElementHandler.java:38)<br />
              com.sun.proxy.$Proxy10.findElement(Unknown Source)<br />
              Pages.SelectMedia.longPress(SelectMedia.java:37)<br />
              test.PhotosSection.TestUnhidePhotos.verify_MediaSelectedToUnhide(TestUnhidePhotos.java:19)<br />
              sun.reflect.NativeMethodAccessorImpl.invoke0(Native Method)<br />
              sun.reflect.NativeMethodAccessorImpl.invoke(NativeMethodAccessorImpl.java:62)<br />
              sun.reflect.DelegatingMethodAccessorImpl.invoke(DelegatingMethodAccessorImpl.java:43)<br />
              java.lang.reflect.Method.invoke(Method.java:498)<br />
              org.testng.internal.MethodInvocationHelper.invokeMethod(MethodInvocationHelper.java:132)<br />
              org.testng.internal.TestInvoker.invokeMethod(TestInvoker.java:599)<br />
              org.testng.internal.TestInvoker.invokeTestMethod(TestInvoker.java:174)<br />
              org.testng.internal.MethodRunner.runInSequence(MethodRunner.java:46)<br />
              org.testng.internal.TestInvoker$MethodInvocationAgent.invoke(TestInvoker.java:822)<br />
              org.testng.internal.TestInvoker.invokeTestMethods(TestInvoker.java:147)<br />
              org.testng.internal.TestMethodWorker.invokeTestMethods(TestMethodWorker.java:146)<br />
              org.testng.internal.TestMethodWorker.run(TestMethodWorker.java:128)<br />
              java.util.ArrayList.forEach(ArrayList.java:1249)<br />
              org.testng.TestRunner.privateRun(TestRunner.java:764)<br />
              org.testng.TestRunner.run(TestRunner.java:585)<br />
              org.testng.SuiteRunner.runTest(SuiteRunner.java:384)<br />
              org.testng.SuiteRunner.runSequentially(SuiteRunner.java:378)<br />
              org.testng.SuiteRunner.privateRun(SuiteRunner.java:337)<br />
              org.testng.SuiteRunner.run(SuiteRunner.java:286)<br />
              org.testng.SuiteRunnerWorker.runSuite(SuiteRunnerWorker.java:53)<br />
              org.testng.SuiteRunnerWorker.run(SuiteRunnerWorker.java:96)<br />
              org.testng.TestNG.runSuitesSequentially(TestNG.java:1218)<br />
              org.testng.TestNG.runSuitesLocally(TestNG.java:1140)<br />
              org.testng.TestNG.runSuites(TestNG.java:1069)<br />
              org.testng.TestNG.run(TestNG.java:1037)<br />
              org.testng.remote.AbstractRemoteTestNG.run(AbstractRemoteTestNG.java:115)<br />
              org.testng.remote.RemoteTestNG.initAndRun(RemoteTestNG.java:251)<br />
              org.testng.remote.RemoteTestNG.main(RemoteTestNG.java:77)<br />
                </div>
      </td>
</tr>
<tr>
  <td class="method">
                  verify_UnhideBtnWorking
      </td>
  <td class="duration">
    1.288s
  </td>
  <td class="result">
        
    
            <div class="testOutput">
                        Click to see Screenshot
                                <a target="_blank" href=Wed_Feb_24_17_31_00_PKT_2021.jpg>Screenshot</a>
                                <br>
                                <br>
                                <a target="_blank" href=Wed_Feb_24_17_31_00_PKT_2021.jpg><img src=Wed_Feb_24_17_31_00_PKT_2021.jpg height=200 width=200></img></a>
                  </div>
    

        <a href="javascript:toggleElement('exception-5', 'block')" title="Click to expand/collapse"><b>org.openqa.selenium.NoSuchElementException: no such element (An element could not be located on the page using the given search parameters (XPATH=&apos;//*[@resource-id=&apos;com.newsoftwares.folderlock_v1:id/action_unlock&apos;]&apos;))&nbsp; (WARNING: The server did not provide any stacktrace information)<br/>
Command duration or timeout: 0 milliseconds<br/>
For documentation on this error, please visit: https://www.seleniumhq.org/exceptions/no_such_element.html<br/>
Build info: version: &apos;3.141.59&apos;, revision: &apos;e82be7d358&apos;, time: &apos;2018-11-14T08:17:03&apos;<br/>
System info: host: &apos;FARIZ-PC&apos;, ip: &apos;192.168.79.1&apos;, os.name: &apos;Windows 10&apos;, os.arch: &apos;x86&apos;, os.version: &apos;10.0&apos;, java.version: &apos;1.8.0_112&apos;<br/>
Driver info: io.appium.java_client.android.AndroidDriver<br/>
Capabilities {app: C:\Users\Fariz Anjum\Deskto..., appActivity: .SplashActvity, appBuildVersion: , appPackage: com.newsoftwares.folderlock_v1, appReleaseVersion: , appiumVersion: 1.8.0, applicationClearData: false, autoAcceptAlerts: false, autoDismissAlerts: false, autoGrantPermissions: true, autoWebview: false, browserName: , commandTimeouts: 120000, desired: {app: C:\Users\Fariz Anjum\Deskto..., appActivity: .SplashActvity, appPackage: com.newsoftwares.folderlock_v1, autoGrantPermissions: true, browserName: , deviceName: SM-G950U, fullReset: false, noReset: true, platformName: Android, platformVersion: 9}, device.category: PHONE, device.majorVersion: 9, device.manufacture: Genymotion, device.model: Custom Phone, device.name: Custom Phone, device.os: Android, device.screenSize: 1080x2160, device.serialNumber: 192.168.79.105:5555, device.version: 9, deviceName: SM-G950U, deviceUDID: 192.168.79.105:5555, dontGoHomeOnQuit: false, dontStopAppOnReset: false, fullReset: false, install.only.for.update: false, installOnlyForUpdate: false, instrumentApp: false, javascriptEnabled: true, keystorePath: ~/.android/debug.keystore, locationServicesAuthorized: false, newSessionWaitTimeout: 600, noReset: true, platform: ANDROID, platformName: Android, platformVersion: 9, projectName: , reportDirectory: reports, reportFormat: xml, reportUrl: C:\Users\Fariz Anjum\appium..., reservationDuration: 240, takeScreenshots: true, test.type: Mobile, testName: mobile test 02/24/21 05:30 PM, udid: 192.168.79.105:5555, useKeystore: false, waitForDeviceTimeout: 120000}<br/>
Session ID: a1a7a9b7-84bc-441a-a32b-492519d1a50b<br/>
*** Element info: {Using=xpath, value=//*[@resource-id=&apos;com.newsoftwares.folderlock_v1:id/action_unlock&apos;]}</b></a><br />
    <div class="stackTrace" id="exception-5">
              sun.reflect.NativeConstructorAccessorImpl.newInstance0(Native Method)<br />
              sun.reflect.NativeConstructorAccessorImpl.newInstance(NativeConstructorAccessorImpl.java:62)<br />
              sun.reflect.DelegatingConstructorAccessorImpl.newInstance(DelegatingConstructorAccessorImpl.java:45)<br />
              java.lang.reflect.Constructor.newInstance(Constructor.java:423)<br />
              org.openqa.selenium.remote.ErrorHandler.createThrowable(ErrorHandler.java:214)<br />
              org.openqa.selenium.remote.ErrorHandler.throwIfResponseFailed(ErrorHandler.java:166)<br />
              org.openqa.selenium.remote.http.JsonHttpResponseCodec.reconstructValue(JsonHttpResponseCodec.java:40)<br />
              org.openqa.selenium.remote.http.AbstractHttpResponseCodec.decode(AbstractHttpResponseCodec.java:80)<br />
              org.openqa.selenium.remote.http.AbstractHttpResponseCodec.decode(AbstractHttpResponseCodec.java:44)<br />
              org.openqa.selenium.remote.HttpCommandExecutor.execute(HttpCommandExecutor.java:158)<br />
              io.appium.java_client.remote.AppiumCommandExecutor.execute(AppiumCommandExecutor.java:247)<br />
              org.openqa.selenium.remote.RemoteWebDriver.execute(RemoteWebDriver.java:552)<br />
              io.appium.java_client.DefaultGenericMobileDriver.execute(DefaultGenericMobileDriver.java:41)<br />
              io.appium.java_client.AppiumDriver.execute(AppiumDriver.java:1)<br />
              io.appium.java_client.android.AndroidDriver.execute(AndroidDriver.java:1)<br />
              org.openqa.selenium.remote.RemoteWebDriver.findElement(RemoteWebDriver.java:323)<br />
              io.appium.java_client.DefaultGenericMobileDriver.findElement(DefaultGenericMobileDriver.java:61)<br />
              io.appium.java_client.AppiumDriver.findElement(AppiumDriver.java:1)<br />
              io.appium.java_client.android.AndroidDriver.findElement(AndroidDriver.java:1)<br />
              org.openqa.selenium.remote.RemoteWebDriver.findElementByXPath(RemoteWebDriver.java:428)<br />
              io.appium.java_client.DefaultGenericMobileDriver.findElementByXPath(DefaultGenericMobileDriver.java:151)<br />
              io.appium.java_client.AppiumDriver.findElementByXPath(AppiumDriver.java:1)<br />
              io.appium.java_client.android.AndroidDriver.findElementByXPath(AndroidDriver.java:1)<br />
              org.openqa.selenium.By$ByXPath.findElement(By.java:353)<br />
              org.openqa.selenium.remote.RemoteWebDriver.findElement(RemoteWebDriver.java:315)<br />
              io.appium.java_client.DefaultGenericMobileDriver.findElement(DefaultGenericMobileDriver.java:57)<br />
              io.appium.java_client.AppiumDriver.findElement(AppiumDriver.java:1)<br />
              io.appium.java_client.android.AndroidDriver.findElement(AndroidDriver.java:1)<br />
              org.openqa.selenium.support.pagefactory.DefaultElementLocator.findElement(DefaultElementLocator.java:69)<br />
              org.openqa.selenium.support.pagefactory.internal.LocatingElementHandler.invoke(LocatingElementHandler.java:38)<br />
              com.sun.proxy.$Proxy10.click(Unknown Source)<br />
              Pages.UnhideButton.clickOnUnhideButton(UnhideButton.java:24)<br />
              test.PhotosSection.TestUnhidePhotos.verify_UnhideBtnWorking(TestUnhidePhotos.java:27)<br />
              sun.reflect.NativeMethodAccessorImpl.invoke0(Native Method)<br />
              sun.reflect.NativeMethodAccessorImpl.invoke(NativeMethodAccessorImpl.java:62)<br />
              sun.reflect.DelegatingMethodAccessorImpl.invoke(DelegatingMethodAccessorImpl.java:43)<br />
              java.lang.reflect.Method.invoke(Method.java:498)<br />
              org.testng.internal.MethodInvocationHelper.invokeMethod(MethodInvocationHelper.java:132)<br />
              org.testng.internal.TestInvoker.invokeMethod(TestInvoker.java:599)<br />
              org.testng.internal.TestInvoker.invokeTestMethod(TestInvoker.java:174)<br />
              org.testng.internal.MethodRunner.runInSequence(MethodRunner.java:46)<br />
              org.testng.internal.TestInvoker$MethodInvocationAgent.invoke(TestInvoker.java:822)<br />
              org.testng.internal.TestInvoker.invokeTestMethods(TestInvoker.java:147)<br />
              org.testng.internal.TestMethodWorker.invokeTestMethods(TestMethodWorker.java:146)<br />
              org.testng.internal.TestMethodWorker.run(TestMethodWorker.java:128)<br />
              java.util.ArrayList.forEach(ArrayList.java:1249)<br />
              org.testng.TestRunner.privateRun(TestRunner.java:764)<br />
              org.testng.TestRunner.run(TestRunner.java:585)<br />
              org.testng.SuiteRunner.runTest(SuiteRunner.java:384)<br />
              org.testng.SuiteRunner.runSequentially(SuiteRunner.java:378)<br />
              org.testng.SuiteRunner.privateRun(SuiteRunner.java:337)<br />
              org.testng.SuiteRunner.run(SuiteRunner.java:286)<br />
              org.testng.SuiteRunnerWorker.runSuite(SuiteRunnerWorker.java:53)<br />
              org.testng.SuiteRunnerWorker.run(SuiteRunnerWorker.java:96)<br />
              org.testng.TestNG.runSuitesSequentially(TestNG.java:1218)<br />
              org.testng.TestNG.runSuitesLocally(TestNG.java:1140)<br />
              org.testng.TestNG.runSuites(TestNG.java:1069)<br />
              org.testng.TestNG.run(TestNG.java:1037)<br />
              org.testng.remote.AbstractRemoteTestNG.run(AbstractRemoteTestNG.java:115)<br />
              org.testng.remote.RemoteTestNG.initAndRun(RemoteTestNG.java:251)<br />
              org.testng.remote.RemoteTestNG.main(RemoteTestNG.java:77)<br />
                </div>
      </td>
</tr>
          <tr>
        <td colspan="3" class="group">test.PhotosSection.TestVerifyHidePhotos</td>
      </tr>
            
<tr>
  <td class="method">
                  Validate_All_ImagesUpladed
      </td>
  <td class="duration">
    1.252s
  </td>
  <td class="result">
        
    
            <div class="testOutput">
                        Click to see Screenshot
                                <a target="_blank" href=Wed_Feb_24_17_30_53_PKT_2021.jpg>Screenshot</a>
                                <br>
                                <br>
                                <a target="_blank" href=Wed_Feb_24_17_30_53_PKT_2021.jpg><img src=Wed_Feb_24_17_30_53_PKT_2021.jpg height=200 width=200></img></a>
                  </div>
    

        <a href="javascript:toggleElement('exception-6', 'block')" title="Click to expand/collapse"><b>org.openqa.selenium.NoSuchElementException: no such element (An element could not be located on the page using the given search parameters (CLASS_NAME=&apos;android.widget.GridView&apos;))&nbsp; (WARNING: The server did not provide any stacktrace information)<br/>
Command duration or timeout: 0 milliseconds<br/>
For documentation on this error, please visit: https://www.seleniumhq.org/exceptions/no_such_element.html<br/>
Build info: version: &apos;3.141.59&apos;, revision: &apos;e82be7d358&apos;, time: &apos;2018-11-14T08:17:03&apos;<br/>
System info: host: &apos;FARIZ-PC&apos;, ip: &apos;192.168.79.1&apos;, os.name: &apos;Windows 10&apos;, os.arch: &apos;x86&apos;, os.version: &apos;10.0&apos;, java.version: &apos;1.8.0_112&apos;<br/>
Driver info: io.appium.java_client.android.AndroidDriver<br/>
Capabilities {app: C:\Users\Fariz Anjum\Deskto..., appActivity: .SplashActvity, appBuildVersion: , appPackage: com.newsoftwares.folderlock_v1, appReleaseVersion: , appiumVersion: 1.8.0, applicationClearData: false, autoAcceptAlerts: false, autoDismissAlerts: false, autoGrantPermissions: true, autoWebview: false, browserName: , commandTimeouts: 120000, desired: {app: C:\Users\Fariz Anjum\Deskto..., appActivity: .SplashActvity, appPackage: com.newsoftwares.folderlock_v1, autoGrantPermissions: true, browserName: , deviceName: SM-G950U, fullReset: false, noReset: true, platformName: Android, platformVersion: 9}, device.category: PHONE, device.majorVersion: 9, device.manufacture: Genymotion, device.model: Custom Phone, device.name: Custom Phone, device.os: Android, device.screenSize: 1080x2160, device.serialNumber: 192.168.79.105:5555, device.version: 9, deviceName: SM-G950U, deviceUDID: 192.168.79.105:5555, dontGoHomeOnQuit: false, dontStopAppOnReset: false, fullReset: false, install.only.for.update: false, installOnlyForUpdate: false, instrumentApp: false, javascriptEnabled: true, keystorePath: ~/.android/debug.keystore, locationServicesAuthorized: false, newSessionWaitTimeout: 600, noReset: true, platform: ANDROID, platformName: Android, platformVersion: 9, projectName: , reportDirectory: reports, reportFormat: xml, reportUrl: C:\Users\Fariz Anjum\appium..., reservationDuration: 240, takeScreenshots: true, test.type: Mobile, testName: mobile test 02/24/21 05:30 PM, udid: 192.168.79.105:5555, useKeystore: false, waitForDeviceTimeout: 120000}<br/>
Session ID: a1a7a9b7-84bc-441a-a32b-492519d1a50b<br/>
*** Element info: {Using=class name, value=android.widget.GridView}</b></a><br />
    <div class="stackTrace" id="exception-6">
              sun.reflect.NativeConstructorAccessorImpl.newInstance0(Native Method)<br />
              sun.reflect.NativeConstructorAccessorImpl.newInstance(NativeConstructorAccessorImpl.java:62)<br />
              sun.reflect.DelegatingConstructorAccessorImpl.newInstance(DelegatingConstructorAccessorImpl.java:45)<br />
              java.lang.reflect.Constructor.newInstance(Constructor.java:423)<br />
              org.openqa.selenium.remote.ErrorHandler.createThrowable(ErrorHandler.java:214)<br />
              org.openqa.selenium.remote.ErrorHandler.throwIfResponseFailed(ErrorHandler.java:166)<br />
              org.openqa.selenium.remote.http.JsonHttpResponseCodec.reconstructValue(JsonHttpResponseCodec.java:40)<br />
              org.openqa.selenium.remote.http.AbstractHttpResponseCodec.decode(AbstractHttpResponseCodec.java:80)<br />
              org.openqa.selenium.remote.http.AbstractHttpResponseCodec.decode(AbstractHttpResponseCodec.java:44)<br />
              org.openqa.selenium.remote.HttpCommandExecutor.execute(HttpCommandExecutor.java:158)<br />
              io.appium.java_client.remote.AppiumCommandExecutor.execute(AppiumCommandExecutor.java:247)<br />
              org.openqa.selenium.remote.RemoteWebDriver.execute(RemoteWebDriver.java:552)<br />
              io.appium.java_client.DefaultGenericMobileDriver.execute(DefaultGenericMobileDriver.java:41)<br />
              io.appium.java_client.AppiumDriver.execute(AppiumDriver.java:1)<br />
              io.appium.java_client.android.AndroidDriver.execute(AndroidDriver.java:1)<br />
              org.openqa.selenium.remote.RemoteWebDriver.findElement(RemoteWebDriver.java:323)<br />
              io.appium.java_client.DefaultGenericMobileDriver.findElement(DefaultGenericMobileDriver.java:61)<br />
              io.appium.java_client.AppiumDriver.findElement(AppiumDriver.java:1)<br />
              io.appium.java_client.android.AndroidDriver.findElement(AndroidDriver.java:1)<br />
              org.openqa.selenium.remote.RemoteWebDriver.findElementByClassName(RemoteWebDriver.java:412)<br />
              io.appium.java_client.DefaultGenericMobileDriver.findElementByClassName(DefaultGenericMobileDriver.java:125)<br />
              io.appium.java_client.AppiumDriver.findElementByClassName(AppiumDriver.java:1)<br />
              io.appium.java_client.android.AndroidDriver.findElementByClassName(AndroidDriver.java:1)<br />
              org.openqa.selenium.By$ByClassName.findElement(By.java:389)<br />
              org.openqa.selenium.remote.RemoteWebDriver.findElement(RemoteWebDriver.java:315)<br />
              io.appium.java_client.DefaultGenericMobileDriver.findElement(DefaultGenericMobileDriver.java:57)<br />
              io.appium.java_client.AppiumDriver.findElement(AppiumDriver.java:1)<br />
              io.appium.java_client.android.AndroidDriver.findElement(AndroidDriver.java:1)<br />
              org.openqa.selenium.support.pagefactory.DefaultElementLocator.findElement(DefaultElementLocator.java:69)<br />
              org.openqa.selenium.support.pagefactory.internal.LocatingElementHandler.invoke(LocatingElementHandler.java:38)<br />
              com.sun.proxy.$Proxy10.findElements(Unknown Source)<br />
              Pages.SelectMedia.countUploadedImages(SelectMedia.java:49)<br />
              test.PhotosSection.TestVerifyHidePhotos.Validate_All_ImagesUpladed(TestVerifyHidePhotos.java:47)<br />
              sun.reflect.NativeMethodAccessorImpl.invoke0(Native Method)<br />
              sun.reflect.NativeMethodAccessorImpl.invoke(NativeMethodAccessorImpl.java:62)<br />
              sun.reflect.DelegatingMethodAccessorImpl.invoke(DelegatingMethodAccessorImpl.java:43)<br />
              java.lang.reflect.Method.invoke(Method.java:498)<br />
              org.testng.internal.MethodInvocationHelper.invokeMethod(MethodInvocationHelper.java:132)<br />
              org.testng.internal.TestInvoker.invokeMethod(TestInvoker.java:599)<br />
              org.testng.internal.TestInvoker.invokeTestMethod(TestInvoker.java:174)<br />
              org.testng.internal.MethodRunner.runInSequence(MethodRunner.java:46)<br />
              org.testng.internal.TestInvoker$MethodInvocationAgent.invoke(TestInvoker.java:822)<br />
              org.testng.internal.TestInvoker.invokeTestMethods(TestInvoker.java:147)<br />
              org.testng.internal.TestMethodWorker.invokeTestMethods(TestMethodWorker.java:146)<br />
              org.testng.internal.TestMethodWorker.run(TestMethodWorker.java:128)<br />
              java.util.ArrayList.forEach(ArrayList.java:1249)<br />
              org.testng.TestRunner.privateRun(TestRunner.java:764)<br />
              org.testng.TestRunner.run(TestRunner.java:585)<br />
              org.testng.SuiteRunner.runTest(SuiteRunner.java:384)<br />
              org.testng.SuiteRunner.runSequentially(SuiteRunner.java:378)<br />
              org.testng.SuiteRunner.privateRun(SuiteRunner.java:337)<br />
              org.testng.SuiteRunner.run(SuiteRunner.java:286)<br />
              org.testng.SuiteRunnerWorker.runSuite(SuiteRunnerWorker.java:53)<br />
              org.testng.SuiteRunnerWorker.run(SuiteRunnerWorker.java:96)<br />
              org.testng.TestNG.runSuitesSequentially(TestNG.java:1218)<br />
              org.testng.TestNG.runSuitesLocally(TestNG.java:1140)<br />
              org.testng.TestNG.runSuites(TestNG.java:1069)<br />
              org.testng.TestNG.run(TestNG.java:1037)<br />
              org.testng.remote.AbstractRemoteTestNG.run(AbstractRemoteTestNG.java:115)<br />
              org.testng.remote.RemoteTestNG.initAndRun(RemoteTestNG.java:251)<br />
              org.testng.remote.RemoteTestNG.main(RemoteTestNG.java:77)<br />
                </div>
      </td>
</tr>
<tr>
  <td class="method">
                  Validate_CountImages
      </td>
  <td class="duration">
    1.170s
  </td>
  <td class="result">
        
    
            <div class="testOutput">
                        Click to see Screenshot
                                <a target="_blank" href=Wed_Feb_24_17_30_50_PKT_2021.jpg>Screenshot</a>
                                <br>
                                <br>
                                <a target="_blank" href=Wed_Feb_24_17_30_50_PKT_2021.jpg><img src=Wed_Feb_24_17_30_50_PKT_2021.jpg height=200 width=200></img></a>
                  </div>
    

        <a href="javascript:toggleElement('exception-7', 'block')" title="Click to expand/collapse"><b>org.openqa.selenium.NoSuchElementException: no such element (An element could not be located on the page using the given search parameters (CLASS_NAME=&apos;android.widget.GridView&apos;))&nbsp; (WARNING: The server did not provide any stacktrace information)<br/>
Command duration or timeout: 0 milliseconds<br/>
For documentation on this error, please visit: https://www.seleniumhq.org/exceptions/no_such_element.html<br/>
Build info: version: &apos;3.141.59&apos;, revision: &apos;e82be7d358&apos;, time: &apos;2018-11-14T08:17:03&apos;<br/>
System info: host: &apos;FARIZ-PC&apos;, ip: &apos;192.168.79.1&apos;, os.name: &apos;Windows 10&apos;, os.arch: &apos;x86&apos;, os.version: &apos;10.0&apos;, java.version: &apos;1.8.0_112&apos;<br/>
Driver info: io.appium.java_client.android.AndroidDriver<br/>
Capabilities {app: C:\Users\Fariz Anjum\Deskto..., appActivity: .SplashActvity, appBuildVersion: , appPackage: com.newsoftwares.folderlock_v1, appReleaseVersion: , appiumVersion: 1.8.0, applicationClearData: false, autoAcceptAlerts: false, autoDismissAlerts: false, autoGrantPermissions: true, autoWebview: false, browserName: , commandTimeouts: 120000, desired: {app: C:\Users\Fariz Anjum\Deskto..., appActivity: .SplashActvity, appPackage: com.newsoftwares.folderlock_v1, autoGrantPermissions: true, browserName: , deviceName: SM-G950U, fullReset: false, noReset: true, platformName: Android, platformVersion: 9}, device.category: PHONE, device.majorVersion: 9, device.manufacture: Genymotion, device.model: Custom Phone, device.name: Custom Phone, device.os: Android, device.screenSize: 1080x2160, device.serialNumber: 192.168.79.105:5555, device.version: 9, deviceName: SM-G950U, deviceUDID: 192.168.79.105:5555, dontGoHomeOnQuit: false, dontStopAppOnReset: false, fullReset: false, install.only.for.update: false, installOnlyForUpdate: false, instrumentApp: false, javascriptEnabled: true, keystorePath: ~/.android/debug.keystore, locationServicesAuthorized: false, newSessionWaitTimeout: 600, noReset: true, platform: ANDROID, platformName: Android, platformVersion: 9, projectName: , reportDirectory: reports, reportFormat: xml, reportUrl: C:\Users\Fariz Anjum\appium..., reservationDuration: 240, takeScreenshots: true, test.type: Mobile, testName: mobile test 02/24/21 05:30 PM, udid: 192.168.79.105:5555, useKeystore: false, waitForDeviceTimeout: 120000}<br/>
Session ID: a1a7a9b7-84bc-441a-a32b-492519d1a50b<br/>
*** Element info: {Using=class name, value=android.widget.GridView}</b></a><br />
    <div class="stackTrace" id="exception-7">
              sun.reflect.NativeConstructorAccessorImpl.newInstance0(Native Method)<br />
              sun.reflect.NativeConstructorAccessorImpl.newInstance(NativeConstructorAccessorImpl.java:62)<br />
              sun.reflect.DelegatingConstructorAccessorImpl.newInstance(DelegatingConstructorAccessorImpl.java:45)<br />
              java.lang.reflect.Constructor.newInstance(Constructor.java:423)<br />
              org.openqa.selenium.remote.ErrorHandler.createThrowable(ErrorHandler.java:214)<br />
              org.openqa.selenium.remote.ErrorHandler.throwIfResponseFailed(ErrorHandler.java:166)<br />
              org.openqa.selenium.remote.http.JsonHttpResponseCodec.reconstructValue(JsonHttpResponseCodec.java:40)<br />
              org.openqa.selenium.remote.http.AbstractHttpResponseCodec.decode(AbstractHttpResponseCodec.java:80)<br />
              org.openqa.selenium.remote.http.AbstractHttpResponseCodec.decode(AbstractHttpResponseCodec.java:44)<br />
              org.openqa.selenium.remote.HttpCommandExecutor.execute(HttpCommandExecutor.java:158)<br />
              io.appium.java_client.remote.AppiumCommandExecutor.execute(AppiumCommandExecutor.java:247)<br />
              org.openqa.selenium.remote.RemoteWebDriver.execute(RemoteWebDriver.java:552)<br />
              io.appium.java_client.DefaultGenericMobileDriver.execute(DefaultGenericMobileDriver.java:41)<br />
              io.appium.java_client.AppiumDriver.execute(AppiumDriver.java:1)<br />
              io.appium.java_client.android.AndroidDriver.execute(AndroidDriver.java:1)<br />
              org.openqa.selenium.remote.RemoteWebDriver.findElement(RemoteWebDriver.java:323)<br />
              io.appium.java_client.DefaultGenericMobileDriver.findElement(DefaultGenericMobileDriver.java:61)<br />
              io.appium.java_client.AppiumDriver.findElement(AppiumDriver.java:1)<br />
              io.appium.java_client.android.AndroidDriver.findElement(AndroidDriver.java:1)<br />
              org.openqa.selenium.remote.RemoteWebDriver.findElementByClassName(RemoteWebDriver.java:412)<br />
              io.appium.java_client.DefaultGenericMobileDriver.findElementByClassName(DefaultGenericMobileDriver.java:125)<br />
              io.appium.java_client.AppiumDriver.findElementByClassName(AppiumDriver.java:1)<br />
              io.appium.java_client.android.AndroidDriver.findElementByClassName(AndroidDriver.java:1)<br />
              org.openqa.selenium.By$ByClassName.findElement(By.java:389)<br />
              org.openqa.selenium.remote.RemoteWebDriver.findElement(RemoteWebDriver.java:315)<br />
              io.appium.java_client.DefaultGenericMobileDriver.findElement(DefaultGenericMobileDriver.java:57)<br />
              io.appium.java_client.AppiumDriver.findElement(AppiumDriver.java:1)<br />
              io.appium.java_client.android.AndroidDriver.findElement(AndroidDriver.java:1)<br />
              org.openqa.selenium.support.pagefactory.DefaultElementLocator.findElement(DefaultElementLocator.java:69)<br />
              org.openqa.selenium.support.pagefactory.internal.LocatingElementHandler.invoke(LocatingElementHandler.java:38)<br />
              com.sun.proxy.$Proxy10.findElements(Unknown Source)<br />
              Pages.SelectMedia.coutLibraryImages(SelectMedia.java:32)<br />
              test.PhotosSection.TestVerifyHidePhotos.Validate_CountImages(TestVerifyHidePhotos.java:22)<br />
              sun.reflect.NativeMethodAccessorImpl.invoke0(Native Method)<br />
              sun.reflect.NativeMethodAccessorImpl.invoke(NativeMethodAccessorImpl.java:62)<br />
              sun.reflect.DelegatingMethodAccessorImpl.invoke(DelegatingMethodAccessorImpl.java:43)<br />
              java.lang.reflect.Method.invoke(Method.java:498)<br />
              org.testng.internal.MethodInvocationHelper.invokeMethod(MethodInvocationHelper.java:132)<br />
              org.testng.internal.TestInvoker.invokeMethod(TestInvoker.java:599)<br />
              org.testng.internal.TestInvoker.invokeTestMethod(TestInvoker.java:174)<br />
              org.testng.internal.MethodRunner.runInSequence(MethodRunner.java:46)<br />
              org.testng.internal.TestInvoker$MethodInvocationAgent.invoke(TestInvoker.java:822)<br />
              org.testng.internal.TestInvoker.invokeTestMethods(TestInvoker.java:147)<br />
              org.testng.internal.TestMethodWorker.invokeTestMethods(TestMethodWorker.java:146)<br />
              org.testng.internal.TestMethodWorker.run(TestMethodWorker.java:128)<br />
              java.util.ArrayList.forEach(ArrayList.java:1249)<br />
              org.testng.TestRunner.privateRun(TestRunner.java:764)<br />
              org.testng.TestRunner.run(TestRunner.java:585)<br />
              org.testng.SuiteRunner.runTest(SuiteRunner.java:384)<br />
              org.testng.SuiteRunner.runSequentially(SuiteRunner.java:378)<br />
              org.testng.SuiteRunner.privateRun(SuiteRunner.java:337)<br />
              org.testng.SuiteRunner.run(SuiteRunner.java:286)<br />
              org.testng.SuiteRunnerWorker.runSuite(SuiteRunnerWorker.java:53)<br />
              org.testng.SuiteRunnerWorker.run(SuiteRunnerWorker.java:96)<br />
              org.testng.TestNG.runSuitesSequentially(TestNG.java:1218)<br />
              org.testng.TestNG.runSuitesLocally(TestNG.java:1140)<br />
              org.testng.TestNG.runSuites(TestNG.java:1069)<br />
              org.testng.TestNG.run(TestNG.java:1037)<br />
              org.testng.remote.AbstractRemoteTestNG.run(AbstractRemoteTestNG.java:115)<br />
              org.testng.remote.RemoteTestNG.initAndRun(RemoteTestNG.java:251)<br />
              org.testng.remote.RemoteTestNG.main(RemoteTestNG.java:77)<br />
                </div>
      </td>
</tr>
<tr>
  <td class="method">
                  Validate_ImagesSelected
      </td>
  <td class="duration">
    1.166s
  </td>
  <td class="result">
        
    
            <div class="testOutput">
                        Click to see Screenshot
                                <a target="_blank" href=Wed_Feb_24_17_30_52_PKT_2021.jpg>Screenshot</a>
                                <br>
                                <br>
                                <a target="_blank" href=Wed_Feb_24_17_30_52_PKT_2021.jpg><img src=Wed_Feb_24_17_30_52_PKT_2021.jpg height=200 width=200></img></a>
                  </div>
    

        <a href="javascript:toggleElement('exception-8', 'block')" title="Click to expand/collapse"><b>org.openqa.selenium.NoSuchElementException: no such element (An element could not be located on the page using the given search parameters (CLASS_NAME=&apos;android.widget.GridView&apos;))&nbsp; (WARNING: The server did not provide any stacktrace information)<br/>
Command duration or timeout: 0 milliseconds<br/>
For documentation on this error, please visit: https://www.seleniumhq.org/exceptions/no_such_element.html<br/>
Build info: version: &apos;3.141.59&apos;, revision: &apos;e82be7d358&apos;, time: &apos;2018-11-14T08:17:03&apos;<br/>
System info: host: &apos;FARIZ-PC&apos;, ip: &apos;192.168.79.1&apos;, os.name: &apos;Windows 10&apos;, os.arch: &apos;x86&apos;, os.version: &apos;10.0&apos;, java.version: &apos;1.8.0_112&apos;<br/>
Driver info: io.appium.java_client.android.AndroidDriver<br/>
Capabilities {app: C:\Users\Fariz Anjum\Deskto..., appActivity: .SplashActvity, appBuildVersion: , appPackage: com.newsoftwares.folderlock_v1, appReleaseVersion: , appiumVersion: 1.8.0, applicationClearData: false, autoAcceptAlerts: false, autoDismissAlerts: false, autoGrantPermissions: true, autoWebview: false, browserName: , commandTimeouts: 120000, desired: {app: C:\Users\Fariz Anjum\Deskto..., appActivity: .SplashActvity, appPackage: com.newsoftwares.folderlock_v1, autoGrantPermissions: true, browserName: , deviceName: SM-G950U, fullReset: false, noReset: true, platformName: Android, platformVersion: 9}, device.category: PHONE, device.majorVersion: 9, device.manufacture: Genymotion, device.model: Custom Phone, device.name: Custom Phone, device.os: Android, device.screenSize: 1080x2160, device.serialNumber: 192.168.79.105:5555, device.version: 9, deviceName: SM-G950U, deviceUDID: 192.168.79.105:5555, dontGoHomeOnQuit: false, dontStopAppOnReset: false, fullReset: false, install.only.for.update: false, installOnlyForUpdate: false, instrumentApp: false, javascriptEnabled: true, keystorePath: ~/.android/debug.keystore, locationServicesAuthorized: false, newSessionWaitTimeout: 600, noReset: true, platform: ANDROID, platformName: Android, platformVersion: 9, projectName: , reportDirectory: reports, reportFormat: xml, reportUrl: C:\Users\Fariz Anjum\appium..., reservationDuration: 240, takeScreenshots: true, test.type: Mobile, testName: mobile test 02/24/21 05:30 PM, udid: 192.168.79.105:5555, useKeystore: false, waitForDeviceTimeout: 120000}<br/>
Session ID: a1a7a9b7-84bc-441a-a32b-492519d1a50b<br/>
*** Element info: {Using=class name, value=android.widget.GridView}</b></a><br />
    <div class="stackTrace" id="exception-8">
              sun.reflect.NativeConstructorAccessorImpl.newInstance0(Native Method)<br />
              sun.reflect.NativeConstructorAccessorImpl.newInstance(NativeConstructorAccessorImpl.java:62)<br />
              sun.reflect.DelegatingConstructorAccessorImpl.newInstance(DelegatingConstructorAccessorImpl.java:45)<br />
              java.lang.reflect.Constructor.newInstance(Constructor.java:423)<br />
              org.openqa.selenium.remote.ErrorHandler.createThrowable(ErrorHandler.java:214)<br />
              org.openqa.selenium.remote.ErrorHandler.throwIfResponseFailed(ErrorHandler.java:166)<br />
              org.openqa.selenium.remote.http.JsonHttpResponseCodec.reconstructValue(JsonHttpResponseCodec.java:40)<br />
              org.openqa.selenium.remote.http.AbstractHttpResponseCodec.decode(AbstractHttpResponseCodec.java:80)<br />
              org.openqa.selenium.remote.http.AbstractHttpResponseCodec.decode(AbstractHttpResponseCodec.java:44)<br />
              org.openqa.selenium.remote.HttpCommandExecutor.execute(HttpCommandExecutor.java:158)<br />
              io.appium.java_client.remote.AppiumCommandExecutor.execute(AppiumCommandExecutor.java:247)<br />
              org.openqa.selenium.remote.RemoteWebDriver.execute(RemoteWebDriver.java:552)<br />
              io.appium.java_client.DefaultGenericMobileDriver.execute(DefaultGenericMobileDriver.java:41)<br />
              io.appium.java_client.AppiumDriver.execute(AppiumDriver.java:1)<br />
              io.appium.java_client.android.AndroidDriver.execute(AndroidDriver.java:1)<br />
              org.openqa.selenium.remote.RemoteWebDriver.findElement(RemoteWebDriver.java:323)<br />
              io.appium.java_client.DefaultGenericMobileDriver.findElement(DefaultGenericMobileDriver.java:61)<br />
              io.appium.java_client.AppiumDriver.findElement(AppiumDriver.java:1)<br />
              io.appium.java_client.android.AndroidDriver.findElement(AndroidDriver.java:1)<br />
              org.openqa.selenium.remote.RemoteWebDriver.findElementByClassName(RemoteWebDriver.java:412)<br />
              io.appium.java_client.DefaultGenericMobileDriver.findElementByClassName(DefaultGenericMobileDriver.java:125)<br />
              io.appium.java_client.AppiumDriver.findElementByClassName(AppiumDriver.java:1)<br />
              io.appium.java_client.android.AndroidDriver.findElementByClassName(AndroidDriver.java:1)<br />
              org.openqa.selenium.By$ByClassName.findElement(By.java:389)<br />
              org.openqa.selenium.remote.RemoteWebDriver.findElement(RemoteWebDriver.java:315)<br />
              io.appium.java_client.DefaultGenericMobileDriver.findElement(DefaultGenericMobileDriver.java:57)<br />
              io.appium.java_client.AppiumDriver.findElement(AppiumDriver.java:1)<br />
              io.appium.java_client.android.AndroidDriver.findElement(AndroidDriver.java:1)<br />
              org.openqa.selenium.support.pagefactory.DefaultElementLocator.findElement(DefaultElementLocator.java:69)<br />
              org.openqa.selenium.support.pagefactory.internal.LocatingElementHandler.invoke(LocatingElementHandler.java:38)<br />
              com.sun.proxy.$Proxy10.findElements(Unknown Source)<br />
              Pages.SelectMedia.selectImages(SelectMedia.java:41)<br />
              test.PhotosSection.TestVerifyHidePhotos.Validate_ImagesSelected(TestVerifyHidePhotos.java:33)<br />
              sun.reflect.NativeMethodAccessorImpl.invoke0(Native Method)<br />
              sun.reflect.NativeMethodAccessorImpl.invoke(NativeMethodAccessorImpl.java:62)<br />
              sun.reflect.DelegatingMethodAccessorImpl.invoke(DelegatingMethodAccessorImpl.java:43)<br />
              java.lang.reflect.Method.invoke(Method.java:498)<br />
              org.testng.internal.MethodInvocationHelper.invokeMethod(MethodInvocationHelper.java:132)<br />
              org.testng.internal.TestInvoker.invokeMethod(TestInvoker.java:599)<br />
              org.testng.internal.TestInvoker.invokeTestMethod(TestInvoker.java:174)<br />
              org.testng.internal.MethodRunner.runInSequence(MethodRunner.java:46)<br />
              org.testng.internal.TestInvoker$MethodInvocationAgent.invoke(TestInvoker.java:822)<br />
              org.testng.internal.TestInvoker.invokeTestMethods(TestInvoker.java:147)<br />
              org.testng.internal.TestMethodWorker.invokeTestMethods(TestMethodWorker.java:146)<br />
              org.testng.internal.TestMethodWorker.run(TestMethodWorker.java:128)<br />
              java.util.ArrayList.forEach(ArrayList.java:1249)<br />
              org.testng.TestRunner.privateRun(TestRunner.java:764)<br />
              org.testng.TestRunner.run(TestRunner.java:585)<br />
              org.testng.SuiteRunner.runTest(SuiteRunner.java:384)<br />
              org.testng.SuiteRunner.runSequentially(SuiteRunner.java:378)<br />
              org.testng.SuiteRunner.privateRun(SuiteRunner.java:337)<br />
              org.testng.SuiteRunner.run(SuiteRunner.java:286)<br />
              org.testng.SuiteRunnerWorker.runSuite(SuiteRunnerWorker.java:53)<br />
              org.testng.SuiteRunnerWorker.run(SuiteRunnerWorker.java:96)<br />
              org.testng.TestNG.runSuitesSequentially(TestNG.java:1218)<br />
              org.testng.TestNG.runSuitesLocally(TestNG.java:1140)<br />
              org.testng.TestNG.runSuites(TestNG.java:1069)<br />
              org.testng.TestNG.run(TestNG.java:1037)<br />
              org.testng.remote.AbstractRemoteTestNG.run(AbstractRemoteTestNG.java:115)<br />
              org.testng.remote.RemoteTestNG.initAndRun(RemoteTestNG.java:251)<br />
              org.testng.remote.RemoteTestNG.main(RemoteTestNG.java:77)<br />
                </div>
      </td>
</tr>
      </table>

  <table class="resultsTable" width="100%">
    <tr><th colspan="3" class="header skipped">Skipped Tests</th></tr>
          <tr>
        <td colspan="3" class="group">test.PhotosSection.TestOpenGallery</td>
      </tr>
            
<tr>
  <td class="method">
                  validate_ImageFolder_Open
      </td>
  <td class="duration">
    0.000s
  </td>
  <td class="result">
                             <i>Depends on method(s): </i>
        <span class="dependency">test.PhotosSection.TestOpenGallery.validate_ImagesFoundOnDevice</span>
                
    
        

      </td>
</tr>
      </table>

  <table class="resultsTable">
    <tr><th colspan="3" class="header passed">Passed Tests</th></tr>
          <tr>
        <td colspan="3" class="group">test.PhotosSection.TestBackButton</td>
      </tr>
            
<tr>
  <td class="method">
                  pressBackButton
      </td>
  <td class="duration">
    2.541s
  </td>
  <td class="result">
        
    
            <div class="testOutput">
                        Press back button two time to go back main screen
                  </div>
    

      </td>
</tr>
          <tr>
        <td colspan="3" class="group">test.PhotosSection.TestCreateNewAlbum</td>
      </tr>
            
<tr>
  <td class="method">
                  validate_FolderIsOpen
      </td>
  <td class="duration">
    2.009s
  </td>
  <td class="result">
        
    
            <div class="testOutput">
                        Folder Open succesfully
                  </div>
    

      </td>
</tr>
<tr>
  <td class="method">
                  validate_FolderTitle_correct
      </td>
  <td class="duration">
    2.430s
  </td>
  <td class="result">
        
    
            <div class="testOutput">
                        'AutoCreate' title same as expected
                  </div>
    

      </td>
</tr>
<tr>
  <td class="method">
                  validate_NewFolderCreated
      </td>
  <td class="duration">
    4.223s
  </td>
  <td class="result">
        
    
            <div class="testOutput">
                        'AutoCreate' Folder created successfully
                  </div>
    

      </td>
</tr>
          <tr>
        <td colspan="3" class="group">test.PhotosSection.TestEditAlbum</td>
      </tr>
            
<tr>
  <td class="method">
                  clickOnEditAlbum
      </td>
  <td class="duration">
    1.420s
  </td>
  <td class="result">
        
    
            <div class="testOutput">
                        Edit Album button working
                  </div>
    

      </td>
</tr>
<tr>
  <td class="method">
                  validate_NewFolderCreated
      </td>
  <td class="duration">
    4.106s
  </td>
  <td class="result">
        
    
            <div class="testOutput">
                        'AutoCreate' Folder created successfully
                  </div>
    

      </td>
</tr>
<tr>
  <td class="method">
                  varify_AlbumDeleteWorking
      </td>
  <td class="duration">
    4.070s
  </td>
  <td class="result">
        
    
            <div class="testOutput">
                        Album Delete button Working
                  </div>
    

      </td>
</tr>
<tr>
  <td class="method">
                  varify_AlbumRenameWorking
      </td>
  <td class="duration">
    4.121s
  </td>
  <td class="result">
        
    
            <div class="testOutput">
                        Album Rename working
                  </div>
    

      </td>
</tr>
          <tr>
        <td colspan="3" class="group">test.PhotosSection.TestLoginWithPin</td>
      </tr>
            
<tr>
  <td class="method">
                  validate_DashboardApear_Correct
      </td>
  <td class="duration">
    0.464s
  </td>
  <td class="result">
        
    
            <div class="testOutput">
                        Dashoard Title 'Folder Lock' is correct
                  </div>
    

      </td>
</tr>
<tr>
  <td class="method">
                  validate_ratingPopUpSkiped
      </td>
  <td class="duration">
    1.195s
  </td>
  <td class="result">
        
    
            <div class="testOutput">
                        Rating PopUp does't appear
                  </div>
    

      </td>
</tr>
          <tr>
        <td colspan="3" class="group">test.PhotosSection.TestOpenGallery</td>
      </tr>
            
<tr>
  <td class="method">
                  validate_GalleryTitle_Correct
      </td>
  <td class="duration">
    1.143s
  </td>
  <td class="result">
        
    
            <div class="testOutput">
                        Open Gallery Title of image Library is correct
                  </div>
    

      </td>
</tr>
<tr>
  <td class="method">
                  validate_ImportFromGalleryBtn_Working
      </td>
  <td class="duration">
    1.434s
  </td>
  <td class="result">
        
    
            <div class="testOutput">
                        import From gallery working
                  </div>
    

      </td>
</tr>
<tr>
  <td class="method">
                  validate_PlusButton_Working
      </td>
  <td class="duration">
    0.498s
  </td>
  <td class="result">
        
    
            <div class="testOutput">
                        Import Plus Button Working fine
                  </div>
    

      </td>
</tr>
          <tr>
        <td colspan="3" class="group">test.PhotosSection.TestOpenPhotos</td>
      </tr>
            
<tr>
  <td class="method">
                  validate_ClickOnPhotosSection
      </td>
  <td class="duration">
    0.515s
  </td>
  <td class="result">
        
    
            <div class="testOutput">
                        Photos Section open succesfully
                  </div>
    

      </td>
</tr>
<tr>
  <td class="method">
                  validate_PhotosPageTitle_correct
      </td>
  <td class="duration">
    1.021s
  </td>
  <td class="result">
        
    
            <div class="testOutput">
                        Title Equal as per Expected
                  </div>
    

      </td>
</tr>
<tr>
  <td class="method">
                  validate_TutorialPopUpSkipped
      </td>
  <td class="duration">
    4.307s
  </td>
  <td class="result">
        
    
            <div class="testOutput">
                        Tutorial Popup Skipped
                  </div>
    

      </td>
</tr>
          <tr>
        <td colspan="3" class="group">test.PhotosSection.TestVerifyHidePhotos</td>
      </tr>
            
<tr>
  <td class="method">
                  Validate_HideButton_working
      </td>
  <td class="duration">
    0.369s
  </td>
  <td class="result">
        
    
            <div class="testOutput">
                        Hide buttton working
                  </div>
    

      </td>
</tr>
      </table>
  
</body>
</html>
